CRITICAL - 2020-11-27 09:02:02 --> Invalid file: Checkout.php
#0 /home/vol9_2/0fees.us/0fe_17910247/ecommerce.is-great.org/htdocs/system/View/View.php(228): CodeIgniter\Exceptions\FrameworkException::forInvalidFile('Checkout.php')
#1 /home/vol9_2/0fees.us/0fe_17910247/ecommerce.is-great.org/htdocs/system/Common.php(1119): CodeIgniter\View\View->render('Checkout', Array, true)
#2 /home/vol9_2/0fees.us/0fe_17910247/ecommerce.is-great.org/htdocs/app/Controllers/Checkout.php(42): view('Checkout')
#3 /home/vol9_2/0fees.us/0fe_17910247/ecommerce.is-great.org/htdocs/system/CodeIgniter.php(918): App\Controllers\Checkout->index()
#4 /home/vol9_2/0fees.us/0fe_17910247/ecommerce.is-great.org/htdocs/system/CodeIgniter.php(404): CodeIgniter\CodeIgniter->runController(Object(App\Controllers\Checkout))
#5 /home/vol9_2/0fees.us/0fe_17910247/ecommerce.is-great.org/htdocs/system/CodeIgniter.php(312): CodeIgniter\CodeIgniter->handleRequest(NULL, Object(Config\Cache), false)
#6 /home/vol9_2/0fees.us/0fe_17910247/ecommerce.is-great.org/htdocs/public/index.php(45): CodeIgniter\CodeIgniter->run()
#7 {main}
CRITICAL - 2020-11-27 09:02:06 --> Invalid file: Checkout.php
#0 /home/vol9_2/0fees.us/0fe_17910247/ecommerce.is-great.org/htdocs/system/View/View.php(228): CodeIgniter\Exceptions\FrameworkException::forInvalidFile('Checkout.php')
#1 /home/vol9_2/0fees.us/0fe_17910247/ecommerce.is-great.org/htdocs/system/Common.php(1119): CodeIgniter\View\View->render('Checkout', Array, true)
#2 /home/vol9_2/0fees.us/0fe_17910247/ecommerce.is-great.org/htdocs/app/Controllers/Checkout.php(42): view('Checkout')
#3 /home/vol9_2/0fees.us/0fe_17910247/ecommerce.is-great.org/htdocs/system/CodeIgniter.php(918): App\Controllers\Checkout->index()
#4 /home/vol9_2/0fees.us/0fe_17910247/ecommerce.is-great.org/htdocs/system/CodeIgniter.php(404): CodeIgniter\CodeIgniter->runController(Object(App\Controllers\Checkout))
#5 /home/vol9_2/0fees.us/0fe_17910247/ecommerce.is-great.org/htdocs/system/CodeIgniter.php(312): CodeIgniter\CodeIgniter->handleRequest(NULL, Object(Config\Cache), false)
#6 /home/vol9_2/0fees.us/0fe_17910247/ecommerce.is-great.org/htdocs/public/index.php(45): CodeIgniter\CodeIgniter->run()
#7 {main}
CRITICAL - 2020-11-27 09:02:11 --> Invalid file: Checkout.php
#0 /home/vol9_2/0fees.us/0fe_17910247/ecommerce.is-great.org/htdocs/system/View/View.php(228): CodeIgniter\Exceptions\FrameworkException::forInvalidFile('Checkout.php')
#1 /home/vol9_2/0fees.us/0fe_17910247/ecommerce.is-great.org/htdocs/system/Common.php(1119): CodeIgniter\View\View->render('Checkout', Array, true)
#2 /home/vol9_2/0fees.us/0fe_17910247/ecommerce.is-great.org/htdocs/app/Controllers/Checkout.php(42): view('Checkout')
#3 /home/vol9_2/0fees.us/0fe_17910247/ecommerce.is-great.org/htdocs/system/CodeIgniter.php(918): App\Controllers\Checkout->index()
#4 /home/vol9_2/0fees.us/0fe_17910247/ecommerce.is-great.org/htdocs/system/CodeIgniter.php(404): CodeIgniter\CodeIgniter->runController(Object(App\Controllers\Checkout))
#5 /home/vol9_2/0fees.us/0fe_17910247/ecommerce.is-great.org/htdocs/system/CodeIgniter.php(312): CodeIgniter\CodeIgniter->handleRequest(NULL, Object(Config\Cache), false)
#6 /home/vol9_2/0fees.us/0fe_17910247/ecommerce.is-great.org/htdocs/public/index.php(45): CodeIgniter\CodeIgniter->run()
#7 {main}
CRITICAL - 2020-11-27 09:04:30 --> Invalid file: Checkout.php
#0 /home/vol9_2/0fees.us/0fe_17910247/ecommerce.is-great.org/htdocs/system/View/View.php(228): CodeIgniter\Exceptions\FrameworkException::forInvalidFile('Checkout.php')
#1 /home/vol9_2/0fees.us/0fe_17910247/ecommerce.is-great.org/htdocs/system/Common.php(1119): CodeIgniter\View\View->render('Checkout', Array, true)
#2 /home/vol9_2/0fees.us/0fe_17910247/ecommerce.is-great.org/htdocs/app/Controllers/Checkout.php(42): view('Checkout')
#3 /home/vol9_2/0fees.us/0fe_17910247/ecommerce.is-great.org/htdocs/system/CodeIgniter.php(918): App\Controllers\Checkout->index()
#4 /home/vol9_2/0fees.us/0fe_17910247/ecommerce.is-great.org/htdocs/system/CodeIgniter.php(404): CodeIgniter\CodeIgniter->runController(Object(App\Controllers\Checkout))
#5 /home/vol9_2/0fees.us/0fe_17910247/ecommerce.is-great.org/htdocs/system/CodeIgniter.php(312): CodeIgniter\CodeIgniter->handleRequest(NULL, Object(Config\Cache), false)
#6 /home/vol9_2/0fees.us/0fe_17910247/ecommerce.is-great.org/htdocs/public/index.php(45): CodeIgniter\CodeIgniter->run()
#7 {main}
CRITICAL - 2020-11-27 09:04:37 --> Invalid file: Checkout.php
#0 /home/vol9_2/0fees.us/0fe_17910247/ecommerce.is-great.org/htdocs/system/View/View.php(228): CodeIgniter\Exceptions\FrameworkException::forInvalidFile('Checkout.php')
#1 /home/vol9_2/0fees.us/0fe_17910247/ecommerce.is-great.org/htdocs/system/Common.php(1119): CodeIgniter\View\View->render('Checkout', Array, true)
#2 /home/vol9_2/0fees.us/0fe_17910247/ecommerce.is-great.org/htdocs/app/Controllers/Checkout.php(42): view('Checkout')
#3 /home/vol9_2/0fees.us/0fe_17910247/ecommerce.is-great.org/htdocs/system/CodeIgniter.php(918): App\Controllers\Checkout->index()
#4 /home/vol9_2/0fees.us/0fe_17910247/ecommerce.is-great.org/htdocs/system/CodeIgniter.php(404): CodeIgniter\CodeIgniter->runController(Object(App\Controllers\Checkout))
#5 /home/vol9_2/0fees.us/0fe_17910247/ecommerce.is-great.org/htdocs/system/CodeIgniter.php(312): CodeIgniter\CodeIgniter->handleRequest(NULL, Object(Config\Cache), false)
#6 /home/vol9_2/0fees.us/0fe_17910247/ecommerce.is-great.org/htdocs/public/index.php(45): CodeIgniter\CodeIgniter->run()
#7 {main}
CRITICAL - 2020-11-27 09:04:41 --> Invalid file: Contact.php
#0 /home/vol9_2/0fees.us/0fe_17910247/ecommerce.is-great.org/htdocs/system/View/View.php(228): CodeIgniter\Exceptions\FrameworkException::forInvalidFile('Contact.php')
#1 /home/vol9_2/0fees.us/0fe_17910247/ecommerce.is-great.org/htdocs/system/Common.php(1119): CodeIgniter\View\View->render('Contact', Array, true)
#2 /home/vol9_2/0fees.us/0fe_17910247/ecommerce.is-great.org/htdocs/app/Controllers/Contact.php(7): view('Contact')
#3 /home/vol9_2/0fees.us/0fe_17910247/ecommerce.is-great.org/htdocs/system/CodeIgniter.php(918): App\Controllers\Contact->index()
#4 /home/vol9_2/0fees.us/0fe_17910247/ecommerce.is-great.org/htdocs/system/CodeIgniter.php(404): CodeIgniter\CodeIgniter->runController(Object(App\Controllers\Contact))
#5 /home/vol9_2/0fees.us/0fe_17910247/ecommerce.is-great.org/htdocs/system/CodeIgniter.php(312): CodeIgniter\CodeIgniter->handleRequest(NULL, Object(Config\Cache), false)
#6 /home/vol9_2/0fees.us/0fe_17910247/ecommerce.is-great.org/htdocs/public/index.php(45): CodeIgniter\CodeIgniter->run()
#7 {main}
CRITICAL - 2020-11-27 09:07:20 --> Invalid file: Checkout.php
#0 /home/vol9_2/0fees.us/0fe_17910247/ecommerce.is-great.org/htdocs/system/View/View.php(228): CodeIgniter\Exceptions\FrameworkException::forInvalidFile('Checkout.php')
#1 /home/vol9_2/0fees.us/0fe_17910247/ecommerce.is-great.org/htdocs/system/Common.php(1119): CodeIgniter\View\View->render('Checkout', Array, true)
#2 /home/vol9_2/0fees.us/0fe_17910247/ecommerce.is-great.org/htdocs/app/Controllers/Checkout.php(42): view('Checkout')
#3 /home/vol9_2/0fees.us/0fe_17910247/ecommerce.is-great.org/htdocs/system/CodeIgniter.php(918): App\Controllers\Checkout->index()
#4 /home/vol9_2/0fees.us/0fe_17910247/ecommerce.is-great.org/htdocs/system/CodeIgniter.php(404): CodeIgniter\CodeIgniter->runController(Object(App\Controllers\Checkout))
#5 /home/vol9_2/0fees.us/0fe_17910247/ecommerce.is-great.org/htdocs/system/CodeIgniter.php(312): CodeIgniter\CodeIgniter->handleRequest(NULL, Object(Config\Cache), false)
#6 /home/vol9_2/0fees.us/0fe_17910247/ecommerce.is-great.org/htdocs/public/index.php(45): CodeIgniter\CodeIgniter->run()
#7 {main}
CRITICAL - 2020-11-27 09:09:07 --> Invalid file: Checkout.php
#0 /home/vol9_2/0fees.us/0fe_17910247/ecommerce.is-great.org/htdocs/system/View/View.php(228): CodeIgniter\Exceptions\FrameworkException::forInvalidFile('Checkout.php')
#1 /home/vol9_2/0fees.us/0fe_17910247/ecommerce.is-great.org/htdocs/system/Common.php(1119): CodeIgniter\View\View->render('Checkout', Array, true)
#2 /home/vol9_2/0fees.us/0fe_17910247/ecommerce.is-great.org/htdocs/app/Controllers/Checkout.php(42): view('Checkout')
#3 /home/vol9_2/0fees.us/0fe_17910247/ecommerce.is-great.org/htdocs/system/CodeIgniter.php(918): App\Controllers\Checkout->index()
#4 /home/vol9_2/0fees.us/0fe_17910247/ecommerce.is-great.org/htdocs/system/CodeIgniter.php(404): CodeIgniter\CodeIgniter->runController(Object(App\Controllers\Checkout))
#5 /home/vol9_2/0fees.us/0fe_17910247/ecommerce.is-great.org/htdocs/system/CodeIgniter.php(312): CodeIgniter\CodeIgniter->handleRequest(NULL, Object(Config\Cache), false)
#6 /home/vol9_2/0fees.us/0fe_17910247/ecommerce.is-great.org/htdocs/public/index.php(45): CodeIgniter\CodeIgniter->run()
#7 {main}
CRITICAL - 2020-11-27 09:12:12 --> Invalid file: Checkout.php
#0 /home/vol9_2/0fees.us/0fe_17910247/ecommerce.is-great.org/htdocs/system/View/View.php(228): CodeIgniter\Exceptions\FrameworkException::forInvalidFile('Checkout.php')
#1 /home/vol9_2/0fees.us/0fe_17910247/ecommerce.is-great.org/htdocs/system/Common.php(1119): CodeIgniter\View\View->render('Checkout', Array, true)
#2 /home/vol9_2/0fees.us/0fe_17910247/ecommerce.is-great.org/htdocs/app/Controllers/Checkout.php(42): view('Checkout')
#3 /home/vol9_2/0fees.us/0fe_17910247/ecommerce.is-great.org/htdocs/system/CodeIgniter.php(918): App\Controllers\Checkout->index()
#4 /home/vol9_2/0fees.us/0fe_17910247/ecommerce.is-great.org/htdocs/system/CodeIgniter.php(404): CodeIgniter\CodeIgniter->runController(Object(App\Controllers\Checkout))
#5 /home/vol9_2/0fees.us/0fe_17910247/ecommerce.is-great.org/htdocs/system/CodeIgniter.php(312): CodeIgniter\CodeIgniter->handleRequest(NULL, Object(Config\Cache), false)
#6 /home/vol9_2/0fees.us/0fe_17910247/ecommerce.is-great.org/htdocs/public/index.php(45): CodeIgniter\CodeIgniter->run()
#7 {main}
CRITICAL - 2020-11-27 09:12:16 --> Invalid file: Contact.php
#0 /home/vol9_2/0fees.us/0fe_17910247/ecommerce.is-great.org/htdocs/system/View/View.php(228): CodeIgniter\Exceptions\FrameworkException::forInvalidFile('Contact.php')
#1 /home/vol9_2/0fees.us/0fe_17910247/ecommerce.is-great.org/htdocs/system/Common.php(1119): CodeIgniter\View\View->render('Contact', Array, true)
#2 /home/vol9_2/0fees.us/0fe_17910247/ecommerce.is-great.org/htdocs/app/Controllers/Contact.php(7): view('Contact')
#3 /home/vol9_2/0fees.us/0fe_17910247/ecommerce.is-great.org/htdocs/system/CodeIgniter.php(918): App\Controllers\Contact->index()
#4 /home/vol9_2/0fees.us/0fe_17910247/ecommerce.is-great.org/htdocs/system/CodeIgniter.php(404): CodeIgniter\CodeIgniter->runController(Object(App\Controllers\Contact))
#5 /home/vol9_2/0fees.us/0fe_17910247/ecommerce.is-great.org/htdocs/system/CodeIgniter.php(312): CodeIgniter\CodeIgniter->handleRequest(NULL, Object(Config\Cache), false)
#6 /home/vol9_2/0fees.us/0fe_17910247/ecommerce.is-great.org/htdocs/public/index.php(45): CodeIgniter\CodeIgniter->run()
#7 {main}
CRITICAL - 2020-11-27 09:16:55 --> Invalid file: Checkout.php
#0 /home/vol9_2/0fees.us/0fe_17910247/ecommerce.is-great.org/htdocs/system/View/View.php(228): CodeIgniter\Exceptions\FrameworkException::forInvalidFile('Checkout.php')
#1 /home/vol9_2/0fees.us/0fe_17910247/ecommerce.is-great.org/htdocs/system/Common.php(1119): CodeIgniter\View\View->render('Checkout', Array, true)
#2 /home/vol9_2/0fees.us/0fe_17910247/ecommerce.is-great.org/htdocs/app/Controllers/Checkout.php(42): view('Checkout')
#3 /home/vol9_2/0fees.us/0fe_17910247/ecommerce.is-great.org/htdocs/system/CodeIgniter.php(918): App\Controllers\Checkout->index()
#4 /home/vol9_2/0fees.us/0fe_17910247/ecommerce.is-great.org/htdocs/system/CodeIgniter.php(404): CodeIgniter\CodeIgniter->runController(Object(App\Controllers\Checkout))
#5 /home/vol9_2/0fees.us/0fe_17910247/ecommerce.is-great.org/htdocs/system/CodeIgniter.php(312): CodeIgniter\CodeIgniter->handleRequest(NULL, Object(Config\Cache), false)
#6 /home/vol9_2/0fees.us/0fe_17910247/ecommerce.is-great.org/htdocs/public/index.php(45): CodeIgniter\CodeIgniter->run()
#7 {main}
CRITICAL - 2020-11-27 09:17:10 --> Invalid file: Checkout.php
#0 /home/vol9_2/0fees.us/0fe_17910247/ecommerce.is-great.org/htdocs/system/View/View.php(228): CodeIgniter\Exceptions\FrameworkException::forInvalidFile('Checkout.php')
#1 /home/vol9_2/0fees.us/0fe_17910247/ecommerce.is-great.org/htdocs/system/Common.php(1119): CodeIgniter\View\View->render('Checkout', Array, true)
#2 /home/vol9_2/0fees.us/0fe_17910247/ecommerce.is-great.org/htdocs/app/Controllers/Checkout.php(42): view('Checkout')
#3 /home/vol9_2/0fees.us/0fe_17910247/ecommerce.is-great.org/htdocs/system/CodeIgniter.php(918): App\Controllers\Checkout->index()
#4 /home/vol9_2/0fees.us/0fe_17910247/ecommerce.is-great.org/htdocs/system/CodeIgniter.php(404): CodeIgniter\CodeIgniter->runController(Object(App\Controllers\Checkout))
#5 /home/vol9_2/0fees.us/0fe_17910247/ecommerce.is-great.org/htdocs/system/CodeIgniter.php(312): CodeIgniter\CodeIgniter->handleRequest(NULL, Object(Config\Cache), false)
#6 /home/vol9_2/0fees.us/0fe_17910247/ecommerce.is-great.org/htdocs/public/index.php(45): CodeIgniter\CodeIgniter->run()
#7 {main}
CRITICAL - 2020-11-27 09:17:20 --> Invalid file: Checkout.php
#0 /home/vol9_2/0fees.us/0fe_17910247/ecommerce.is-great.org/htdocs/system/View/View.php(228): CodeIgniter\Exceptions\FrameworkException::forInvalidFile('Checkout.php')
#1 /home/vol9_2/0fees.us/0fe_17910247/ecommerce.is-great.org/htdocs/system/Common.php(1119): CodeIgniter\View\View->render('Checkout', Array, true)
#2 /home/vol9_2/0fees.us/0fe_17910247/ecommerce.is-great.org/htdocs/app/Controllers/Checkout.php(42): view('Checkout')
#3 /home/vol9_2/0fees.us/0fe_17910247/ecommerce.is-great.org/htdocs/system/CodeIgniter.php(918): App\Controllers\Checkout->index()
#4 /home/vol9_2/0fees.us/0fe_17910247/ecommerce.is-great.org/htdocs/system/CodeIgniter.php(404): CodeIgniter\CodeIgniter->runController(Object(App\Controllers\Checkout))
#5 /home/vol9_2/0fees.us/0fe_17910247/ecommerce.is-great.org/htdocs/system/CodeIgniter.php(312): CodeIgniter\CodeIgniter->handleRequest(NULL, Object(Config\Cache), false)
#6 /home/vol9_2/0fees.us/0fe_17910247/ecommerce.is-great.org/htdocs/public/index.php(45): CodeIgniter\CodeIgniter->run()
#7 {main}
CRITICAL - 2020-11-27 09:20:35 --> Invalid file: Checkout.php
#0 /home/vol9_2/0fees.us/0fe_17910247/ecommerce.is-great.org/htdocs/system/View/View.php(228): CodeIgniter\Exceptions\FrameworkException::forInvalidFile('Checkout.php')
#1 /home/vol9_2/0fees.us/0fe_17910247/ecommerce.is-great.org/htdocs/system/Common.php(1119): CodeIgniter\View\View->render('Checkout', Array, true)
#2 /home/vol9_2/0fees.us/0fe_17910247/ecommerce.is-great.org/htdocs/app/Controllers/Checkout.php(42): view('Checkout')
#3 /home/vol9_2/0fees.us/0fe_17910247/ecommerce.is-great.org/htdocs/system/CodeIgniter.php(918): App\Controllers\Checkout->index()
#4 /home/vol9_2/0fees.us/0fe_17910247/ecommerce.is-great.org/htdocs/system/CodeIgniter.php(404): CodeIgniter\CodeIgniter->runController(Object(App\Controllers\Checkout))
#5 /home/vol9_2/0fees.us/0fe_17910247/ecommerce.is-great.org/htdocs/system/CodeIgniter.php(312): CodeIgniter\CodeIgniter->handleRequest(NULL, Object(Config\Cache), false)
#6 /home/vol9_2/0fees.us/0fe_17910247/ecommerce.is-great.org/htdocs/public/index.php(45): CodeIgniter\CodeIgniter->run()
#7 {main}
CRITICAL - 2020-11-27 09:22:28 --> Invalid file: Checkout.php
#0 /home/vol9_2/0fees.us/0fe_17910247/ecommerce.is-great.org/htdocs/system/View/View.php(228): CodeIgniter\Exceptions\FrameworkException::forInvalidFile('Checkout.php')
#1 /home/vol9_2/0fees.us/0fe_17910247/ecommerce.is-great.org/htdocs/system/Common.php(1119): CodeIgniter\View\View->render('Checkout', Array, true)
#2 /home/vol9_2/0fees.us/0fe_17910247/ecommerce.is-great.org/htdocs/app/Controllers/Checkout.php(42): view('Checkout')
#3 /home/vol9_2/0fees.us/0fe_17910247/ecommerce.is-great.org/htdocs/system/CodeIgniter.php(918): App\Controllers\Checkout->index()
#4 /home/vol9_2/0fees.us/0fe_17910247/ecommerce.is-great.org/htdocs/system/CodeIgniter.php(404): CodeIgniter\CodeIgniter->runController(Object(App\Controllers\Checkout))
#5 /home/vol9_2/0fees.us/0fe_17910247/ecommerce.is-great.org/htdocs/system/CodeIgniter.php(312): CodeIgniter\CodeIgniter->handleRequest(NULL, Object(Config\Cache), false)
#6 /home/vol9_2/0fees.us/0fe_17910247/ecommerce.is-great.org/htdocs/public/index.php(45): CodeIgniter\CodeIgniter->run()
#7 {main}
CRITICAL - 2020-11-27 09:22:38 --> Invalid file: Checkout.php
#0 /home/vol9_2/0fees.us/0fe_17910247/ecommerce.is-great.org/htdocs/system/View/View.php(228): CodeIgniter\Exceptions\FrameworkException::forInvalidFile('Checkout.php')
#1 /home/vol9_2/0fees.us/0fe_17910247/ecommerce.is-great.org/htdocs/system/Common.php(1119): CodeIgniter\View\View->render('Checkout', Array, true)
#2 /home/vol9_2/0fees.us/0fe_17910247/ecommerce.is-great.org/htdocs/app/Controllers/Checkout.php(42): view('Checkout')
#3 /home/vol9_2/0fees.us/0fe_17910247/ecommerce.is-great.org/htdocs/system/CodeIgniter.php(918): App\Controllers\Checkout->index()
#4 /home/vol9_2/0fees.us/0fe_17910247/ecommerce.is-great.org/htdocs/system/CodeIgniter.php(404): CodeIgniter\CodeIgniter->runController(Object(App\Controllers\Checkout))
#5 /home/vol9_2/0fees.us/0fe_17910247/ecommerce.is-great.org/htdocs/system/CodeIgniter.php(312): CodeIgniter\CodeIgniter->handleRequest(NULL, Object(Config\Cache), false)
#6 /home/vol9_2/0fees.us/0fe_17910247/ecommerce.is-great.org/htdocs/public/index.php(45): CodeIgniter\CodeIgniter->run()
#7 {main}
CRITICAL - 2020-11-27 09:22:41 --> Invalid file: Contact.php
#0 /home/vol9_2/0fees.us/0fe_17910247/ecommerce.is-great.org/htdocs/system/View/View.php(228): CodeIgniter\Exceptions\FrameworkException::forInvalidFile('Contact.php')
#1 /home/vol9_2/0fees.us/0fe_17910247/ecommerce.is-great.org/htdocs/system/Common.php(1119): CodeIgniter\View\View->render('Contact', Array, true)
#2 /home/vol9_2/0fees.us/0fe_17910247/ecommerce.is-great.org/htdocs/app/Controllers/Contact.php(7): view('Contact')
#3 /home/vol9_2/0fees.us/0fe_17910247/ecommerce.is-great.org/htdocs/system/CodeIgniter.php(918): App\Controllers\Contact->index()
#4 /home/vol9_2/0fees.us/0fe_17910247/ecommerce.is-great.org/htdocs/system/CodeIgniter.php(404): CodeIgniter\CodeIgniter->runController(Object(App\Controllers\Contact))
#5 /home/vol9_2/0fees.us/0fe_17910247/ecommerce.is-great.org/htdocs/system/CodeIgniter.php(312): CodeIgniter\CodeIgniter->handleRequest(NULL, Object(Config\Cache), false)
#6 /home/vol9_2/0fees.us/0fe_17910247/ecommerce.is-great.org/htdocs/public/index.php(45): CodeIgniter\CodeIgniter->run()
#7 {main}
CRITICAL - 2020-11-27 09:23:39 --> Invalid file: Checkout.php
#0 /home/vol9_2/0fees.us/0fe_17910247/ecommerce.is-great.org/htdocs/system/View/View.php(228): CodeIgniter\Exceptions\FrameworkException::forInvalidFile('Checkout.php')
#1 /home/vol9_2/0fees.us/0fe_17910247/ecommerce.is-great.org/htdocs/system/Common.php(1119): CodeIgniter\View\View->render('Checkout', Array, true)
#2 /home/vol9_2/0fees.us/0fe_17910247/ecommerce.is-great.org/htdocs/app/Controllers/Checkout.php(42): view('Checkout')
#3 /home/vol9_2/0fees.us/0fe_17910247/ecommerce.is-great.org/htdocs/system/CodeIgniter.php(918): App\Controllers\Checkout->index()
#4 /home/vol9_2/0fees.us/0fe_17910247/ecommerce.is-great.org/htdocs/system/CodeIgniter.php(404): CodeIgniter\CodeIgniter->runController(Object(App\Controllers\Checkout))
#5 /home/vol9_2/0fees.us/0fe_17910247/ecommerce.is-great.org/htdocs/system/CodeIgniter.php(312): CodeIgniter\CodeIgniter->handleRequest(NULL, Object(Config\Cache), false)
#6 /home/vol9_2/0fees.us/0fe_17910247/ecommerce.is-great.org/htdocs/public/index.php(45): CodeIgniter\CodeIgniter->run()
#7 {main}
CRITICAL - 2020-11-27 09:24:22 --> Invalid file: Checkout.php
#0 /home/vol9_2/0fees.us/0fe_17910247/ecommerce.is-great.org/htdocs/system/View/View.php(228): CodeIgniter\Exceptions\FrameworkException::forInvalidFile('Checkout.php')
#1 /home/vol9_2/0fees.us/0fe_17910247/ecommerce.is-great.org/htdocs/system/Common.php(1119): CodeIgniter\View\View->render('Checkout', Array, true)
#2 /home/vol9_2/0fees.us/0fe_17910247/ecommerce.is-great.org/htdocs/app/Controllers/Checkout.php(42): view('Checkout')
#3 /home/vol9_2/0fees.us/0fe_17910247/ecommerce.is-great.org/htdocs/system/CodeIgniter.php(918): App\Controllers\Checkout->index()
#4 /home/vol9_2/0fees.us/0fe_17910247/ecommerce.is-great.org/htdocs/system/CodeIgniter.php(404): CodeIgniter\CodeIgniter->runController(Object(App\Controllers\Checkout))
#5 /home/vol9_2/0fees.us/0fe_17910247/ecommerce.is-great.org/htdocs/system/CodeIgniter.php(312): CodeIgniter\CodeIgniter->handleRequest(NULL, Object(Config\Cache), false)
#6 /home/vol9_2/0fees.us/0fe_17910247/ecommerce.is-great.org/htdocs/public/index.php(45): CodeIgniter\CodeIgniter->run()
#7 {main}
CRITICAL - 2020-11-27 09:24:26 --> Invalid file: Contact.php
#0 /home/vol9_2/0fees.us/0fe_17910247/ecommerce.is-great.org/htdocs/system/View/View.php(228): CodeIgniter\Exceptions\FrameworkException::forInvalidFile('Contact.php')
#1 /home/vol9_2/0fees.us/0fe_17910247/ecommerce.is-great.org/htdocs/system/Common.php(1119): CodeIgniter\View\View->render('Contact', Array, true)
#2 /home/vol9_2/0fees.us/0fe_17910247/ecommerce.is-great.org/htdocs/app/Controllers/Contact.php(7): view('Contact')
#3 /home/vol9_2/0fees.us/0fe_17910247/ecommerce.is-great.org/htdocs/system/CodeIgniter.php(918): App\Controllers\Contact->index()
#4 /home/vol9_2/0fees.us/0fe_17910247/ecommerce.is-great.org/htdocs/system/CodeIgniter.php(404): CodeIgniter\CodeIgniter->runController(Object(App\Controllers\Contact))
#5 /home/vol9_2/0fees.us/0fe_17910247/ecommerce.is-great.org/htdocs/system/CodeIgniter.php(312): CodeIgniter\CodeIgniter->handleRequest(NULL, Object(Config\Cache), false)
#6 /home/vol9_2/0fees.us/0fe_17910247/ecommerce.is-great.org/htdocs/public/index.php(45): CodeIgniter\CodeIgniter->run()
#7 {main}
CRITICAL - 2020-11-27 09:24:58 --> Invalid file: Contact.php
#0 /home/vol9_2/0fees.us/0fe_17910247/ecommerce.is-great.org/htdocs/system/View/View.php(228): CodeIgniter\Exceptions\FrameworkException::forInvalidFile('Contact.php')
#1 /home/vol9_2/0fees.us/0fe_17910247/ecommerce.is-great.org/htdocs/system/Common.php(1119): CodeIgniter\View\View->render('Contact', Array, true)
#2 /home/vol9_2/0fees.us/0fe_17910247/ecommerce.is-great.org/htdocs/app/Controllers/Contact.php(7): view('Contact')
#3 /home/vol9_2/0fees.us/0fe_17910247/ecommerce.is-great.org/htdocs/system/CodeIgniter.php(918): App\Controllers\Contact->index()
#4 /home/vol9_2/0fees.us/0fe_17910247/ecommerce.is-great.org/htdocs/system/CodeIgniter.php(404): CodeIgniter\CodeIgniter->runController(Object(App\Controllers\Contact))
#5 /home/vol9_2/0fees.us/0fe_17910247/ecommerce.is-great.org/htdocs/system/CodeIgniter.php(312): CodeIgniter\CodeIgniter->handleRequest(NULL, Object(Config\Cache), false)
#6 /home/vol9_2/0fees.us/0fe_17910247/ecommerce.is-great.org/htdocs/public/index.php(45): CodeIgniter\CodeIgniter->run()
#7 {main}
CRITICAL - 2020-11-27 09:31:08 --> Invalid file: Contact.php
#0 /home/vol9_2/0fees.us/0fe_17910247/ecommerce.is-great.org/htdocs/system/View/View.php(228): CodeIgniter\Exceptions\FrameworkException::forInvalidFile('Contact.php')
#1 /home/vol9_2/0fees.us/0fe_17910247/ecommerce.is-great.org/htdocs/system/Common.php(1119): CodeIgniter\View\View->render('Contact', Array, true)
#2 /home/vol9_2/0fees.us/0fe_17910247/ecommerce.is-great.org/htdocs/app/Controllers/Contact.php(7): view('Contact')
#3 /home/vol9_2/0fees.us/0fe_17910247/ecommerce.is-great.org/htdocs/system/CodeIgniter.php(918): App\Controllers\Contact->index()
#4 /home/vol9_2/0fees.us/0fe_17910247/ecommerce.is-great.org/htdocs/system/CodeIgniter.php(404): CodeIgniter\CodeIgniter->runController(Object(App\Controllers\Contact))
#5 /home/vol9_2/0fees.us/0fe_17910247/ecommerce.is-great.org/htdocs/system/CodeIgniter.php(312): CodeIgniter\CodeIgniter->handleRequest(NULL, Object(Config\Cache), false)
#6 /home/vol9_2/0fees.us/0fe_17910247/ecommerce.is-great.org/htdocs/public/index.php(45): CodeIgniter\CodeIgniter->run()
#7 {main}
