CRITICAL - 2020-12-03 10:01:23 --> Call to undefined function App\Controllers\base64FileDecode()
#0 C:\xampp\htdocs\Ecommerce\system\CodeIgniter.php(918): App\Controllers\thankyou->index()
#1 C:\xampp\htdocs\Ecommerce\system\CodeIgniter.php(404): CodeIgniter\CodeIgniter->runController(Object(App\Controllers\thankyou))
#2 C:\xampp\htdocs\Ecommerce\system\CodeIgniter.php(312): CodeIgniter\CodeIgniter->handleRequest(NULL, Object(Config\Cache), false)
#3 C:\xampp\htdocs\Ecommerce\public\index.php(45): CodeIgniter\CodeIgniter->run()
#4 {main}
CRITICAL - 2020-12-03 10:02:58 --> Call to undefined function App\Controllers\base64FileDecode()
#0 C:\xampp\htdocs\Ecommerce\system\CodeIgniter.php(918): App\Controllers\thankyou->index()
#1 C:\xampp\htdocs\Ecommerce\system\CodeIgniter.php(404): CodeIgniter\CodeIgniter->runController(Object(App\Controllers\thankyou))
#2 C:\xampp\htdocs\Ecommerce\system\CodeIgniter.php(312): CodeIgniter\CodeIgniter->handleRequest(NULL, Object(Config\Cache), false)
#3 C:\xampp\htdocs\Ecommerce\public\index.php(45): CodeIgniter\CodeIgniter->run()
#4 {main}
CRITICAL - 2020-12-03 10:05:30 --> Call to undefined function App\Controllers\base64FileDecode()
#0 C:\xampp\htdocs\Ecommerce\system\CodeIgniter.php(918): App\Controllers\thankyou->index()
#1 C:\xampp\htdocs\Ecommerce\system\CodeIgniter.php(404): CodeIgniter\CodeIgniter->runController(Object(App\Controllers\thankyou))
#2 C:\xampp\htdocs\Ecommerce\system\CodeIgniter.php(312): CodeIgniter\CodeIgniter->handleRequest(NULL, Object(Config\Cache), false)
#3 C:\xampp\htdocs\Ecommerce\public\index.php(45): CodeIgniter\CodeIgniter->run()
#4 {main}
CRITICAL - 2020-12-03 16:29:03 --> Argument 2 passed to view() must be of the type array, null given, called in C:\xampp\htdocs\Ecommerce\app\Controllers\thankyou.php on line 51
#0 C:\xampp\htdocs\Ecommerce\app\Controllers\thankyou.php(51): view('thankyou', NULL)
#1 C:\xampp\htdocs\Ecommerce\system\CodeIgniter.php(918): App\Controllers\thankyou->index()
#2 C:\xampp\htdocs\Ecommerce\system\CodeIgniter.php(404): CodeIgniter\CodeIgniter->runController(Object(App\Controllers\thankyou))
#3 C:\xampp\htdocs\Ecommerce\system\CodeIgniter.php(312): CodeIgniter\CodeIgniter->handleRequest(NULL, Object(Config\Cache), false)
#4 C:\xampp\htdocs\Ecommerce\public\index.php(45): CodeIgniter\CodeIgniter->run()
#5 {main}
CRITICAL - 2020-12-03 16:30:03 --> Argument 2 passed to view() must be of the type array, null given, called in C:\xampp\htdocs\Ecommerce\app\Controllers\thankyou.php on line 51
#0 C:\xampp\htdocs\Ecommerce\app\Controllers\thankyou.php(51): view('thankyou', NULL)
#1 C:\xampp\htdocs\Ecommerce\system\CodeIgniter.php(918): App\Controllers\thankyou->index()
#2 C:\xampp\htdocs\Ecommerce\system\CodeIgniter.php(404): CodeIgniter\CodeIgniter->runController(Object(App\Controllers\thankyou))
#3 C:\xampp\htdocs\Ecommerce\system\CodeIgniter.php(312): CodeIgniter\CodeIgniter->handleRequest(NULL, Object(Config\Cache), false)
#4 C:\xampp\htdocs\Ecommerce\public\index.php(45): CodeIgniter\CodeIgniter->run()
#5 {main}
CRITICAL - 2020-12-03 16:31:27 --> Argument 2 passed to view() must be of the type array, null given, called in C:\xampp\htdocs\Ecommerce\app\Controllers\thankyou.php on line 51
#0 C:\xampp\htdocs\Ecommerce\app\Controllers\thankyou.php(51): view('thankyou', NULL)
#1 C:\xampp\htdocs\Ecommerce\system\CodeIgniter.php(918): App\Controllers\thankyou->index()
#2 C:\xampp\htdocs\Ecommerce\system\CodeIgniter.php(404): CodeIgniter\CodeIgniter->runController(Object(App\Controllers\thankyou))
#3 C:\xampp\htdocs\Ecommerce\system\CodeIgniter.php(312): CodeIgniter\CodeIgniter->handleRequest(NULL, Object(Config\Cache), false)
#4 C:\xampp\htdocs\Ecommerce\public\index.php(45): CodeIgniter\CodeIgniter->run()
#5 {main}
CRITICAL - 2020-12-03 16:32:57 --> Argument 2 passed to view() must be of the type array, null given, called in C:\xampp\htdocs\Ecommerce\app\Controllers\thankyou.php on line 51
#0 C:\xampp\htdocs\Ecommerce\app\Controllers\thankyou.php(51): view('thankyou', NULL)
#1 C:\xampp\htdocs\Ecommerce\system\CodeIgniter.php(918): App\Controllers\thankyou->index()
#2 C:\xampp\htdocs\Ecommerce\system\CodeIgniter.php(404): CodeIgniter\CodeIgniter->runController(Object(App\Controllers\thankyou))
#3 C:\xampp\htdocs\Ecommerce\system\CodeIgniter.php(312): CodeIgniter\CodeIgniter->handleRequest(NULL, Object(Config\Cache), false)
#4 C:\xampp\htdocs\Ecommerce\public\index.php(45): CodeIgniter\CodeIgniter->run()
#5 {main}
CRITICAL - 2020-12-03 16:33:55 --> Argument 2 passed to view() must be of the type array, null given, called in C:\xampp\htdocs\Ecommerce\app\Controllers\thankyou.php on line 51
#0 C:\xampp\htdocs\Ecommerce\app\Controllers\thankyou.php(51): view('thankyou', NULL)
#1 C:\xampp\htdocs\Ecommerce\system\CodeIgniter.php(918): App\Controllers\thankyou->index()
#2 C:\xampp\htdocs\Ecommerce\system\CodeIgniter.php(404): CodeIgniter\CodeIgniter->runController(Object(App\Controllers\thankyou))
#3 C:\xampp\htdocs\Ecommerce\system\CodeIgniter.php(312): CodeIgniter\CodeIgniter->handleRequest(NULL, Object(Config\Cache), false)
#4 C:\xampp\htdocs\Ecommerce\public\index.php(45): CodeIgniter\CodeIgniter->run()
#5 {main}
CRITICAL - 2020-12-03 16:35:05 --> json_decode() expects parameter 1 to be string, array given
#0 [internal function]: CodeIgniter\Debug\Exceptions->errorHandler(2, 'json_decode() e...', 'C:\\xampp\\htdocs...', 92, Array)
#1 C:\xampp\htdocs\Ecommerce\vendor\globalpayments\php-sdk\src\Services\HostedService.php(92): json_decode(Array, true)
#2 C:\xampp\htdocs\Ecommerce\app\Controllers\thankyou.php(40): GlobalPayments\Api\Services\HostedService->parseResponse(Array, true)
#3 C:\xampp\htdocs\Ecommerce\system\CodeIgniter.php(918): App\Controllers\thankyou->index()
#4 C:\xampp\htdocs\Ecommerce\system\CodeIgniter.php(404): CodeIgniter\CodeIgniter->runController(Object(App\Controllers\thankyou))
#5 C:\xampp\htdocs\Ecommerce\system\CodeIgniter.php(312): CodeIgniter\CodeIgniter->handleRequest(NULL, Object(Config\Cache), false)
#6 C:\xampp\htdocs\Ecommerce\public\index.php(45): CodeIgniter\CodeIgniter->run()
#7 {main}
CRITICAL - 2020-12-03 16:35:34 --> json_decode() expects parameter 1 to be string, array given
#0 [internal function]: CodeIgniter\Debug\Exceptions->errorHandler(2, 'json_decode() e...', 'C:\\xampp\\htdocs...', 92, Array)
#1 C:\xampp\htdocs\Ecommerce\vendor\globalpayments\php-sdk\src\Services\HostedService.php(92): json_decode(Array, true)
#2 C:\xampp\htdocs\Ecommerce\app\Controllers\thankyou.php(40): GlobalPayments\Api\Services\HostedService->parseResponse(Array, true)
#3 C:\xampp\htdocs\Ecommerce\system\CodeIgniter.php(918): App\Controllers\thankyou->index()
#4 C:\xampp\htdocs\Ecommerce\system\CodeIgniter.php(404): CodeIgniter\CodeIgniter->runController(Object(App\Controllers\thankyou))
#5 C:\xampp\htdocs\Ecommerce\system\CodeIgniter.php(312): CodeIgniter\CodeIgniter->handleRequest(NULL, Object(Config\Cache), false)
#6 C:\xampp\htdocs\Ecommerce\public\index.php(45): CodeIgniter\CodeIgniter->run()
#7 {main}
CRITICAL - 2020-12-03 16:36:23 --> Passed variable is not an array or object
#0 C:\xampp\htdocs\Ecommerce\vendor\globalpayments\php-sdk\src\Services\HostedService.php(95): ArrayIterator->__construct(NULL)
#1 C:\xampp\htdocs\Ecommerce\app\Controllers\thankyou.php(40): GlobalPayments\Api\Services\HostedService->parseResponse(NULL, true)
#2 C:\xampp\htdocs\Ecommerce\system\CodeIgniter.php(918): App\Controllers\thankyou->index()
#3 C:\xampp\htdocs\Ecommerce\system\CodeIgniter.php(404): CodeIgniter\CodeIgniter->runController(Object(App\Controllers\thankyou))
#4 C:\xampp\htdocs\Ecommerce\system\CodeIgniter.php(312): CodeIgniter\CodeIgniter->handleRequest(NULL, Object(Config\Cache), false)
#5 C:\xampp\htdocs\Ecommerce\public\index.php(45): CodeIgniter\CodeIgniter->run()
#6 {main}
CRITICAL - 2020-12-03 16:39:32 --> Passed variable is not an array or object
#0 C:\xampp\htdocs\Ecommerce\vendor\globalpayments\php-sdk\src\Services\HostedService.php(95): ArrayIterator->__construct(NULL)
#1 C:\xampp\htdocs\Ecommerce\app\Controllers\thankyou.php(40): GlobalPayments\Api\Services\HostedService->parseResponse(NULL, true)
#2 C:\xampp\htdocs\Ecommerce\system\CodeIgniter.php(918): App\Controllers\thankyou->index()
#3 C:\xampp\htdocs\Ecommerce\system\CodeIgniter.php(404): CodeIgniter\CodeIgniter->runController(Object(App\Controllers\thankyou))
#4 C:\xampp\htdocs\Ecommerce\system\CodeIgniter.php(312): CodeIgniter\CodeIgniter->handleRequest(NULL, Object(Config\Cache), false)
#5 C:\xampp\htdocs\Ecommerce\public\index.php(45): CodeIgniter\CodeIgniter->run()
#6 {main}
CRITICAL - 2020-12-03 16:42:07 --> Invalid argument supplied for foreach()
#0 C:\xampp\htdocs\Ecommerce\app\Controllers\thankyou.php(31): CodeIgniter\Debug\Exceptions->errorHandler(2, 'Invalid argumen...', 'C:\\xampp\\htdocs...', 31, Array)
#1 C:\xampp\htdocs\Ecommerce\system\CodeIgniter.php(918): App\Controllers\thankyou->index()
#2 C:\xampp\htdocs\Ecommerce\system\CodeIgniter.php(404): CodeIgniter\CodeIgniter->runController(Object(App\Controllers\thankyou))
#3 C:\xampp\htdocs\Ecommerce\system\CodeIgniter.php(312): CodeIgniter\CodeIgniter->handleRequest(NULL, Object(Config\Cache), false)
#4 C:\xampp\htdocs\Ecommerce\public\index.php(45): CodeIgniter\CodeIgniter->run()
#5 {main}
CRITICAL - 2020-12-03 16:42:32 --> Invalid argument supplied for foreach()
#0 C:\xampp\htdocs\Ecommerce\app\Controllers\thankyou.php(31): CodeIgniter\Debug\Exceptions->errorHandler(2, 'Invalid argumen...', 'C:\\xampp\\htdocs...', 31, Array)
#1 C:\xampp\htdocs\Ecommerce\system\CodeIgniter.php(918): App\Controllers\thankyou->index()
#2 C:\xampp\htdocs\Ecommerce\system\CodeIgniter.php(404): CodeIgniter\CodeIgniter->runController(Object(App\Controllers\thankyou))
#3 C:\xampp\htdocs\Ecommerce\system\CodeIgniter.php(312): CodeIgniter\CodeIgniter->handleRequest(NULL, Object(Config\Cache), false)
#4 C:\xampp\htdocs\Ecommerce\public\index.php(45): CodeIgniter\CodeIgniter->run()
#5 {main}
CRITICAL - 2020-12-03 16:42:56 --> Invalid argument supplied for foreach()
#0 C:\xampp\htdocs\Ecommerce\app\Controllers\thankyou.php(31): CodeIgniter\Debug\Exceptions->errorHandler(2, 'Invalid argumen...', 'C:\\xampp\\htdocs...', 31, Array)
#1 C:\xampp\htdocs\Ecommerce\system\CodeIgniter.php(918): App\Controllers\thankyou->index()
#2 C:\xampp\htdocs\Ecommerce\system\CodeIgniter.php(404): CodeIgniter\CodeIgniter->runController(Object(App\Controllers\thankyou))
#3 C:\xampp\htdocs\Ecommerce\system\CodeIgniter.php(312): CodeIgniter\CodeIgniter->handleRequest(NULL, Object(Config\Cache), false)
#4 C:\xampp\htdocs\Ecommerce\public\index.php(45): CodeIgniter\CodeIgniter->run()
#5 {main}
CRITICAL - 2020-12-03 16:43:16 --> Invalid argument supplied for foreach()
#0 C:\xampp\htdocs\Ecommerce\app\Controllers\thankyou.php(31): CodeIgniter\Debug\Exceptions->errorHandler(2, 'Invalid argumen...', 'C:\\xampp\\htdocs...', 31, Array)
#1 C:\xampp\htdocs\Ecommerce\system\CodeIgniter.php(918): App\Controllers\thankyou->index()
#2 C:\xampp\htdocs\Ecommerce\system\CodeIgniter.php(404): CodeIgniter\CodeIgniter->runController(Object(App\Controllers\thankyou))
#3 C:\xampp\htdocs\Ecommerce\system\CodeIgniter.php(312): CodeIgniter\CodeIgniter->handleRequest(NULL, Object(Config\Cache), false)
#4 C:\xampp\htdocs\Ecommerce\public\index.php(45): CodeIgniter\CodeIgniter->run()
#5 {main}
CRITICAL - 2020-12-03 16:43:59 --> Invalid argument supplied for foreach()
#0 C:\xampp\htdocs\Ecommerce\app\Controllers\thankyou.php(33): CodeIgniter\Debug\Exceptions->errorHandler(2, 'Invalid argumen...', 'C:\\xampp\\htdocs...', 33, Array)
#1 C:\xampp\htdocs\Ecommerce\system\CodeIgniter.php(918): App\Controllers\thankyou->index()
#2 C:\xampp\htdocs\Ecommerce\system\CodeIgniter.php(404): CodeIgniter\CodeIgniter->runController(Object(App\Controllers\thankyou))
#3 C:\xampp\htdocs\Ecommerce\system\CodeIgniter.php(312): CodeIgniter\CodeIgniter->handleRequest(NULL, Object(Config\Cache), false)
#4 C:\xampp\htdocs\Ecommerce\public\index.php(45): CodeIgniter\CodeIgniter->run()
#5 {main}
CRITICAL - 2020-12-03 16:45:57 --> Invalid argument supplied for foreach()
#0 C:\xampp\htdocs\Ecommerce\app\Controllers\thankyou.php(33): CodeIgniter\Debug\Exceptions->errorHandler(2, 'Invalid argumen...', 'C:\\xampp\\htdocs...', 33, Array)
#1 C:\xampp\htdocs\Ecommerce\system\CodeIgniter.php(918): App\Controllers\thankyou->index()
#2 C:\xampp\htdocs\Ecommerce\system\CodeIgniter.php(404): CodeIgniter\CodeIgniter->runController(Object(App\Controllers\thankyou))
#3 C:\xampp\htdocs\Ecommerce\system\CodeIgniter.php(312): CodeIgniter\CodeIgniter->handleRequest(NULL, Object(Config\Cache), false)
#4 C:\xampp\htdocs\Ecommerce\public\index.php(45): CodeIgniter\CodeIgniter->run()
#5 {main}
CRITICAL - 2020-12-03 16:46:32 --> Invalid argument supplied for foreach()
#0 C:\xampp\htdocs\Ecommerce\app\Controllers\thankyou.php(33): CodeIgniter\Debug\Exceptions->errorHandler(2, 'Invalid argumen...', 'C:\\xampp\\htdocs...', 33, Array)
#1 C:\xampp\htdocs\Ecommerce\system\CodeIgniter.php(918): App\Controllers\thankyou->index()
#2 C:\xampp\htdocs\Ecommerce\system\CodeIgniter.php(404): CodeIgniter\CodeIgniter->runController(Object(App\Controllers\thankyou))
#3 C:\xampp\htdocs\Ecommerce\system\CodeIgniter.php(312): CodeIgniter\CodeIgniter->handleRequest(NULL, Object(Config\Cache), false)
#4 C:\xampp\htdocs\Ecommerce\public\index.php(45): CodeIgniter\CodeIgniter->run()
#5 {main}
CRITICAL - 2020-12-03 16:46:38 --> Invalid argument supplied for foreach()
#0 C:\xampp\htdocs\Ecommerce\app\Controllers\thankyou.php(33): CodeIgniter\Debug\Exceptions->errorHandler(2, 'Invalid argumen...', 'C:\\xampp\\htdocs...', 33, Array)
#1 C:\xampp\htdocs\Ecommerce\system\CodeIgniter.php(918): App\Controllers\thankyou->index()
#2 C:\xampp\htdocs\Ecommerce\system\CodeIgniter.php(404): CodeIgniter\CodeIgniter->runController(Object(App\Controllers\thankyou))
#3 C:\xampp\htdocs\Ecommerce\system\CodeIgniter.php(312): CodeIgniter\CodeIgniter->handleRequest(NULL, Object(Config\Cache), false)
#4 C:\xampp\htdocs\Ecommerce\public\index.php(45): CodeIgniter\CodeIgniter->run()
#5 {main}
CRITICAL - 2020-12-03 16:46:43 --> Invalid argument supplied for foreach()
#0 C:\xampp\htdocs\Ecommerce\app\Controllers\thankyou.php(33): CodeIgniter\Debug\Exceptions->errorHandler(2, 'Invalid argumen...', 'C:\\xampp\\htdocs...', 33, Array)
#1 C:\xampp\htdocs\Ecommerce\system\CodeIgniter.php(918): App\Controllers\thankyou->index()
#2 C:\xampp\htdocs\Ecommerce\system\CodeIgniter.php(404): CodeIgniter\CodeIgniter->runController(Object(App\Controllers\thankyou))
#3 C:\xampp\htdocs\Ecommerce\system\CodeIgniter.php(312): CodeIgniter\CodeIgniter->handleRequest(NULL, Object(Config\Cache), false)
#4 C:\xampp\htdocs\Ecommerce\public\index.php(45): CodeIgniter\CodeIgniter->run()
#5 {main}
CRITICAL - 2020-12-03 16:46:51 --> Invalid argument supplied for foreach()
#0 C:\xampp\htdocs\Ecommerce\app\Controllers\thankyou.php(33): CodeIgniter\Debug\Exceptions->errorHandler(2, 'Invalid argumen...', 'C:\\xampp\\htdocs...', 33, Array)
#1 C:\xampp\htdocs\Ecommerce\system\CodeIgniter.php(918): App\Controllers\thankyou->index()
#2 C:\xampp\htdocs\Ecommerce\system\CodeIgniter.php(404): CodeIgniter\CodeIgniter->runController(Object(App\Controllers\thankyou))
#3 C:\xampp\htdocs\Ecommerce\system\CodeIgniter.php(312): CodeIgniter\CodeIgniter->handleRequest(NULL, Object(Config\Cache), false)
#4 C:\xampp\htdocs\Ecommerce\public\index.php(45): CodeIgniter\CodeIgniter->run()
#5 {main}
CRITICAL - 2020-12-03 16:49:51 --> syntax error, unexpected '=>' (T_DOUBLE_ARROW)
#0 C:\xampp\htdocs\Ecommerce\system\Router\Router.php(195): CodeIgniter\Router\Router->autoRoute('Thankyou')
#1 C:\xampp\htdocs\Ecommerce\system\CodeIgniter.php(793): CodeIgniter\Router\Router->handle('Thankyou')
#2 C:\xampp\htdocs\Ecommerce\system\CodeIgniter.php(364): CodeIgniter\CodeIgniter->tryToRouteIt(Object(CodeIgniter\Router\RouteCollection))
#3 C:\xampp\htdocs\Ecommerce\system\CodeIgniter.php(312): CodeIgniter\CodeIgniter->handleRequest(NULL, Object(Config\Cache), false)
#4 C:\xampp\htdocs\Ecommerce\public\index.php(45): CodeIgniter\CodeIgniter->run()
#5 {main}
CRITICAL - 2020-12-03 16:50:51 --> syntax error, unexpected '=>' (T_DOUBLE_ARROW)
#0 C:\xampp\htdocs\Ecommerce\system\Router\Router.php(195): CodeIgniter\Router\Router->autoRoute('Thankyou')
#1 C:\xampp\htdocs\Ecommerce\system\CodeIgniter.php(793): CodeIgniter\Router\Router->handle('Thankyou')
#2 C:\xampp\htdocs\Ecommerce\system\CodeIgniter.php(364): CodeIgniter\CodeIgniter->tryToRouteIt(Object(CodeIgniter\Router\RouteCollection))
#3 C:\xampp\htdocs\Ecommerce\system\CodeIgniter.php(312): CodeIgniter\CodeIgniter->handleRequest(NULL, Object(Config\Cache), false)
#4 C:\xampp\htdocs\Ecommerce\public\index.php(45): CodeIgniter\CodeIgniter->run()
#5 {main}
CRITICAL - 2020-12-03 16:52:44 --> json_decode() expects parameter 1 to be string, object given
#0 [internal function]: CodeIgniter\Debug\Exceptions->errorHandler(2, 'json_decode() e...', 'C:\\xampp\\htdocs...', 92, Array)
#1 C:\xampp\htdocs\Ecommerce\vendor\globalpayments\php-sdk\src\Services\HostedService.php(92): json_decode(Object(stdClass), true)
#2 C:\xampp\htdocs\Ecommerce\app\Controllers\thankyou.php(48): GlobalPayments\Api\Services\HostedService->parseResponse(Object(stdClass), true)
#3 C:\xampp\htdocs\Ecommerce\system\CodeIgniter.php(918): App\Controllers\thankyou->index()
#4 C:\xampp\htdocs\Ecommerce\system\CodeIgniter.php(404): CodeIgniter\CodeIgniter->runController(Object(App\Controllers\thankyou))
#5 C:\xampp\htdocs\Ecommerce\system\CodeIgniter.php(312): CodeIgniter\CodeIgniter->handleRequest(NULL, Object(Config\Cache), false)
#6 C:\xampp\htdocs\Ecommerce\public\index.php(45): CodeIgniter\CodeIgniter->run()
#7 {main}
CRITICAL - 2020-12-03 16:53:03 --> implode(): Invalid arguments passed
#0 [internal function]: CodeIgniter\Debug\Exceptions->errorHandler(2, 'implode(): Inva...', 'C:\\xampp\\htdocs...', 43, Array)
#1 C:\xampp\htdocs\Ecommerce\app\Controllers\thankyou.php(43): implode('', Object(stdClass))
#2 C:\xampp\htdocs\Ecommerce\system\CodeIgniter.php(918): App\Controllers\thankyou->index()
#3 C:\xampp\htdocs\Ecommerce\system\CodeIgniter.php(404): CodeIgniter\CodeIgniter->runController(Object(App\Controllers\thankyou))
#4 C:\xampp\htdocs\Ecommerce\system\CodeIgniter.php(312): CodeIgniter\CodeIgniter->handleRequest(NULL, Object(Config\Cache), false)
#5 C:\xampp\htdocs\Ecommerce\public\index.php(45): CodeIgniter\CodeIgniter->run()
#6 {main}
CRITICAL - 2020-12-03 16:53:12 --> implode(): Invalid arguments passed
#0 [internal function]: CodeIgniter\Debug\Exceptions->errorHandler(2, 'implode(): Inva...', 'C:\\xampp\\htdocs...', 43, Array)
#1 C:\xampp\htdocs\Ecommerce\app\Controllers\thankyou.php(43): implode('', Object(stdClass))
#2 C:\xampp\htdocs\Ecommerce\system\CodeIgniter.php(918): App\Controllers\thankyou->index()
#3 C:\xampp\htdocs\Ecommerce\system\CodeIgniter.php(404): CodeIgniter\CodeIgniter->runController(Object(App\Controllers\thankyou))
#4 C:\xampp\htdocs\Ecommerce\system\CodeIgniter.php(312): CodeIgniter\CodeIgniter->handleRequest(NULL, Object(Config\Cache), false)
#5 C:\xampp\htdocs\Ecommerce\public\index.php(45): CodeIgniter\CodeIgniter->run()
#6 {main}
CRITICAL - 2020-12-03 16:53:18 --> implode(): Invalid arguments passed
#0 [internal function]: CodeIgniter\Debug\Exceptions->errorHandler(2, 'implode(): Inva...', 'C:\\xampp\\htdocs...', 43, Array)
#1 C:\xampp\htdocs\Ecommerce\app\Controllers\thankyou.php(43): implode('', Object(stdClass))
#2 C:\xampp\htdocs\Ecommerce\system\CodeIgniter.php(918): App\Controllers\thankyou->index()
#3 C:\xampp\htdocs\Ecommerce\system\CodeIgniter.php(404): CodeIgniter\CodeIgniter->runController(Object(App\Controllers\thankyou))
#4 C:\xampp\htdocs\Ecommerce\system\CodeIgniter.php(312): CodeIgniter\CodeIgniter->handleRequest(NULL, Object(Config\Cache), false)
#5 C:\xampp\htdocs\Ecommerce\public\index.php(45): CodeIgniter\CodeIgniter->run()
#6 {main}
CRITICAL - 2020-12-03 16:55:50 --> var_dump() expects at least 1 parameter, 0 given
#0 [internal function]: CodeIgniter\Debug\Exceptions->errorHandler(2, 'var_dump() expe...', 'C:\\xampp\\htdocs...', 40, Array)
#1 C:\xampp\htdocs\Ecommerce\app\Controllers\thankyou.php(40): var_dump()
#2 C:\xampp\htdocs\Ecommerce\system\CodeIgniter.php(918): App\Controllers\thankyou->index()
#3 C:\xampp\htdocs\Ecommerce\system\CodeIgniter.php(404): CodeIgniter\CodeIgniter->runController(Object(App\Controllers\thankyou))
#4 C:\xampp\htdocs\Ecommerce\system\CodeIgniter.php(312): CodeIgniter\CodeIgniter->handleRequest(NULL, Object(Config\Cache), false)
#5 C:\xampp\htdocs\Ecommerce\public\index.php(45): CodeIgniter\CodeIgniter->run()
#6 {main}
