CRITICAL - 2020-11-23 14:59:35 --> syntax error, unexpected '<', expecting end of file
#0 C:\xampp\htdocs\Ecommerce\framework-4.0.4\system\Common.php(1119): CodeIgniter\View\View->render('welcome_message', Array, true)
#1 C:\xampp\htdocs\Ecommerce\framework-4.0.4\app\Controllers\Home.php(7): view('welcome_message')
#2 C:\xampp\htdocs\Ecommerce\framework-4.0.4\system\CodeIgniter.php(918): App\Controllers\Home->index()
#3 C:\xampp\htdocs\Ecommerce\framework-4.0.4\system\CodeIgniter.php(404): CodeIgniter\CodeIgniter->runController(Object(App\Controllers\Home))
#4 C:\xampp\htdocs\Ecommerce\framework-4.0.4\system\CodeIgniter.php(312): CodeIgniter\CodeIgniter->handleRequest(NULL, Object(Config\Cache), false)
#5 C:\xampp\htdocs\Ecommerce\framework-4.0.4\public\index.php(45): CodeIgniter\CodeIgniter->run()
#6 {main}
CRITICAL - 2020-11-23 14:59:45 --> Use of undefined constant hi - assumed 'hi' (this will throw an Error in a future version of PHP)
#0 C:\xampp\htdocs\Ecommerce\framework-4.0.4\app\Views\welcome_message.php(17): CodeIgniter\Debug\Exceptions->errorHandler(2, 'Use of undefine...', 'C:\\xampp\\htdocs...', 17, Array)
#1 C:\xampp\htdocs\Ecommerce\framework-4.0.4\system\View\View.php(246): include('C:\\xampp\\htdocs...')
#2 C:\xampp\htdocs\Ecommerce\framework-4.0.4\system\Common.php(1119): CodeIgniter\View\View->render('welcome_message', Array, true)
#3 C:\xampp\htdocs\Ecommerce\framework-4.0.4\app\Controllers\Home.php(7): view('welcome_message')
#4 C:\xampp\htdocs\Ecommerce\framework-4.0.4\system\CodeIgniter.php(918): App\Controllers\Home->index()
#5 C:\xampp\htdocs\Ecommerce\framework-4.0.4\system\CodeIgniter.php(404): CodeIgniter\CodeIgniter->runController(Object(App\Controllers\Home))
#6 C:\xampp\htdocs\Ecommerce\framework-4.0.4\system\CodeIgniter.php(312): CodeIgniter\CodeIgniter->handleRequest(NULL, Object(Config\Cache), false)
#7 C:\xampp\htdocs\Ecommerce\framework-4.0.4\public\index.php(45): CodeIgniter\CodeIgniter->run()
#8 {main}
CRITICAL - 2020-11-23 14:59:47 --> Use of undefined constant hi - assumed 'hi' (this will throw an Error in a future version of PHP)
#0 C:\xampp\htdocs\Ecommerce\framework-4.0.4\app\Views\welcome_message.php(17): CodeIgniter\Debug\Exceptions->errorHandler(2, 'Use of undefine...', 'C:\\xampp\\htdocs...', 17, Array)
#1 C:\xampp\htdocs\Ecommerce\framework-4.0.4\system\View\View.php(246): include('C:\\xampp\\htdocs...')
#2 C:\xampp\htdocs\Ecommerce\framework-4.0.4\system\Common.php(1119): CodeIgniter\View\View->render('welcome_message', Array, true)
#3 C:\xampp\htdocs\Ecommerce\framework-4.0.4\app\Controllers\Home.php(7): view('welcome_message')
#4 C:\xampp\htdocs\Ecommerce\framework-4.0.4\system\CodeIgniter.php(918): App\Controllers\Home->index()
#5 C:\xampp\htdocs\Ecommerce\framework-4.0.4\system\CodeIgniter.php(404): CodeIgniter\CodeIgniter->runController(Object(App\Controllers\Home))
#6 C:\xampp\htdocs\Ecommerce\framework-4.0.4\system\CodeIgniter.php(312): CodeIgniter\CodeIgniter->handleRequest(NULL, Object(Config\Cache), false)
#7 C:\xampp\htdocs\Ecommerce\framework-4.0.4\public\index.php(45): CodeIgniter\CodeIgniter->run()
#8 {main}
CRITICAL - 2020-11-23 14:59:48 --> Use of undefined constant hi - assumed 'hi' (this will throw an Error in a future version of PHP)
#0 C:\xampp\htdocs\Ecommerce\framework-4.0.4\app\Views\welcome_message.php(17): CodeIgniter\Debug\Exceptions->errorHandler(2, 'Use of undefine...', 'C:\\xampp\\htdocs...', 17, Array)
#1 C:\xampp\htdocs\Ecommerce\framework-4.0.4\system\View\View.php(246): include('C:\\xampp\\htdocs...')
#2 C:\xampp\htdocs\Ecommerce\framework-4.0.4\system\Common.php(1119): CodeIgniter\View\View->render('welcome_message', Array, true)
#3 C:\xampp\htdocs\Ecommerce\framework-4.0.4\app\Controllers\Home.php(7): view('welcome_message')
#4 C:\xampp\htdocs\Ecommerce\framework-4.0.4\system\CodeIgniter.php(918): App\Controllers\Home->index()
#5 C:\xampp\htdocs\Ecommerce\framework-4.0.4\system\CodeIgniter.php(404): CodeIgniter\CodeIgniter->runController(Object(App\Controllers\Home))
#6 C:\xampp\htdocs\Ecommerce\framework-4.0.4\system\CodeIgniter.php(312): CodeIgniter\CodeIgniter->handleRequest(NULL, Object(Config\Cache), false)
#7 C:\xampp\htdocs\Ecommerce\framework-4.0.4\public\index.php(45): CodeIgniter\CodeIgniter->run()
#8 {main}
CRITICAL - 2020-11-23 14:59:48 --> Use of undefined constant hi - assumed 'hi' (this will throw an Error in a future version of PHP)
#0 C:\xampp\htdocs\Ecommerce\framework-4.0.4\app\Views\welcome_message.php(17): CodeIgniter\Debug\Exceptions->errorHandler(2, 'Use of undefine...', 'C:\\xampp\\htdocs...', 17, Array)
#1 C:\xampp\htdocs\Ecommerce\framework-4.0.4\system\View\View.php(246): include('C:\\xampp\\htdocs...')
#2 C:\xampp\htdocs\Ecommerce\framework-4.0.4\system\Common.php(1119): CodeIgniter\View\View->render('welcome_message', Array, true)
#3 C:\xampp\htdocs\Ecommerce\framework-4.0.4\app\Controllers\Home.php(7): view('welcome_message')
#4 C:\xampp\htdocs\Ecommerce\framework-4.0.4\system\CodeIgniter.php(918): App\Controllers\Home->index()
#5 C:\xampp\htdocs\Ecommerce\framework-4.0.4\system\CodeIgniter.php(404): CodeIgniter\CodeIgniter->runController(Object(App\Controllers\Home))
#6 C:\xampp\htdocs\Ecommerce\framework-4.0.4\system\CodeIgniter.php(312): CodeIgniter\CodeIgniter->handleRequest(NULL, Object(Config\Cache), false)
#7 C:\xampp\htdocs\Ecommerce\framework-4.0.4\public\index.php(45): CodeIgniter\CodeIgniter->run()
#8 {main}
CRITICAL - 2020-11-23 14:59:50 --> Use of undefined constant hi - assumed 'hi' (this will throw an Error in a future version of PHP)
#0 C:\xampp\htdocs\Ecommerce\framework-4.0.4\app\Views\welcome_message.php(17): CodeIgniter\Debug\Exceptions->errorHandler(2, 'Use of undefine...', 'C:\\xampp\\htdocs...', 17, Array)
#1 C:\xampp\htdocs\Ecommerce\framework-4.0.4\system\View\View.php(246): include('C:\\xampp\\htdocs...')
#2 C:\xampp\htdocs\Ecommerce\framework-4.0.4\system\Common.php(1119): CodeIgniter\View\View->render('welcome_message', Array, true)
#3 C:\xampp\htdocs\Ecommerce\framework-4.0.4\app\Controllers\Home.php(7): view('welcome_message')
#4 C:\xampp\htdocs\Ecommerce\framework-4.0.4\system\CodeIgniter.php(918): App\Controllers\Home->index()
#5 C:\xampp\htdocs\Ecommerce\framework-4.0.4\system\CodeIgniter.php(404): CodeIgniter\CodeIgniter->runController(Object(App\Controllers\Home))
#6 C:\xampp\htdocs\Ecommerce\framework-4.0.4\system\CodeIgniter.php(312): CodeIgniter\CodeIgniter->handleRequest(NULL, Object(Config\Cache), false)
#7 C:\xampp\htdocs\Ecommerce\framework-4.0.4\public\index.php(45): CodeIgniter\CodeIgniter->run()
#8 {main}
CRITICAL - 2020-11-23 15:09:55 --> Invalid file: welcome_message.php
#0 C:\xampp\htdocs\Ecommerce\system\View\View.php(228): CodeIgniter\Exceptions\FrameworkException::forInvalidFile('welcome_message...')
#1 C:\xampp\htdocs\Ecommerce\system\Common.php(1119): CodeIgniter\View\View->render('welcome_message', Array, true)
#2 C:\xampp\htdocs\Ecommerce\app\Controllers\Home.php(7): view('welcome_message')
#3 C:\xampp\htdocs\Ecommerce\system\CodeIgniter.php(918): App\Controllers\Home->index()
#4 C:\xampp\htdocs\Ecommerce\system\CodeIgniter.php(404): CodeIgniter\CodeIgniter->runController(Object(App\Controllers\Home))
#5 C:\xampp\htdocs\Ecommerce\system\CodeIgniter.php(312): CodeIgniter\CodeIgniter->handleRequest(NULL, Object(Config\Cache), false)
#6 C:\xampp\htdocs\Ecommerce\public\index.php(45): CodeIgniter\CodeIgniter->run()
#7 {main}
CRITICAL - 2020-11-23 15:55:46 --> include(Helpers/header.php): failed to open stream: No such file or directory
#0 C:\xampp\htdocs\Ecommerce\app\Views\home.php(2): CodeIgniter\Debug\Exceptions->errorHandler(2, 'include(Helpers...', 'C:\\xampp\\htdocs...', 2, Array)
#1 C:\xampp\htdocs\Ecommerce\app\Views\home.php(2): include()
#2 C:\xampp\htdocs\Ecommerce\system\View\View.php(246): include('C:\\xampp\\htdocs...')
#3 C:\xampp\htdocs\Ecommerce\system\Common.php(1119): CodeIgniter\View\View->render('home', Array, true)
#4 C:\xampp\htdocs\Ecommerce\app\Controllers\Home.php(7): view('home')
#5 C:\xampp\htdocs\Ecommerce\system\CodeIgniter.php(918): App\Controllers\Home->index()
#6 C:\xampp\htdocs\Ecommerce\system\CodeIgniter.php(404): CodeIgniter\CodeIgniter->runController(Object(App\Controllers\Home))
#7 C:\xampp\htdocs\Ecommerce\system\CodeIgniter.php(312): CodeIgniter\CodeIgniter->handleRequest(NULL, Object(Config\Cache), false)
#8 C:\xampp\htdocs\Ecommerce\public\index.php(45): CodeIgniter\CodeIgniter->run()
#9 {main}
CRITICAL - 2020-11-23 15:55:48 --> include(Helpers/header.php): failed to open stream: No such file or directory
#0 C:\xampp\htdocs\Ecommerce\app\Views\home.php(2): CodeIgniter\Debug\Exceptions->errorHandler(2, 'include(Helpers...', 'C:\\xampp\\htdocs...', 2, Array)
#1 C:\xampp\htdocs\Ecommerce\app\Views\home.php(2): include()
#2 C:\xampp\htdocs\Ecommerce\system\View\View.php(246): include('C:\\xampp\\htdocs...')
#3 C:\xampp\htdocs\Ecommerce\system\Common.php(1119): CodeIgniter\View\View->render('home', Array, true)
#4 C:\xampp\htdocs\Ecommerce\app\Controllers\Home.php(7): view('home')
#5 C:\xampp\htdocs\Ecommerce\system\CodeIgniter.php(918): App\Controllers\Home->index()
#6 C:\xampp\htdocs\Ecommerce\system\CodeIgniter.php(404): CodeIgniter\CodeIgniter->runController(Object(App\Controllers\Home))
#7 C:\xampp\htdocs\Ecommerce\system\CodeIgniter.php(312): CodeIgniter\CodeIgniter->handleRequest(NULL, Object(Config\Cache), false)
#8 C:\xampp\htdocs\Ecommerce\public\index.php(45): CodeIgniter\CodeIgniter->run()
#9 {main}
CRITICAL - 2020-11-23 15:55:49 --> include(Helpers/header.php): failed to open stream: No such file or directory
#0 C:\xampp\htdocs\Ecommerce\app\Views\home.php(2): CodeIgniter\Debug\Exceptions->errorHandler(2, 'include(Helpers...', 'C:\\xampp\\htdocs...', 2, Array)
#1 C:\xampp\htdocs\Ecommerce\app\Views\home.php(2): include()
#2 C:\xampp\htdocs\Ecommerce\system\View\View.php(246): include('C:\\xampp\\htdocs...')
#3 C:\xampp\htdocs\Ecommerce\system\Common.php(1119): CodeIgniter\View\View->render('home', Array, true)
#4 C:\xampp\htdocs\Ecommerce\app\Controllers\Home.php(7): view('home')
#5 C:\xampp\htdocs\Ecommerce\system\CodeIgniter.php(918): App\Controllers\Home->index()
#6 C:\xampp\htdocs\Ecommerce\system\CodeIgniter.php(404): CodeIgniter\CodeIgniter->runController(Object(App\Controllers\Home))
#7 C:\xampp\htdocs\Ecommerce\system\CodeIgniter.php(312): CodeIgniter\CodeIgniter->handleRequest(NULL, Object(Config\Cache), false)
#8 C:\xampp\htdocs\Ecommerce\public\index.php(45): CodeIgniter\CodeIgniter->run()
#9 {main}
CRITICAL - 2020-11-23 15:56:01 --> include(/Helpers/header.php): failed to open stream: No such file or directory
#0 C:\xampp\htdocs\Ecommerce\app\Views\home.php(2): CodeIgniter\Debug\Exceptions->errorHandler(2, 'include(/Helper...', 'C:\\xampp\\htdocs...', 2, Array)
#1 C:\xampp\htdocs\Ecommerce\app\Views\home.php(2): include()
#2 C:\xampp\htdocs\Ecommerce\system\View\View.php(246): include('C:\\xampp\\htdocs...')
#3 C:\xampp\htdocs\Ecommerce\system\Common.php(1119): CodeIgniter\View\View->render('home', Array, true)
#4 C:\xampp\htdocs\Ecommerce\app\Controllers\Home.php(7): view('home')
#5 C:\xampp\htdocs\Ecommerce\system\CodeIgniter.php(918): App\Controllers\Home->index()
#6 C:\xampp\htdocs\Ecommerce\system\CodeIgniter.php(404): CodeIgniter\CodeIgniter->runController(Object(App\Controllers\Home))
#7 C:\xampp\htdocs\Ecommerce\system\CodeIgniter.php(312): CodeIgniter\CodeIgniter->handleRequest(NULL, Object(Config\Cache), false)
#8 C:\xampp\htdocs\Ecommerce\public\index.php(45): CodeIgniter\CodeIgniter->run()
#9 {main}
CRITICAL - 2020-11-23 15:56:35 --> include(/Helpers/header.php): failed to open stream: No such file or directory
#0 C:\xampp\htdocs\Ecommerce\app\Views\home.php(2): CodeIgniter\Debug\Exceptions->errorHandler(2, 'include(/Helper...', 'C:\\xampp\\htdocs...', 2, Array)
#1 C:\xampp\htdocs\Ecommerce\app\Views\home.php(2): include()
#2 C:\xampp\htdocs\Ecommerce\system\View\View.php(246): include('C:\\xampp\\htdocs...')
#3 C:\xampp\htdocs\Ecommerce\system\Common.php(1119): CodeIgniter\View\View->render('home', Array, true)
#4 C:\xampp\htdocs\Ecommerce\app\Controllers\Home.php(7): view('home')
#5 C:\xampp\htdocs\Ecommerce\system\CodeIgniter.php(918): App\Controllers\Home->index()
#6 C:\xampp\htdocs\Ecommerce\system\CodeIgniter.php(404): CodeIgniter\CodeIgniter->runController(Object(App\Controllers\Home))
#7 C:\xampp\htdocs\Ecommerce\system\CodeIgniter.php(312): CodeIgniter\CodeIgniter->handleRequest(NULL, Object(Config\Cache), false)
#8 C:\xampp\htdocs\Ecommerce\public\index.php(45): CodeIgniter\CodeIgniter->run()
#9 {main}
CRITICAL - 2020-11-23 15:56:58 --> include(../Helpers/header.php): failed to open stream: No such file or directory
#0 C:\xampp\htdocs\Ecommerce\app\Views\home.php(2): CodeIgniter\Debug\Exceptions->errorHandler(2, 'include(../Help...', 'C:\\xampp\\htdocs...', 2, Array)
#1 C:\xampp\htdocs\Ecommerce\app\Views\home.php(2): include()
#2 C:\xampp\htdocs\Ecommerce\system\View\View.php(246): include('C:\\xampp\\htdocs...')
#3 C:\xampp\htdocs\Ecommerce\system\Common.php(1119): CodeIgniter\View\View->render('home', Array, true)
#4 C:\xampp\htdocs\Ecommerce\app\Controllers\Home.php(7): view('home')
#5 C:\xampp\htdocs\Ecommerce\system\CodeIgniter.php(918): App\Controllers\Home->index()
#6 C:\xampp\htdocs\Ecommerce\system\CodeIgniter.php(404): CodeIgniter\CodeIgniter->runController(Object(App\Controllers\Home))
#7 C:\xampp\htdocs\Ecommerce\system\CodeIgniter.php(312): CodeIgniter\CodeIgniter->handleRequest(NULL, Object(Config\Cache), false)
#8 C:\xampp\htdocs\Ecommerce\public\index.php(45): CodeIgniter\CodeIgniter->run()
#9 {main}
CRITICAL - 2020-11-23 15:57:00 --> include(../Helpers/header.php): failed to open stream: No such file or directory
#0 C:\xampp\htdocs\Ecommerce\app\Views\home.php(2): CodeIgniter\Debug\Exceptions->errorHandler(2, 'include(../Help...', 'C:\\xampp\\htdocs...', 2, Array)
#1 C:\xampp\htdocs\Ecommerce\app\Views\home.php(2): include()
#2 C:\xampp\htdocs\Ecommerce\system\View\View.php(246): include('C:\\xampp\\htdocs...')
#3 C:\xampp\htdocs\Ecommerce\system\Common.php(1119): CodeIgniter\View\View->render('home', Array, true)
#4 C:\xampp\htdocs\Ecommerce\app\Controllers\Home.php(7): view('home')
#5 C:\xampp\htdocs\Ecommerce\system\CodeIgniter.php(918): App\Controllers\Home->index()
#6 C:\xampp\htdocs\Ecommerce\system\CodeIgniter.php(404): CodeIgniter\CodeIgniter->runController(Object(App\Controllers\Home))
#7 C:\xampp\htdocs\Ecommerce\system\CodeIgniter.php(312): CodeIgniter\CodeIgniter->handleRequest(NULL, Object(Config\Cache), false)
#8 C:\xampp\htdocs\Ecommerce\public\index.php(45): CodeIgniter\CodeIgniter->run()
#9 {main}
CRITICAL - 2020-11-23 15:57:09 --> include(../Helpers/header.php): failed to open stream: No such file or directory
#0 C:\xampp\htdocs\Ecommerce\app\Views\home.php(2): CodeIgniter\Debug\Exceptions->errorHandler(2, 'include(../Help...', 'C:\\xampp\\htdocs...', 2, Array)
#1 C:\xampp\htdocs\Ecommerce\app\Views\home.php(2): include()
#2 C:\xampp\htdocs\Ecommerce\system\View\View.php(246): include('C:\\xampp\\htdocs...')
#3 C:\xampp\htdocs\Ecommerce\system\Common.php(1119): CodeIgniter\View\View->render('home', Array, true)
#4 C:\xampp\htdocs\Ecommerce\app\Controllers\Home.php(7): view('home')
#5 C:\xampp\htdocs\Ecommerce\system\CodeIgniter.php(918): App\Controllers\Home->index()
#6 C:\xampp\htdocs\Ecommerce\system\CodeIgniter.php(404): CodeIgniter\CodeIgniter->runController(Object(App\Controllers\Home))
#7 C:\xampp\htdocs\Ecommerce\system\CodeIgniter.php(312): CodeIgniter\CodeIgniter->handleRequest(NULL, Object(Config\Cache), false)
#8 C:\xampp\htdocs\Ecommerce\public\index.php(45): CodeIgniter\CodeIgniter->run()
#9 {main}
CRITICAL - 2020-11-23 16:03:32 --> include(/Helpers/header.php): failed to open stream: No such file or directory
#0 C:\xampp\htdocs\Ecommerce\app\Views\home.php(2): CodeIgniter\Debug\Exceptions->errorHandler(2, 'include(/Helper...', 'C:\\xampp\\htdocs...', 2, Array)
#1 C:\xampp\htdocs\Ecommerce\app\Views\home.php(2): include()
#2 C:\xampp\htdocs\Ecommerce\system\View\View.php(246): include('C:\\xampp\\htdocs...')
#3 C:\xampp\htdocs\Ecommerce\system\Common.php(1119): CodeIgniter\View\View->render('home', Array, true)
#4 C:\xampp\htdocs\Ecommerce\app\Controllers\Home.php(7): view('home')
#5 C:\xampp\htdocs\Ecommerce\system\CodeIgniter.php(918): App\Controllers\Home->index()
#6 C:\xampp\htdocs\Ecommerce\system\CodeIgniter.php(404): CodeIgniter\CodeIgniter->runController(Object(App\Controllers\Home))
#7 C:\xampp\htdocs\Ecommerce\system\CodeIgniter.php(312): CodeIgniter\CodeIgniter->handleRequest(NULL, Object(Config\Cache), false)
#8 C:\xampp\htdocs\Ecommerce\public\index.php(45): CodeIgniter\CodeIgniter->run()
#9 {main}
CRITICAL - 2020-11-23 16:03:34 --> include(/Helpers/header.php): failed to open stream: No such file or directory
#0 C:\xampp\htdocs\Ecommerce\app\Views\home.php(2): CodeIgniter\Debug\Exceptions->errorHandler(2, 'include(/Helper...', 'C:\\xampp\\htdocs...', 2, Array)
#1 C:\xampp\htdocs\Ecommerce\app\Views\home.php(2): include()
#2 C:\xampp\htdocs\Ecommerce\system\View\View.php(246): include('C:\\xampp\\htdocs...')
#3 C:\xampp\htdocs\Ecommerce\system\Common.php(1119): CodeIgniter\View\View->render('home', Array, true)
#4 C:\xampp\htdocs\Ecommerce\app\Controllers\Home.php(7): view('home')
#5 C:\xampp\htdocs\Ecommerce\system\CodeIgniter.php(918): App\Controllers\Home->index()
#6 C:\xampp\htdocs\Ecommerce\system\CodeIgniter.php(404): CodeIgniter\CodeIgniter->runController(Object(App\Controllers\Home))
#7 C:\xampp\htdocs\Ecommerce\system\CodeIgniter.php(312): CodeIgniter\CodeIgniter->handleRequest(NULL, Object(Config\Cache), false)
#8 C:\xampp\htdocs\Ecommerce\public\index.php(45): CodeIgniter\CodeIgniter->run()
#9 {main}
