CRITICAL - 2020-11-24 15:36:01 --> Invalid argument supplied for foreach()
#0 C:\xampp\htdocs\Ecommerce\app\Views\home.php(26): CodeIgniter\Debug\Exceptions->errorHandler(2, 'Invalid argumen...', 'C:\\xampp\\htdocs...', 26, Array)
#1 C:\xampp\htdocs\Ecommerce\system\View\View.php(246): include('C:\\xampp\\htdocs...')
#2 C:\xampp\htdocs\Ecommerce\system\Common.php(1119): CodeIgniter\View\View->render('home', Array, true)
#3 C:\xampp\htdocs\Ecommerce\app\Controllers\Home.php(19): view('home')
#4 C:\xampp\htdocs\Ecommerce\system\CodeIgniter.php(918): App\Controllers\Home->index()
#5 C:\xampp\htdocs\Ecommerce\system\CodeIgniter.php(404): CodeIgniter\CodeIgniter->runController(Object(App\Controllers\Home))
#6 C:\xampp\htdocs\Ecommerce\system\CodeIgniter.php(312): CodeIgniter\CodeIgniter->handleRequest(NULL, Object(Config\Cache), false)
#7 C:\xampp\htdocs\Ecommerce\public\index.php(45): CodeIgniter\CodeIgniter->run()
#8 {main}
CRITICAL - 2020-11-24 15:36:33 --> Invalid argument supplied for foreach()
#0 C:\xampp\htdocs\Ecommerce\app\Views\home.php(26): CodeIgniter\Debug\Exceptions->errorHandler(2, 'Invalid argumen...', 'C:\\xampp\\htdocs...', 26, Array)
#1 C:\xampp\htdocs\Ecommerce\system\View\View.php(246): include('C:\\xampp\\htdocs...')
#2 C:\xampp\htdocs\Ecommerce\system\Common.php(1119): CodeIgniter\View\View->render('home', Array, true)
#3 C:\xampp\htdocs\Ecommerce\app\Controllers\Home.php(17): view('home')
#4 C:\xampp\htdocs\Ecommerce\system\CodeIgniter.php(918): App\Controllers\Home->index()
#5 C:\xampp\htdocs\Ecommerce\system\CodeIgniter.php(404): CodeIgniter\CodeIgniter->runController(Object(App\Controllers\Home))
#6 C:\xampp\htdocs\Ecommerce\system\CodeIgniter.php(312): CodeIgniter\CodeIgniter->handleRequest(NULL, Object(Config\Cache), false)
#7 C:\xampp\htdocs\Ecommerce\public\index.php(45): CodeIgniter\CodeIgniter->run()
#8 {main}
CRITICAL - 2020-11-24 15:36:36 --> Invalid argument supplied for foreach()
#0 C:\xampp\htdocs\Ecommerce\app\Views\home.php(26): CodeIgniter\Debug\Exceptions->errorHandler(2, 'Invalid argumen...', 'C:\\xampp\\htdocs...', 26, Array)
#1 C:\xampp\htdocs\Ecommerce\system\View\View.php(246): include('C:\\xampp\\htdocs...')
#2 C:\xampp\htdocs\Ecommerce\system\Common.php(1119): CodeIgniter\View\View->render('home', Array, true)
#3 C:\xampp\htdocs\Ecommerce\app\Controllers\Home.php(17): view('home')
#4 C:\xampp\htdocs\Ecommerce\system\CodeIgniter.php(918): App\Controllers\Home->index()
#5 C:\xampp\htdocs\Ecommerce\system\CodeIgniter.php(404): CodeIgniter\CodeIgniter->runController(Object(App\Controllers\Home))
#6 C:\xampp\htdocs\Ecommerce\system\CodeIgniter.php(312): CodeIgniter\CodeIgniter->handleRequest(NULL, Object(Config\Cache), false)
#7 C:\xampp\htdocs\Ecommerce\public\index.php(45): CodeIgniter\CodeIgniter->run()
#8 {main}
CRITICAL - 2020-11-24 15:42:00 --> Invalid argument supplied for foreach()
#0 C:\xampp\htdocs\Ecommerce\app\Views\home.php(26): CodeIgniter\Debug\Exceptions->errorHandler(2, 'Invalid argumen...', 'C:\\xampp\\htdocs...', 26, Array)
#1 C:\xampp\htdocs\Ecommerce\system\View\View.php(246): include('C:\\xampp\\htdocs...')
#2 C:\xampp\htdocs\Ecommerce\system\Common.php(1119): CodeIgniter\View\View->render('home', Array, true)
#3 C:\xampp\htdocs\Ecommerce\app\Controllers\Home.php(17): view('home')
#4 C:\xampp\htdocs\Ecommerce\system\CodeIgniter.php(918): App\Controllers\Home->index()
#5 C:\xampp\htdocs\Ecommerce\system\CodeIgniter.php(404): CodeIgniter\CodeIgniter->runController(Object(App\Controllers\Home))
#6 C:\xampp\htdocs\Ecommerce\system\CodeIgniter.php(312): CodeIgniter\CodeIgniter->handleRequest(NULL, Object(Config\Cache), false)
#7 C:\xampp\htdocs\Ecommerce\public\index.php(45): CodeIgniter\CodeIgniter->run()
#8 {main}
CRITICAL - 2020-11-24 15:44:02 --> Invalid argument supplied for foreach()
#0 C:\xampp\htdocs\Ecommerce\app\Views\home.php(26): CodeIgniter\Debug\Exceptions->errorHandler(2, 'Invalid argumen...', 'C:\\xampp\\htdocs...', 26, Array)
#1 C:\xampp\htdocs\Ecommerce\system\View\View.php(246): include('C:\\xampp\\htdocs...')
#2 C:\xampp\htdocs\Ecommerce\system\Common.php(1119): CodeIgniter\View\View->render('home', Array, true)
#3 C:\xampp\htdocs\Ecommerce\app\Controllers\Home.php(14): view('home')
#4 C:\xampp\htdocs\Ecommerce\system\CodeIgniter.php(918): App\Controllers\Home->index()
#5 C:\xampp\htdocs\Ecommerce\system\CodeIgniter.php(404): CodeIgniter\CodeIgniter->runController(Object(App\Controllers\Home))
#6 C:\xampp\htdocs\Ecommerce\system\CodeIgniter.php(312): CodeIgniter\CodeIgniter->handleRequest(NULL, Object(Config\Cache), false)
#7 C:\xampp\htdocs\Ecommerce\public\index.php(45): CodeIgniter\CodeIgniter->run()
#8 {main}
CRITICAL - 2020-11-24 15:44:37 --> Use of undefined constant products - assumed 'products' (this will throw an Error in a future version of PHP)
#0 C:\xampp\htdocs\Ecommerce\app\Views\home.php(26): CodeIgniter\Debug\Exceptions->errorHandler(2, 'Use of undefine...', 'C:\\xampp\\htdocs...', 26, Array)
#1 C:\xampp\htdocs\Ecommerce\system\View\View.php(246): include('C:\\xampp\\htdocs...')
#2 C:\xampp\htdocs\Ecommerce\system\Common.php(1119): CodeIgniter\View\View->render('home', Array, true)
#3 C:\xampp\htdocs\Ecommerce\app\Controllers\Home.php(14): view('home')
#4 C:\xampp\htdocs\Ecommerce\system\CodeIgniter.php(918): App\Controllers\Home->index()
#5 C:\xampp\htdocs\Ecommerce\system\CodeIgniter.php(404): CodeIgniter\CodeIgniter->runController(Object(App\Controllers\Home))
#6 C:\xampp\htdocs\Ecommerce\system\CodeIgniter.php(312): CodeIgniter\CodeIgniter->handleRequest(NULL, Object(Config\Cache), false)
#7 C:\xampp\htdocs\Ecommerce\public\index.php(45): CodeIgniter\CodeIgniter->run()
#8 {main}
CRITICAL - 2020-11-24 15:45:19 --> Use of undefined constant products - assumed 'products' (this will throw an Error in a future version of PHP)
#0 C:\xampp\htdocs\Ecommerce\app\Views\home.php(26): CodeIgniter\Debug\Exceptions->errorHandler(2, 'Use of undefine...', 'C:\\xampp\\htdocs...', 26, Array)
#1 C:\xampp\htdocs\Ecommerce\system\View\View.php(246): include('C:\\xampp\\htdocs...')
#2 C:\xampp\htdocs\Ecommerce\system\Common.php(1119): CodeIgniter\View\View->render('home', Array, true)
#3 C:\xampp\htdocs\Ecommerce\app\Controllers\Home.php(14): view('home')
#4 C:\xampp\htdocs\Ecommerce\system\CodeIgniter.php(918): App\Controllers\Home->index()
#5 C:\xampp\htdocs\Ecommerce\system\CodeIgniter.php(404): CodeIgniter\CodeIgniter->runController(Object(App\Controllers\Home))
#6 C:\xampp\htdocs\Ecommerce\system\CodeIgniter.php(312): CodeIgniter\CodeIgniter->handleRequest(NULL, Object(Config\Cache), false)
#7 C:\xampp\htdocs\Ecommerce\public\index.php(45): CodeIgniter\CodeIgniter->run()
#8 {main}
CRITICAL - 2020-11-24 15:45:25 --> Use of undefined constant products - assumed 'products' (this will throw an Error in a future version of PHP)
#0 C:\xampp\htdocs\Ecommerce\app\Views\home.php(26): CodeIgniter\Debug\Exceptions->errorHandler(2, 'Use of undefine...', 'C:\\xampp\\htdocs...', 26, Array)
#1 C:\xampp\htdocs\Ecommerce\system\View\View.php(246): include('C:\\xampp\\htdocs...')
#2 C:\xampp\htdocs\Ecommerce\system\Common.php(1119): CodeIgniter\View\View->render('home', Array, true)
#3 C:\xampp\htdocs\Ecommerce\app\Controllers\Home.php(14): view('home')
#4 C:\xampp\htdocs\Ecommerce\system\CodeIgniter.php(918): App\Controllers\Home->index()
#5 C:\xampp\htdocs\Ecommerce\system\CodeIgniter.php(404): CodeIgniter\CodeIgniter->runController(Object(App\Controllers\Home))
#6 C:\xampp\htdocs\Ecommerce\system\CodeIgniter.php(312): CodeIgniter\CodeIgniter->handleRequest(NULL, Object(Config\Cache), false)
#7 C:\xampp\htdocs\Ecommerce\public\index.php(45): CodeIgniter\CodeIgniter->run()
#8 {main}
CRITICAL - 2020-11-24 15:46:54 --> Use of undefined constant products - assumed 'products' (this will throw an Error in a future version of PHP)
#0 C:\xampp\htdocs\Ecommerce\app\Views\home.php(26): CodeIgniter\Debug\Exceptions->errorHandler(2, 'Use of undefine...', 'C:\\xampp\\htdocs...', 26, Array)
#1 C:\xampp\htdocs\Ecommerce\system\View\View.php(246): include('C:\\xampp\\htdocs...')
#2 C:\xampp\htdocs\Ecommerce\system\Common.php(1119): CodeIgniter\View\View->render('home', Array, true)
#3 C:\xampp\htdocs\Ecommerce\app\Controllers\Home.php(14): view('home')
#4 C:\xampp\htdocs\Ecommerce\system\CodeIgniter.php(918): App\Controllers\Home->index()
#5 C:\xampp\htdocs\Ecommerce\system\CodeIgniter.php(404): CodeIgniter\CodeIgniter->runController(Object(App\Controllers\Home))
#6 C:\xampp\htdocs\Ecommerce\system\CodeIgniter.php(312): CodeIgniter\CodeIgniter->handleRequest(NULL, Object(Config\Cache), false)
#7 C:\xampp\htdocs\Ecommerce\public\index.php(45): CodeIgniter\CodeIgniter->run()
#8 {main}
CRITICAL - 2020-11-24 15:46:58 --> Use of undefined constant products - assumed 'products' (this will throw an Error in a future version of PHP)
#0 C:\xampp\htdocs\Ecommerce\app\Views\home.php(26): CodeIgniter\Debug\Exceptions->errorHandler(2, 'Use of undefine...', 'C:\\xampp\\htdocs...', 26, Array)
#1 C:\xampp\htdocs\Ecommerce\system\View\View.php(246): include('C:\\xampp\\htdocs...')
#2 C:\xampp\htdocs\Ecommerce\system\Common.php(1119): CodeIgniter\View\View->render('home', Array, true)
#3 C:\xampp\htdocs\Ecommerce\app\Controllers\Home.php(14): view('home')
#4 C:\xampp\htdocs\Ecommerce\system\CodeIgniter.php(918): App\Controllers\Home->index()
#5 C:\xampp\htdocs\Ecommerce\system\CodeIgniter.php(404): CodeIgniter\CodeIgniter->runController(Object(App\Controllers\Home))
#6 C:\xampp\htdocs\Ecommerce\system\CodeIgniter.php(312): CodeIgniter\CodeIgniter->handleRequest(NULL, Object(Config\Cache), false)
#7 C:\xampp\htdocs\Ecommerce\public\index.php(45): CodeIgniter\CodeIgniter->run()
#8 {main}
CRITICAL - 2020-11-24 15:51:24 --> Use of undefined constant products - assumed 'products' (this will throw an Error in a future version of PHP)
#0 C:\xampp\htdocs\Ecommerce\app\Views\home.php(26): CodeIgniter\Debug\Exceptions->errorHandler(2, 'Use of undefine...', 'C:\\xampp\\htdocs...', 26, Array)
#1 C:\xampp\htdocs\Ecommerce\system\View\View.php(246): include('C:\\xampp\\htdocs...')
#2 C:\xampp\htdocs\Ecommerce\system\Common.php(1119): CodeIgniter\View\View->render('home', Array, true)
#3 C:\xampp\htdocs\Ecommerce\app\Controllers\Home.php(15): view('home')
#4 C:\xampp\htdocs\Ecommerce\system\CodeIgniter.php(918): App\Controllers\Home->index()
#5 C:\xampp\htdocs\Ecommerce\system\CodeIgniter.php(404): CodeIgniter\CodeIgniter->runController(Object(App\Controllers\Home))
#6 C:\xampp\htdocs\Ecommerce\system\CodeIgniter.php(312): CodeIgniter\CodeIgniter->handleRequest(NULL, Object(Config\Cache), false)
#7 C:\xampp\htdocs\Ecommerce\public\index.php(45): CodeIgniter\CodeIgniter->run()
#8 {main}
CRITICAL - 2020-11-24 15:51:38 --> Use of undefined constant products - assumed 'products' (this will throw an Error in a future version of PHP)
#0 C:\xampp\htdocs\Ecommerce\app\Views\home.php(26): CodeIgniter\Debug\Exceptions->errorHandler(2, 'Use of undefine...', 'C:\\xampp\\htdocs...', 26, Array)
#1 C:\xampp\htdocs\Ecommerce\system\View\View.php(246): include('C:\\xampp\\htdocs...')
#2 C:\xampp\htdocs\Ecommerce\system\Common.php(1119): CodeIgniter\View\View->render('home', Array, true)
#3 C:\xampp\htdocs\Ecommerce\app\Controllers\Home.php(15): view('home')
#4 C:\xampp\htdocs\Ecommerce\system\CodeIgniter.php(918): App\Controllers\Home->index()
#5 C:\xampp\htdocs\Ecommerce\system\CodeIgniter.php(404): CodeIgniter\CodeIgniter->runController(Object(App\Controllers\Home))
#6 C:\xampp\htdocs\Ecommerce\system\CodeIgniter.php(312): CodeIgniter\CodeIgniter->handleRequest(NULL, Object(Config\Cache), false)
#7 C:\xampp\htdocs\Ecommerce\public\index.php(45): CodeIgniter\CodeIgniter->run()
#8 {main}
CRITICAL - 2020-11-24 15:51:55 --> Use of undefined constant products - assumed 'products' (this will throw an Error in a future version of PHP)
#0 C:\xampp\htdocs\Ecommerce\app\Views\home.php(26): CodeIgniter\Debug\Exceptions->errorHandler(2, 'Use of undefine...', 'C:\\xampp\\htdocs...', 26, Array)
#1 C:\xampp\htdocs\Ecommerce\system\View\View.php(246): include('C:\\xampp\\htdocs...')
#2 C:\xampp\htdocs\Ecommerce\system\Common.php(1119): CodeIgniter\View\View->render('home', Array, true)
#3 C:\xampp\htdocs\Ecommerce\app\Controllers\Home.php(15): view('home')
#4 C:\xampp\htdocs\Ecommerce\system\CodeIgniter.php(918): App\Controllers\Home->index()
#5 C:\xampp\htdocs\Ecommerce\system\CodeIgniter.php(404): CodeIgniter\CodeIgniter->runController(Object(App\Controllers\Home))
#6 C:\xampp\htdocs\Ecommerce\system\CodeIgniter.php(312): CodeIgniter\CodeIgniter->handleRequest(NULL, Object(Config\Cache), false)
#7 C:\xampp\htdocs\Ecommerce\public\index.php(45): CodeIgniter\CodeIgniter->run()
#8 {main}
CRITICAL - 2020-11-24 15:52:03 --> Use of undefined constant products - assumed 'products' (this will throw an Error in a future version of PHP)
#0 C:\xampp\htdocs\Ecommerce\app\Views\home.php(26): CodeIgniter\Debug\Exceptions->errorHandler(2, 'Use of undefine...', 'C:\\xampp\\htdocs...', 26, Array)
#1 C:\xampp\htdocs\Ecommerce\system\View\View.php(246): include('C:\\xampp\\htdocs...')
#2 C:\xampp\htdocs\Ecommerce\system\Common.php(1119): CodeIgniter\View\View->render('home', Array, true)
#3 C:\xampp\htdocs\Ecommerce\app\Controllers\Home.php(15): view('home')
#4 C:\xampp\htdocs\Ecommerce\system\CodeIgniter.php(918): App\Controllers\Home->index()
#5 C:\xampp\htdocs\Ecommerce\system\CodeIgniter.php(404): CodeIgniter\CodeIgniter->runController(Object(App\Controllers\Home))
#6 C:\xampp\htdocs\Ecommerce\system\CodeIgniter.php(312): CodeIgniter\CodeIgniter->handleRequest(NULL, Object(Config\Cache), false)
#7 C:\xampp\htdocs\Ecommerce\public\index.php(45): CodeIgniter\CodeIgniter->run()
#8 {main}
CRITICAL - 2020-11-24 15:52:33 --> Invalid file: product_detail.php
#0 C:\xampp\htdocs\Ecommerce\system\View\View.php(228): CodeIgniter\Exceptions\FrameworkException::forInvalidFile('product_detail....')
#1 C:\xampp\htdocs\Ecommerce\system\Common.php(1119): CodeIgniter\View\View->render('product_detail', Array, true)
#2 C:\xampp\htdocs\Ecommerce\app\Controllers\Home.php(13): view('product_detail', Array)
#3 C:\xampp\htdocs\Ecommerce\system\CodeIgniter.php(918): App\Controllers\Home->index()
#4 C:\xampp\htdocs\Ecommerce\system\CodeIgniter.php(404): CodeIgniter\CodeIgniter->runController(Object(App\Controllers\Home))
#5 C:\xampp\htdocs\Ecommerce\system\CodeIgniter.php(312): CodeIgniter\CodeIgniter->handleRequest(NULL, Object(Config\Cache), false)
#6 C:\xampp\htdocs\Ecommerce\public\index.php(45): CodeIgniter\CodeIgniter->run()
#7 {main}
CRITICAL - 2020-11-24 15:52:47 --> Invalid file: product_detail.php
#0 C:\xampp\htdocs\Ecommerce\system\View\View.php(228): CodeIgniter\Exceptions\FrameworkException::forInvalidFile('product_detail....')
#1 C:\xampp\htdocs\Ecommerce\system\Common.php(1119): CodeIgniter\View\View->render('product_detail', Array, true)
#2 C:\xampp\htdocs\Ecommerce\app\Controllers\Home.php(13): view('product_detail', Array)
#3 C:\xampp\htdocs\Ecommerce\system\CodeIgniter.php(918): App\Controllers\Home->index()
#4 C:\xampp\htdocs\Ecommerce\system\CodeIgniter.php(404): CodeIgniter\CodeIgniter->runController(Object(App\Controllers\Home))
#5 C:\xampp\htdocs\Ecommerce\system\CodeIgniter.php(312): CodeIgniter\CodeIgniter->handleRequest(NULL, Object(Config\Cache), false)
#6 C:\xampp\htdocs\Ecommerce\public\index.php(45): CodeIgniter\CodeIgniter->run()
#7 {main}
CRITICAL - 2020-11-24 15:53:16 --> Invalid file: product_list.php
#0 C:\xampp\htdocs\Ecommerce\system\View\View.php(228): CodeIgniter\Exceptions\FrameworkException::forInvalidFile('product_list.ph...')
#1 C:\xampp\htdocs\Ecommerce\system\Common.php(1119): CodeIgniter\View\View->render('product_list', Array, true)
#2 C:\xampp\htdocs\Ecommerce\app\Controllers\Home.php(13): view('product_list', Array)
#3 C:\xampp\htdocs\Ecommerce\system\CodeIgniter.php(918): App\Controllers\Home->index()
#4 C:\xampp\htdocs\Ecommerce\system\CodeIgniter.php(404): CodeIgniter\CodeIgniter->runController(Object(App\Controllers\Home))
#5 C:\xampp\htdocs\Ecommerce\system\CodeIgniter.php(312): CodeIgniter\CodeIgniter->handleRequest(NULL, Object(Config\Cache), false)
#6 C:\xampp\htdocs\Ecommerce\public\index.php(45): CodeIgniter\CodeIgniter->run()
#7 {main}
CRITICAL - 2020-11-24 15:53:18 --> Invalid file: product_list.php
#0 C:\xampp\htdocs\Ecommerce\system\View\View.php(228): CodeIgniter\Exceptions\FrameworkException::forInvalidFile('product_list.ph...')
#1 C:\xampp\htdocs\Ecommerce\system\Common.php(1119): CodeIgniter\View\View->render('product_list', Array, true)
#2 C:\xampp\htdocs\Ecommerce\app\Controllers\Home.php(13): view('product_list', Array)
#3 C:\xampp\htdocs\Ecommerce\system\CodeIgniter.php(918): App\Controllers\Home->index()
#4 C:\xampp\htdocs\Ecommerce\system\CodeIgniter.php(404): CodeIgniter\CodeIgniter->runController(Object(App\Controllers\Home))
#5 C:\xampp\htdocs\Ecommerce\system\CodeIgniter.php(312): CodeIgniter\CodeIgniter->handleRequest(NULL, Object(Config\Cache), false)
#6 C:\xampp\htdocs\Ecommerce\public\index.php(45): CodeIgniter\CodeIgniter->run()
#7 {main}
CRITICAL - 2020-11-24 15:53:20 --> Invalid file: product_list.php
#0 C:\xampp\htdocs\Ecommerce\system\View\View.php(228): CodeIgniter\Exceptions\FrameworkException::forInvalidFile('product_list.ph...')
#1 C:\xampp\htdocs\Ecommerce\system\Common.php(1119): CodeIgniter\View\View->render('product_list', Array, true)
#2 C:\xampp\htdocs\Ecommerce\app\Controllers\Home.php(13): view('product_list', Array)
#3 C:\xampp\htdocs\Ecommerce\system\CodeIgniter.php(918): App\Controllers\Home->index()
#4 C:\xampp\htdocs\Ecommerce\system\CodeIgniter.php(404): CodeIgniter\CodeIgniter->runController(Object(App\Controllers\Home))
#5 C:\xampp\htdocs\Ecommerce\system\CodeIgniter.php(312): CodeIgniter\CodeIgniter->handleRequest(NULL, Object(Config\Cache), false)
#6 C:\xampp\htdocs\Ecommerce\public\index.php(45): CodeIgniter\CodeIgniter->run()
#7 {main}
CRITICAL - 2020-11-24 15:53:33 --> Invalid file: product_list.php
#0 C:\xampp\htdocs\Ecommerce\system\View\View.php(228): CodeIgniter\Exceptions\FrameworkException::forInvalidFile('product_list.ph...')
#1 C:\xampp\htdocs\Ecommerce\system\Common.php(1119): CodeIgniter\View\View->render('product_list', Array, true)
#2 C:\xampp\htdocs\Ecommerce\app\Controllers\Home.php(13): view('product_list', Array)
#3 C:\xampp\htdocs\Ecommerce\system\CodeIgniter.php(918): App\Controllers\Home->index()
#4 C:\xampp\htdocs\Ecommerce\system\CodeIgniter.php(404): CodeIgniter\CodeIgniter->runController(Object(App\Controllers\Home))
#5 C:\xampp\htdocs\Ecommerce\system\CodeIgniter.php(312): CodeIgniter\CodeIgniter->handleRequest(NULL, Object(Config\Cache), false)
#6 C:\xampp\htdocs\Ecommerce\public\index.php(45): CodeIgniter\CodeIgniter->run()
#7 {main}
CRITICAL - 2020-11-24 15:53:36 --> Invalid file: product_list.php
#0 C:\xampp\htdocs\Ecommerce\system\View\View.php(228): CodeIgniter\Exceptions\FrameworkException::forInvalidFile('product_list.ph...')
#1 C:\xampp\htdocs\Ecommerce\system\Common.php(1119): CodeIgniter\View\View->render('product_list', Array, true)
#2 C:\xampp\htdocs\Ecommerce\app\Controllers\Home.php(13): view('product_list', Array)
#3 C:\xampp\htdocs\Ecommerce\system\CodeIgniter.php(918): App\Controllers\Home->index()
#4 C:\xampp\htdocs\Ecommerce\system\CodeIgniter.php(404): CodeIgniter\CodeIgniter->runController(Object(App\Controllers\Home))
#5 C:\xampp\htdocs\Ecommerce\system\CodeIgniter.php(312): CodeIgniter\CodeIgniter->handleRequest(NULL, Object(Config\Cache), false)
#6 C:\xampp\htdocs\Ecommerce\public\index.php(45): CodeIgniter\CodeIgniter->run()
#7 {main}
CRITICAL - 2020-11-24 15:54:02 --> Invalid file: product_list.php
#0 C:\xampp\htdocs\Ecommerce\system\View\View.php(228): CodeIgniter\Exceptions\FrameworkException::forInvalidFile('product_list.ph...')
#1 C:\xampp\htdocs\Ecommerce\system\Common.php(1119): CodeIgniter\View\View->render('product_list', Array, true)
#2 C:\xampp\htdocs\Ecommerce\app\Controllers\Home.php(13): view('product_list', Array)
#3 C:\xampp\htdocs\Ecommerce\system\CodeIgniter.php(918): App\Controllers\Home->index()
#4 C:\xampp\htdocs\Ecommerce\system\CodeIgniter.php(404): CodeIgniter\CodeIgniter->runController(Object(App\Controllers\Home))
#5 C:\xampp\htdocs\Ecommerce\system\CodeIgniter.php(312): CodeIgniter\CodeIgniter->handleRequest(NULL, Object(Config\Cache), false)
#6 C:\xampp\htdocs\Ecommerce\public\index.php(45): CodeIgniter\CodeIgniter->run()
#7 {main}
CRITICAL - 2020-11-24 15:55:07 --> Invalid file: product_list.php
#0 C:\xampp\htdocs\Ecommerce\system\View\View.php(228): CodeIgniter\Exceptions\FrameworkException::forInvalidFile('product_list.ph...')
#1 C:\xampp\htdocs\Ecommerce\system\Common.php(1119): CodeIgniter\View\View->render('product_list', Array, true)
#2 C:\xampp\htdocs\Ecommerce\app\Controllers\Home.php(13): view('product_list', Array)
#3 C:\xampp\htdocs\Ecommerce\system\CodeIgniter.php(918): App\Controllers\Home->index()
#4 C:\xampp\htdocs\Ecommerce\system\CodeIgniter.php(404): CodeIgniter\CodeIgniter->runController(Object(App\Controllers\Home))
#5 C:\xampp\htdocs\Ecommerce\system\CodeIgniter.php(312): CodeIgniter\CodeIgniter->handleRequest(NULL, Object(Config\Cache), false)
#6 C:\xampp\htdocs\Ecommerce\public\index.php(45): CodeIgniter\CodeIgniter->run()
#7 {main}
CRITICAL - 2020-11-24 15:55:29 --> Invalid file: product_list.php
#0 C:\xampp\htdocs\Ecommerce\system\View\View.php(228): CodeIgniter\Exceptions\FrameworkException::forInvalidFile('product_list.ph...')
#1 C:\xampp\htdocs\Ecommerce\system\Common.php(1119): CodeIgniter\View\View->render('product_list', Array, true)
#2 C:\xampp\htdocs\Ecommerce\app\Controllers\Home.php(13): view('product_list', Array)
#3 C:\xampp\htdocs\Ecommerce\system\CodeIgniter.php(918): App\Controllers\Home->index()
#4 C:\xampp\htdocs\Ecommerce\system\CodeIgniter.php(404): CodeIgniter\CodeIgniter->runController(Object(App\Controllers\Home))
#5 C:\xampp\htdocs\Ecommerce\system\CodeIgniter.php(312): CodeIgniter\CodeIgniter->handleRequest(NULL, Object(Config\Cache), false)
#6 C:\xampp\htdocs\Ecommerce\public\index.php(45): CodeIgniter\CodeIgniter->run()
#7 {main}
CRITICAL - 2020-11-24 15:55:31 --> Invalid file: product_list.php
#0 C:\xampp\htdocs\Ecommerce\system\View\View.php(228): CodeIgniter\Exceptions\FrameworkException::forInvalidFile('product_list.ph...')
#1 C:\xampp\htdocs\Ecommerce\system\Common.php(1119): CodeIgniter\View\View->render('product_list', Array, true)
#2 C:\xampp\htdocs\Ecommerce\app\Controllers\Home.php(13): view('product_list', Array)
#3 C:\xampp\htdocs\Ecommerce\system\CodeIgniter.php(918): App\Controllers\Home->index()
#4 C:\xampp\htdocs\Ecommerce\system\CodeIgniter.php(404): CodeIgniter\CodeIgniter->runController(Object(App\Controllers\Home))
#5 C:\xampp\htdocs\Ecommerce\system\CodeIgniter.php(312): CodeIgniter\CodeIgniter->handleRequest(NULL, Object(Config\Cache), false)
#6 C:\xampp\htdocs\Ecommerce\public\index.php(45): CodeIgniter\CodeIgniter->run()
#7 {main}
CRITICAL - 2020-11-24 15:56:57 --> Invalid file: product_list.php
#0 C:\xampp\htdocs\Ecommerce\system\View\View.php(228): CodeIgniter\Exceptions\FrameworkException::forInvalidFile('product_list.ph...')
#1 C:\xampp\htdocs\Ecommerce\system\Common.php(1119): CodeIgniter\View\View->render('product_list', Array, true)
#2 C:\xampp\htdocs\Ecommerce\app\Controllers\Home.php(13): view('product_list', Array)
#3 C:\xampp\htdocs\Ecommerce\system\CodeIgniter.php(918): App\Controllers\Home->index()
#4 C:\xampp\htdocs\Ecommerce\system\CodeIgniter.php(404): CodeIgniter\CodeIgniter->runController(Object(App\Controllers\Home))
#5 C:\xampp\htdocs\Ecommerce\system\CodeIgniter.php(312): CodeIgniter\CodeIgniter->handleRequest(NULL, Object(Config\Cache), false)
#6 C:\xampp\htdocs\Ecommerce\public\index.php(45): CodeIgniter\CodeIgniter->run()
#7 {main}
CRITICAL - 2020-11-24 15:57:01 --> Invalid file: product_list.php
#0 C:\xampp\htdocs\Ecommerce\system\View\View.php(228): CodeIgniter\Exceptions\FrameworkException::forInvalidFile('product_list.ph...')
#1 C:\xampp\htdocs\Ecommerce\system\Common.php(1119): CodeIgniter\View\View->render('product_list', Array, true)
#2 C:\xampp\htdocs\Ecommerce\app\Controllers\Home.php(13): view('product_list', Array)
#3 C:\xampp\htdocs\Ecommerce\system\CodeIgniter.php(918): App\Controllers\Home->index()
#4 C:\xampp\htdocs\Ecommerce\system\CodeIgniter.php(404): CodeIgniter\CodeIgniter->runController(Object(App\Controllers\Home))
#5 C:\xampp\htdocs\Ecommerce\system\CodeIgniter.php(312): CodeIgniter\CodeIgniter->handleRequest(NULL, Object(Config\Cache), false)
#6 C:\xampp\htdocs\Ecommerce\public\index.php(45): CodeIgniter\CodeIgniter->run()
#7 {main}
CRITICAL - 2020-11-24 15:57:37 --> Invalid file: product_list.php
#0 C:\xampp\htdocs\Ecommerce\system\View\View.php(228): CodeIgniter\Exceptions\FrameworkException::forInvalidFile('product_list.ph...')
#1 C:\xampp\htdocs\Ecommerce\system\Common.php(1119): CodeIgniter\View\View->render('product_list', Array, true)
#2 C:\xampp\htdocs\Ecommerce\app\Controllers\Home.php(13): view('product_list', Array)
#3 C:\xampp\htdocs\Ecommerce\system\CodeIgniter.php(918): App\Controllers\Home->index()
#4 C:\xampp\htdocs\Ecommerce\system\CodeIgniter.php(404): CodeIgniter\CodeIgniter->runController(Object(App\Controllers\Home))
#5 C:\xampp\htdocs\Ecommerce\system\CodeIgniter.php(312): CodeIgniter\CodeIgniter->handleRequest(NULL, Object(Config\Cache), false)
#6 C:\xampp\htdocs\Ecommerce\public\index.php(45): CodeIgniter\CodeIgniter->run()
#7 {main}
CRITICAL - 2020-11-24 15:57:38 --> Invalid file: product_list.php
#0 C:\xampp\htdocs\Ecommerce\system\View\View.php(228): CodeIgniter\Exceptions\FrameworkException::forInvalidFile('product_list.ph...')
#1 C:\xampp\htdocs\Ecommerce\system\Common.php(1119): CodeIgniter\View\View->render('product_list', Array, true)
#2 C:\xampp\htdocs\Ecommerce\app\Controllers\Home.php(13): view('product_list', Array)
#3 C:\xampp\htdocs\Ecommerce\system\CodeIgniter.php(918): App\Controllers\Home->index()
#4 C:\xampp\htdocs\Ecommerce\system\CodeIgniter.php(404): CodeIgniter\CodeIgniter->runController(Object(App\Controllers\Home))
#5 C:\xampp\htdocs\Ecommerce\system\CodeIgniter.php(312): CodeIgniter\CodeIgniter->handleRequest(NULL, Object(Config\Cache), false)
#6 C:\xampp\htdocs\Ecommerce\public\index.php(45): CodeIgniter\CodeIgniter->run()
#7 {main}
CRITICAL - 2020-11-24 15:57:39 --> Invalid file: product_list.php
#0 C:\xampp\htdocs\Ecommerce\system\View\View.php(228): CodeIgniter\Exceptions\FrameworkException::forInvalidFile('product_list.ph...')
#1 C:\xampp\htdocs\Ecommerce\system\Common.php(1119): CodeIgniter\View\View->render('product_list', Array, true)
#2 C:\xampp\htdocs\Ecommerce\app\Controllers\Home.php(13): view('product_list', Array)
#3 C:\xampp\htdocs\Ecommerce\system\CodeIgniter.php(918): App\Controllers\Home->index()
#4 C:\xampp\htdocs\Ecommerce\system\CodeIgniter.php(404): CodeIgniter\CodeIgniter->runController(Object(App\Controllers\Home))
#5 C:\xampp\htdocs\Ecommerce\system\CodeIgniter.php(312): CodeIgniter\CodeIgniter->handleRequest(NULL, Object(Config\Cache), false)
#6 C:\xampp\htdocs\Ecommerce\public\index.php(45): CodeIgniter\CodeIgniter->run()
#7 {main}
CRITICAL - 2020-11-24 15:57:39 --> Invalid file: product_list.php
#0 C:\xampp\htdocs\Ecommerce\system\View\View.php(228): CodeIgniter\Exceptions\FrameworkException::forInvalidFile('product_list.ph...')
#1 C:\xampp\htdocs\Ecommerce\system\Common.php(1119): CodeIgniter\View\View->render('product_list', Array, true)
#2 C:\xampp\htdocs\Ecommerce\app\Controllers\Home.php(13): view('product_list', Array)
#3 C:\xampp\htdocs\Ecommerce\system\CodeIgniter.php(918): App\Controllers\Home->index()
#4 C:\xampp\htdocs\Ecommerce\system\CodeIgniter.php(404): CodeIgniter\CodeIgniter->runController(Object(App\Controllers\Home))
#5 C:\xampp\htdocs\Ecommerce\system\CodeIgniter.php(312): CodeIgniter\CodeIgniter->handleRequest(NULL, Object(Config\Cache), false)
#6 C:\xampp\htdocs\Ecommerce\public\index.php(45): CodeIgniter\CodeIgniter->run()
#7 {main}
CRITICAL - 2020-11-24 15:57:39 --> Invalid file: product_list.php
#0 C:\xampp\htdocs\Ecommerce\system\View\View.php(228): CodeIgniter\Exceptions\FrameworkException::forInvalidFile('product_list.ph...')
#1 C:\xampp\htdocs\Ecommerce\system\Common.php(1119): CodeIgniter\View\View->render('product_list', Array, true)
#2 C:\xampp\htdocs\Ecommerce\app\Controllers\Home.php(13): view('product_list', Array)
#3 C:\xampp\htdocs\Ecommerce\system\CodeIgniter.php(918): App\Controllers\Home->index()
#4 C:\xampp\htdocs\Ecommerce\system\CodeIgniter.php(404): CodeIgniter\CodeIgniter->runController(Object(App\Controllers\Home))
#5 C:\xampp\htdocs\Ecommerce\system\CodeIgniter.php(312): CodeIgniter\CodeIgniter->handleRequest(NULL, Object(Config\Cache), false)
#6 C:\xampp\htdocs\Ecommerce\public\index.php(45): CodeIgniter\CodeIgniter->run()
#7 {main}
CRITICAL - 2020-11-24 15:57:39 --> Invalid file: product_list.php
#0 C:\xampp\htdocs\Ecommerce\system\View\View.php(228): CodeIgniter\Exceptions\FrameworkException::forInvalidFile('product_list.ph...')
#1 C:\xampp\htdocs\Ecommerce\system\Common.php(1119): CodeIgniter\View\View->render('product_list', Array, true)
#2 C:\xampp\htdocs\Ecommerce\app\Controllers\Home.php(13): view('product_list', Array)
#3 C:\xampp\htdocs\Ecommerce\system\CodeIgniter.php(918): App\Controllers\Home->index()
#4 C:\xampp\htdocs\Ecommerce\system\CodeIgniter.php(404): CodeIgniter\CodeIgniter->runController(Object(App\Controllers\Home))
#5 C:\xampp\htdocs\Ecommerce\system\CodeIgniter.php(312): CodeIgniter\CodeIgniter->handleRequest(NULL, Object(Config\Cache), false)
#6 C:\xampp\htdocs\Ecommerce\public\index.php(45): CodeIgniter\CodeIgniter->run()
#7 {main}
CRITICAL - 2020-11-24 15:57:39 --> Invalid file: product_list.php
#0 C:\xampp\htdocs\Ecommerce\system\View\View.php(228): CodeIgniter\Exceptions\FrameworkException::forInvalidFile('product_list.ph...')
#1 C:\xampp\htdocs\Ecommerce\system\Common.php(1119): CodeIgniter\View\View->render('product_list', Array, true)
#2 C:\xampp\htdocs\Ecommerce\app\Controllers\Home.php(13): view('product_list', Array)
#3 C:\xampp\htdocs\Ecommerce\system\CodeIgniter.php(918): App\Controllers\Home->index()
#4 C:\xampp\htdocs\Ecommerce\system\CodeIgniter.php(404): CodeIgniter\CodeIgniter->runController(Object(App\Controllers\Home))
#5 C:\xampp\htdocs\Ecommerce\system\CodeIgniter.php(312): CodeIgniter\CodeIgniter->handleRequest(NULL, Object(Config\Cache), false)
#6 C:\xampp\htdocs\Ecommerce\public\index.php(45): CodeIgniter\CodeIgniter->run()
#7 {main}
CRITICAL - 2020-11-24 16:04:06 --> Invalid argument supplied for foreach()
#0 C:\xampp\htdocs\Ecommerce\app\Views\home.php(26): CodeIgniter\Debug\Exceptions->errorHandler(2, 'Invalid argumen...', 'C:\\xampp\\htdocs...', 26, Array)
#1 C:\xampp\htdocs\Ecommerce\system\View\View.php(246): include('C:\\xampp\\htdocs...')
#2 C:\xampp\htdocs\Ecommerce\system\Common.php(1119): CodeIgniter\View\View->render('home', Array, true)
#3 C:\xampp\htdocs\Ecommerce\app\Controllers\Home.php(14): view('home', Array)
#4 C:\xampp\htdocs\Ecommerce\system\CodeIgniter.php(918): App\Controllers\Home->index()
#5 C:\xampp\htdocs\Ecommerce\system\CodeIgniter.php(404): CodeIgniter\CodeIgniter->runController(Object(App\Controllers\Home))
#6 C:\xampp\htdocs\Ecommerce\system\CodeIgniter.php(312): CodeIgniter\CodeIgniter->handleRequest(NULL, Object(Config\Cache), false)
#7 C:\xampp\htdocs\Ecommerce\public\index.php(45): CodeIgniter\CodeIgniter->run()
#8 {main}
CRITICAL - 2020-11-24 16:04:22 --> Invalid argument supplied for foreach()
#0 C:\xampp\htdocs\Ecommerce\app\Views\home.php(26): CodeIgniter\Debug\Exceptions->errorHandler(2, 'Invalid argumen...', 'C:\\xampp\\htdocs...', 26, Array)
#1 C:\xampp\htdocs\Ecommerce\system\View\View.php(246): include('C:\\xampp\\htdocs...')
#2 C:\xampp\htdocs\Ecommerce\system\Common.php(1119): CodeIgniter\View\View->render('home', Array, true)
#3 C:\xampp\htdocs\Ecommerce\app\Controllers\Home.php(14): view('home', Array)
#4 C:\xampp\htdocs\Ecommerce\system\CodeIgniter.php(918): App\Controllers\Home->index()
#5 C:\xampp\htdocs\Ecommerce\system\CodeIgniter.php(404): CodeIgniter\CodeIgniter->runController(Object(App\Controllers\Home))
#6 C:\xampp\htdocs\Ecommerce\system\CodeIgniter.php(312): CodeIgniter\CodeIgniter->handleRequest(NULL, Object(Config\Cache), false)
#7 C:\xampp\htdocs\Ecommerce\public\index.php(45): CodeIgniter\CodeIgniter->run()
#8 {main}
CRITICAL - 2020-11-24 16:04:24 --> Invalid argument supplied for foreach()
#0 C:\xampp\htdocs\Ecommerce\app\Views\home.php(26): CodeIgniter\Debug\Exceptions->errorHandler(2, 'Invalid argumen...', 'C:\\xampp\\htdocs...', 26, Array)
#1 C:\xampp\htdocs\Ecommerce\system\View\View.php(246): include('C:\\xampp\\htdocs...')
#2 C:\xampp\htdocs\Ecommerce\system\Common.php(1119): CodeIgniter\View\View->render('home', Array, true)
#3 C:\xampp\htdocs\Ecommerce\app\Controllers\Home.php(14): view('home', Array)
#4 C:\xampp\htdocs\Ecommerce\system\CodeIgniter.php(918): App\Controllers\Home->index()
#5 C:\xampp\htdocs\Ecommerce\system\CodeIgniter.php(404): CodeIgniter\CodeIgniter->runController(Object(App\Controllers\Home))
#6 C:\xampp\htdocs\Ecommerce\system\CodeIgniter.php(312): CodeIgniter\CodeIgniter->handleRequest(NULL, Object(Config\Cache), false)
#7 C:\xampp\htdocs\Ecommerce\public\index.php(45): CodeIgniter\CodeIgniter->run()
#8 {main}
CRITICAL - 2020-11-24 16:04:44 --> Invalid argument supplied for foreach()
#0 C:\xampp\htdocs\Ecommerce\app\Views\home.php(26): CodeIgniter\Debug\Exceptions->errorHandler(2, 'Invalid argumen...', 'C:\\xampp\\htdocs...', 26, Array)
#1 C:\xampp\htdocs\Ecommerce\system\View\View.php(246): include('C:\\xampp\\htdocs...')
#2 C:\xampp\htdocs\Ecommerce\system\Common.php(1119): CodeIgniter\View\View->render('home', Array, true)
#3 C:\xampp\htdocs\Ecommerce\app\Controllers\Home.php(14): view('home', Array)
#4 C:\xampp\htdocs\Ecommerce\system\CodeIgniter.php(918): App\Controllers\Home->index()
#5 C:\xampp\htdocs\Ecommerce\system\CodeIgniter.php(404): CodeIgniter\CodeIgniter->runController(Object(App\Controllers\Home))
#6 C:\xampp\htdocs\Ecommerce\system\CodeIgniter.php(312): CodeIgniter\CodeIgniter->handleRequest(NULL, Object(Config\Cache), false)
#7 C:\xampp\htdocs\Ecommerce\public\index.php(45): CodeIgniter\CodeIgniter->run()
#8 {main}
CRITICAL - 2020-11-24 16:04:46 --> Invalid argument supplied for foreach()
#0 C:\xampp\htdocs\Ecommerce\app\Views\home.php(26): CodeIgniter\Debug\Exceptions->errorHandler(2, 'Invalid argumen...', 'C:\\xampp\\htdocs...', 26, Array)
#1 C:\xampp\htdocs\Ecommerce\system\View\View.php(246): include('C:\\xampp\\htdocs...')
#2 C:\xampp\htdocs\Ecommerce\system\Common.php(1119): CodeIgniter\View\View->render('home', Array, true)
#3 C:\xampp\htdocs\Ecommerce\app\Controllers\Home.php(14): view('home', Array)
#4 C:\xampp\htdocs\Ecommerce\system\CodeIgniter.php(918): App\Controllers\Home->index()
#5 C:\xampp\htdocs\Ecommerce\system\CodeIgniter.php(404): CodeIgniter\CodeIgniter->runController(Object(App\Controllers\Home))
#6 C:\xampp\htdocs\Ecommerce\system\CodeIgniter.php(312): CodeIgniter\CodeIgniter->handleRequest(NULL, Object(Config\Cache), false)
#7 C:\xampp\htdocs\Ecommerce\public\index.php(45): CodeIgniter\CodeIgniter->run()
#8 {main}
CRITICAL - 2020-11-24 16:04:47 --> Invalid argument supplied for foreach()
#0 C:\xampp\htdocs\Ecommerce\app\Views\home.php(26): CodeIgniter\Debug\Exceptions->errorHandler(2, 'Invalid argumen...', 'C:\\xampp\\htdocs...', 26, Array)
#1 C:\xampp\htdocs\Ecommerce\system\View\View.php(246): include('C:\\xampp\\htdocs...')
#2 C:\xampp\htdocs\Ecommerce\system\Common.php(1119): CodeIgniter\View\View->render('home', Array, true)
#3 C:\xampp\htdocs\Ecommerce\app\Controllers\Home.php(14): view('home', Array)
#4 C:\xampp\htdocs\Ecommerce\system\CodeIgniter.php(918): App\Controllers\Home->index()
#5 C:\xampp\htdocs\Ecommerce\system\CodeIgniter.php(404): CodeIgniter\CodeIgniter->runController(Object(App\Controllers\Home))
#6 C:\xampp\htdocs\Ecommerce\system\CodeIgniter.php(312): CodeIgniter\CodeIgniter->handleRequest(NULL, Object(Config\Cache), false)
#7 C:\xampp\htdocs\Ecommerce\public\index.php(45): CodeIgniter\CodeIgniter->run()
#8 {main}
CRITICAL - 2020-11-24 16:04:49 --> Invalid argument supplied for foreach()
#0 C:\xampp\htdocs\Ecommerce\app\Views\home.php(26): CodeIgniter\Debug\Exceptions->errorHandler(2, 'Invalid argumen...', 'C:\\xampp\\htdocs...', 26, Array)
#1 C:\xampp\htdocs\Ecommerce\system\View\View.php(246): include('C:\\xampp\\htdocs...')
#2 C:\xampp\htdocs\Ecommerce\system\Common.php(1119): CodeIgniter\View\View->render('home', Array, true)
#3 C:\xampp\htdocs\Ecommerce\app\Controllers\Home.php(14): view('home', Array)
#4 C:\xampp\htdocs\Ecommerce\system\CodeIgniter.php(918): App\Controllers\Home->index()
#5 C:\xampp\htdocs\Ecommerce\system\CodeIgniter.php(404): CodeIgniter\CodeIgniter->runController(Object(App\Controllers\Home))
#6 C:\xampp\htdocs\Ecommerce\system\CodeIgniter.php(312): CodeIgniter\CodeIgniter->handleRequest(NULL, Object(Config\Cache), false)
#7 C:\xampp\htdocs\Ecommerce\public\index.php(45): CodeIgniter\CodeIgniter->run()
#8 {main}
CRITICAL - 2020-11-24 16:05:31 --> Invalid argument supplied for foreach()
#0 C:\xampp\htdocs\Ecommerce\app\Views\home.php(26): CodeIgniter\Debug\Exceptions->errorHandler(2, 'Invalid argumen...', 'C:\\xampp\\htdocs...', 26, Array)
#1 C:\xampp\htdocs\Ecommerce\system\View\View.php(246): include('C:\\xampp\\htdocs...')
#2 C:\xampp\htdocs\Ecommerce\system\Common.php(1119): CodeIgniter\View\View->render('home', Array, true)
#3 C:\xampp\htdocs\Ecommerce\app\Controllers\Home.php(14): view('home', Array)
#4 C:\xampp\htdocs\Ecommerce\system\CodeIgniter.php(918): App\Controllers\Home->index()
#5 C:\xampp\htdocs\Ecommerce\system\CodeIgniter.php(404): CodeIgniter\CodeIgniter->runController(Object(App\Controllers\Home))
#6 C:\xampp\htdocs\Ecommerce\system\CodeIgniter.php(312): CodeIgniter\CodeIgniter->handleRequest(NULL, Object(Config\Cache), false)
#7 C:\xampp\htdocs\Ecommerce\public\index.php(45): CodeIgniter\CodeIgniter->run()
#8 {main}
CRITICAL - 2020-11-24 16:05:40 --> Invalid argument supplied for foreach()
#0 C:\xampp\htdocs\Ecommerce\app\Views\home.php(26): CodeIgniter\Debug\Exceptions->errorHandler(2, 'Invalid argumen...', 'C:\\xampp\\htdocs...', 26, Array)
#1 C:\xampp\htdocs\Ecommerce\system\View\View.php(246): include('C:\\xampp\\htdocs...')
#2 C:\xampp\htdocs\Ecommerce\system\Common.php(1119): CodeIgniter\View\View->render('home', Array, true)
#3 C:\xampp\htdocs\Ecommerce\app\Controllers\Home.php(14): view('home', Array)
#4 C:\xampp\htdocs\Ecommerce\system\CodeIgniter.php(918): App\Controllers\Home->index()
#5 C:\xampp\htdocs\Ecommerce\system\CodeIgniter.php(404): CodeIgniter\CodeIgniter->runController(Object(App\Controllers\Home))
#6 C:\xampp\htdocs\Ecommerce\system\CodeIgniter.php(312): CodeIgniter\CodeIgniter->handleRequest(NULL, Object(Config\Cache), false)
#7 C:\xampp\htdocs\Ecommerce\public\index.php(45): CodeIgniter\CodeIgniter->run()
#8 {main}
CRITICAL - 2020-11-24 16:05:44 --> Invalid argument supplied for foreach()
#0 C:\xampp\htdocs\Ecommerce\app\Views\home.php(26): CodeIgniter\Debug\Exceptions->errorHandler(2, 'Invalid argumen...', 'C:\\xampp\\htdocs...', 26, Array)
#1 C:\xampp\htdocs\Ecommerce\system\View\View.php(246): include('C:\\xampp\\htdocs...')
#2 C:\xampp\htdocs\Ecommerce\system\Common.php(1119): CodeIgniter\View\View->render('home', Array, true)
#3 C:\xampp\htdocs\Ecommerce\app\Controllers\Home.php(14): view('home', Array)
#4 C:\xampp\htdocs\Ecommerce\system\CodeIgniter.php(918): App\Controllers\Home->index()
#5 C:\xampp\htdocs\Ecommerce\system\CodeIgniter.php(404): CodeIgniter\CodeIgniter->runController(Object(App\Controllers\Home))
#6 C:\xampp\htdocs\Ecommerce\system\CodeIgniter.php(312): CodeIgniter\CodeIgniter->handleRequest(NULL, Object(Config\Cache), false)
#7 C:\xampp\htdocs\Ecommerce\public\index.php(45): CodeIgniter\CodeIgniter->run()
#8 {main}
CRITICAL - 2020-11-24 16:07:27 --> Argument 2 passed to view() must be of the type array, string given, called in C:\xampp\htdocs\Ecommerce\app\Controllers\Home.php on line 16
#0 C:\xampp\htdocs\Ecommerce\app\Controllers\Home.php(16): view('home', 'Pink Chair')
#1 C:\xampp\htdocs\Ecommerce\system\CodeIgniter.php(918): App\Controllers\Home->index()
#2 C:\xampp\htdocs\Ecommerce\system\CodeIgniter.php(404): CodeIgniter\CodeIgniter->runController(Object(App\Controllers\Home))
#3 C:\xampp\htdocs\Ecommerce\system\CodeIgniter.php(312): CodeIgniter\CodeIgniter->handleRequest(NULL, Object(Config\Cache), false)
#4 C:\xampp\htdocs\Ecommerce\public\index.php(45): CodeIgniter\CodeIgniter->run()
#5 {main}
CRITICAL - 2020-11-24 16:07:38 --> Argument 2 passed to view() must be of the type array, string given, called in C:\xampp\htdocs\Ecommerce\app\Controllers\Home.php on line 16
#0 C:\xampp\htdocs\Ecommerce\app\Controllers\Home.php(16): view('home', 'Pink Chair')
#1 C:\xampp\htdocs\Ecommerce\system\CodeIgniter.php(918): App\Controllers\Home->index()
#2 C:\xampp\htdocs\Ecommerce\system\CodeIgniter.php(404): CodeIgniter\CodeIgniter->runController(Object(App\Controllers\Home))
#3 C:\xampp\htdocs\Ecommerce\system\CodeIgniter.php(312): CodeIgniter\CodeIgniter->handleRequest(NULL, Object(Config\Cache), false)
#4 C:\xampp\htdocs\Ecommerce\public\index.php(45): CodeIgniter\CodeIgniter->run()
#5 {main}
CRITICAL - 2020-11-24 16:07:40 --> Argument 2 passed to view() must be of the type array, string given, called in C:\xampp\htdocs\Ecommerce\app\Controllers\Home.php on line 16
#0 C:\xampp\htdocs\Ecommerce\app\Controllers\Home.php(16): view('home', 'Pink Chair')
#1 C:\xampp\htdocs\Ecommerce\system\CodeIgniter.php(918): App\Controllers\Home->index()
#2 C:\xampp\htdocs\Ecommerce\system\CodeIgniter.php(404): CodeIgniter\CodeIgniter->runController(Object(App\Controllers\Home))
#3 C:\xampp\htdocs\Ecommerce\system\CodeIgniter.php(312): CodeIgniter\CodeIgniter->handleRequest(NULL, Object(Config\Cache), false)
#4 C:\xampp\htdocs\Ecommerce\public\index.php(45): CodeIgniter\CodeIgniter->run()
#5 {main}
CRITICAL - 2020-11-24 16:07:47 --> Argument 2 passed to view() must be of the type array, string given, called in C:\xampp\htdocs\Ecommerce\app\Controllers\Home.php on line 16
#0 C:\xampp\htdocs\Ecommerce\app\Controllers\Home.php(16): view('home', 'Pink Chair')
#1 C:\xampp\htdocs\Ecommerce\system\CodeIgniter.php(918): App\Controllers\Home->index()
#2 C:\xampp\htdocs\Ecommerce\system\CodeIgniter.php(404): CodeIgniter\CodeIgniter->runController(Object(App\Controllers\Home))
#3 C:\xampp\htdocs\Ecommerce\system\CodeIgniter.php(312): CodeIgniter\CodeIgniter->handleRequest(NULL, Object(Config\Cache), false)
#4 C:\xampp\htdocs\Ecommerce\public\index.php(45): CodeIgniter\CodeIgniter->run()
#5 {main}
CRITICAL - 2020-11-24 16:07:52 --> Argument 2 passed to view() must be of the type array, string given, called in C:\xampp\htdocs\Ecommerce\app\Controllers\Home.php on line 15
#0 C:\xampp\htdocs\Ecommerce\app\Controllers\Home.php(15): view('home', 'Pink Chair')
#1 C:\xampp\htdocs\Ecommerce\system\CodeIgniter.php(918): App\Controllers\Home->index()
#2 C:\xampp\htdocs\Ecommerce\system\CodeIgniter.php(404): CodeIgniter\CodeIgniter->runController(Object(App\Controllers\Home))
#3 C:\xampp\htdocs\Ecommerce\system\CodeIgniter.php(312): CodeIgniter\CodeIgniter->handleRequest(NULL, Object(Config\Cache), false)
#4 C:\xampp\htdocs\Ecommerce\public\index.php(45): CodeIgniter\CodeIgniter->run()
#5 {main}
CRITICAL - 2020-11-24 16:08:06 --> Argument 2 passed to view() must be of the type array, string given, called in C:\xampp\htdocs\Ecommerce\app\Controllers\Home.php on line 15
#0 C:\xampp\htdocs\Ecommerce\app\Controllers\Home.php(15): view('home', 'Pink Chair')
#1 C:\xampp\htdocs\Ecommerce\system\CodeIgniter.php(918): App\Controllers\Home->index()
#2 C:\xampp\htdocs\Ecommerce\system\CodeIgniter.php(404): CodeIgniter\CodeIgniter->runController(Object(App\Controllers\Home))
#3 C:\xampp\htdocs\Ecommerce\system\CodeIgniter.php(312): CodeIgniter\CodeIgniter->handleRequest(NULL, Object(Config\Cache), false)
#4 C:\xampp\htdocs\Ecommerce\public\index.php(45): CodeIgniter\CodeIgniter->run()
#5 {main}
CRITICAL - 2020-11-24 16:08:24 --> Argument 2 passed to view() must be of the type array, string given, called in C:\xampp\htdocs\Ecommerce\app\Controllers\Home.php on line 16
#0 C:\xampp\htdocs\Ecommerce\app\Controllers\Home.php(16): view('home', 'Pink Chair')
#1 C:\xampp\htdocs\Ecommerce\system\CodeIgniter.php(918): App\Controllers\Home->index()
#2 C:\xampp\htdocs\Ecommerce\system\CodeIgniter.php(404): CodeIgniter\CodeIgniter->runController(Object(App\Controllers\Home))
#3 C:\xampp\htdocs\Ecommerce\system\CodeIgniter.php(312): CodeIgniter\CodeIgniter->handleRequest(NULL, Object(Config\Cache), false)
#4 C:\xampp\htdocs\Ecommerce\public\index.php(45): CodeIgniter\CodeIgniter->run()
#5 {main}
CRITICAL - 2020-11-24 16:09:31 --> Cannot use temporary expression in write context
#0 [internal function]: CodeIgniter\Debug\Exceptions->shutdownHandler()
#1 {main}
CRITICAL - 2020-11-24 16:09:38 --> Argument 2 passed to view() must be of the type array, string given, called in C:\xampp\htdocs\Ecommerce\app\Controllers\Home.php on line 16
#0 C:\xampp\htdocs\Ecommerce\app\Controllers\Home.php(16): view('home', 'Pink Chair')
#1 C:\xampp\htdocs\Ecommerce\system\CodeIgniter.php(918): App\Controllers\Home->index()
#2 C:\xampp\htdocs\Ecommerce\system\CodeIgniter.php(404): CodeIgniter\CodeIgniter->runController(Object(App\Controllers\Home))
#3 C:\xampp\htdocs\Ecommerce\system\CodeIgniter.php(312): CodeIgniter\CodeIgniter->handleRequest(NULL, Object(Config\Cache), false)
#4 C:\xampp\htdocs\Ecommerce\public\index.php(45): CodeIgniter\CodeIgniter->run()
#5 {main}
CRITICAL - 2020-11-24 16:12:38 --> Use of undefined constant product_list - assumed 'product_list' (this will throw an Error in a future version of PHP)
#0 C:\xampp\htdocs\Ecommerce\app\Views\home.php(26): CodeIgniter\Debug\Exceptions->errorHandler(2, 'Use of undefine...', 'C:\\xampp\\htdocs...', 26, Array)
#1 C:\xampp\htdocs\Ecommerce\system\View\View.php(246): include('C:\\xampp\\htdocs...')
#2 C:\xampp\htdocs\Ecommerce\system\Common.php(1119): CodeIgniter\View\View->render('home', Array, true)
#3 C:\xampp\htdocs\Ecommerce\app\Controllers\Home.php(13): view('home', Array)
#4 C:\xampp\htdocs\Ecommerce\system\CodeIgniter.php(918): App\Controllers\Home->index()
#5 C:\xampp\htdocs\Ecommerce\system\CodeIgniter.php(404): CodeIgniter\CodeIgniter->runController(Object(App\Controllers\Home))
#6 C:\xampp\htdocs\Ecommerce\system\CodeIgniter.php(312): CodeIgniter\CodeIgniter->handleRequest(NULL, Object(Config\Cache), false)
#7 C:\xampp\htdocs\Ecommerce\public\index.php(45): CodeIgniter\CodeIgniter->run()
#8 {main}
CRITICAL - 2020-11-24 16:15:35 --> Cannot declare class App\Controllers\Home because the name is already in use
#0 [internal function]: CodeIgniter\Debug\Exceptions->shutdownHandler()
#1 {main}
CRITICAL - 2020-11-24 16:16:03 --> Cannot declare class App\Controllers\Home because the name is already in use
#0 [internal function]: CodeIgniter\Debug\Exceptions->shutdownHandler()
#1 {main}
CRITICAL - 2020-11-24 16:16:38 --> Cannot declare class App\Controllers\Home because the name is already in use
#0 [internal function]: CodeIgniter\Debug\Exceptions->shutdownHandler()
#1 {main}
CRITICAL - 2020-11-24 16:17:16 --> Cannot declare class App\Controllers\Home because the name is already in use
#0 [internal function]: CodeIgniter\Debug\Exceptions->shutdownHandler()
#1 {main}
CRITICAL - 2020-11-24 16:19:09 --> Cannot declare class App\Controllers\Home because the name is already in use
#0 [internal function]: CodeIgniter\Debug\Exceptions->shutdownHandler()
#1 {main}
CRITICAL - 2020-11-24 16:19:11 --> Cannot declare class App\Controllers\Home because the name is already in use
#0 [internal function]: CodeIgniter\Debug\Exceptions->shutdownHandler()
#1 {main}
CRITICAL - 2020-11-24 16:19:11 --> Cannot declare class App\Controllers\Home because the name is already in use
#0 [internal function]: CodeIgniter\Debug\Exceptions->shutdownHandler()
#1 {main}
CRITICAL - 2020-11-24 16:19:11 --> Cannot declare class App\Controllers\Home because the name is already in use
#0 [internal function]: CodeIgniter\Debug\Exceptions->shutdownHandler()
#1 {main}
CRITICAL - 2020-11-24 16:19:25 --> Use of undefined constant student - assumed 'student' (this will throw an Error in a future version of PHP)
#0 C:\xampp\htdocs\Ecommerce\app\Views\home.php(26): CodeIgniter\Debug\Exceptions->errorHandler(2, 'Use of undefine...', 'C:\\xampp\\htdocs...', 26, Array)
#1 C:\xampp\htdocs\Ecommerce\system\View\View.php(246): include('C:\\xampp\\htdocs...')
#2 C:\xampp\htdocs\Ecommerce\system\Common.php(1119): CodeIgniter\View\View->render('home', Array, true)
#3 C:\xampp\htdocs\Ecommerce\app\Controllers\Home.php(13): view('home', Array)
#4 C:\xampp\htdocs\Ecommerce\system\CodeIgniter.php(918): App\Controllers\Home->index()
#5 C:\xampp\htdocs\Ecommerce\system\CodeIgniter.php(404): CodeIgniter\CodeIgniter->runController(Object(App\Controllers\Home))
#6 C:\xampp\htdocs\Ecommerce\system\CodeIgniter.php(312): CodeIgniter\CodeIgniter->handleRequest(NULL, Object(Config\Cache), false)
#7 C:\xampp\htdocs\Ecommerce\public\index.php(45): CodeIgniter\CodeIgniter->run()
#8 {main}
CRITICAL - 2020-11-24 16:19:26 --> Use of undefined constant student - assumed 'student' (this will throw an Error in a future version of PHP)
#0 C:\xampp\htdocs\Ecommerce\app\Views\home.php(26): CodeIgniter\Debug\Exceptions->errorHandler(2, 'Use of undefine...', 'C:\\xampp\\htdocs...', 26, Array)
#1 C:\xampp\htdocs\Ecommerce\system\View\View.php(246): include('C:\\xampp\\htdocs...')
#2 C:\xampp\htdocs\Ecommerce\system\Common.php(1119): CodeIgniter\View\View->render('home', Array, true)
#3 C:\xampp\htdocs\Ecommerce\app\Controllers\Home.php(13): view('home', Array)
#4 C:\xampp\htdocs\Ecommerce\system\CodeIgniter.php(918): App\Controllers\Home->index()
#5 C:\xampp\htdocs\Ecommerce\system\CodeIgniter.php(404): CodeIgniter\CodeIgniter->runController(Object(App\Controllers\Home))
#6 C:\xampp\htdocs\Ecommerce\system\CodeIgniter.php(312): CodeIgniter\CodeIgniter->handleRequest(NULL, Object(Config\Cache), false)
#7 C:\xampp\htdocs\Ecommerce\public\index.php(45): CodeIgniter\CodeIgniter->run()
#8 {main}
CRITICAL - 2020-11-24 16:19:29 --> Use of undefined constant student - assumed 'student' (this will throw an Error in a future version of PHP)
#0 C:\xampp\htdocs\Ecommerce\app\Views\home.php(26): CodeIgniter\Debug\Exceptions->errorHandler(2, 'Use of undefine...', 'C:\\xampp\\htdocs...', 26, Array)
#1 C:\xampp\htdocs\Ecommerce\system\View\View.php(246): include('C:\\xampp\\htdocs...')
#2 C:\xampp\htdocs\Ecommerce\system\Common.php(1119): CodeIgniter\View\View->render('home', Array, true)
#3 C:\xampp\htdocs\Ecommerce\app\Controllers\Home.php(13): view('home', Array)
#4 C:\xampp\htdocs\Ecommerce\system\CodeIgniter.php(918): App\Controllers\Home->index()
#5 C:\xampp\htdocs\Ecommerce\system\CodeIgniter.php(404): CodeIgniter\CodeIgniter->runController(Object(App\Controllers\Home))
#6 C:\xampp\htdocs\Ecommerce\system\CodeIgniter.php(312): CodeIgniter\CodeIgniter->handleRequest(NULL, Object(Config\Cache), false)
#7 C:\xampp\htdocs\Ecommerce\public\index.php(45): CodeIgniter\CodeIgniter->run()
#8 {main}
CRITICAL - 2020-11-24 16:49:07 --> Cannot use object of type stdClass as array
#0 C:\xampp\htdocs\Ecommerce\system\View\View.php(246): include()
#1 C:\xampp\htdocs\Ecommerce\system\Common.php(1119): CodeIgniter\View\View->render('Product_details', Array, true)
#2 C:\xampp\htdocs\Ecommerce\app\Controllers\Product_details.php(13): view('Product_details', Array)
#3 C:\xampp\htdocs\Ecommerce\system\CodeIgniter.php(918): App\Controllers\Product_details->index()
#4 C:\xampp\htdocs\Ecommerce\system\CodeIgniter.php(404): CodeIgniter\CodeIgniter->runController(Object(App\Controllers\Product_details))
#5 C:\xampp\htdocs\Ecommerce\system\CodeIgniter.php(312): CodeIgniter\CodeIgniter->handleRequest(NULL, Object(Config\Cache), false)
#6 C:\xampp\htdocs\Ecommerce\public\index.php(45): CodeIgniter\CodeIgniter->run()
#7 {main}
CRITICAL - 2020-11-24 16:53:18 --> Use of undefined constant price - assumed 'price' (this will throw an Error in a future version of PHP)
#0 C:\xampp\htdocs\Ecommerce\app\Views\product_details.php(14): CodeIgniter\Debug\Exceptions->errorHandler(2, 'Use of undefine...', 'C:\\xampp\\htdocs...', 14, Array)
#1 C:\xampp\htdocs\Ecommerce\system\View\View.php(246): include('C:\\xampp\\htdocs...')
#2 C:\xampp\htdocs\Ecommerce\system\Common.php(1119): CodeIgniter\View\View->render('Product_details', Array, true)
#3 C:\xampp\htdocs\Ecommerce\app\Controllers\Product_details.php(16): view('Product_details', Array)
#4 C:\xampp\htdocs\Ecommerce\system\CodeIgniter.php(918): App\Controllers\Product_details->index()
#5 C:\xampp\htdocs\Ecommerce\system\CodeIgniter.php(404): CodeIgniter\CodeIgniter->runController(Object(App\Controllers\Product_details))
#6 C:\xampp\htdocs\Ecommerce\system\CodeIgniter.php(312): CodeIgniter\CodeIgniter->handleRequest(NULL, Object(Config\Cache), false)
#7 C:\xampp\htdocs\Ecommerce\public\index.php(45): CodeIgniter\CodeIgniter->run()
#8 {main}
