CRITICAL - 2020-11-26 15:57:37 --> array_values() expects parameter 1 to be array, null given
#0 [internal function]: CodeIgniter\Debug\Exceptions->errorHandler(2, 'array_values() ...', 'C:\\xampp\\htdocs...', 7, Array)
#1 C:\xampp\htdocs\Ecommerce\app\Controllers\Checkout.php(7): array_values(NULL)
#2 C:\xampp\htdocs\Ecommerce\system\CodeIgniter.php(918): App\Controllers\Checkout->index()
#3 C:\xampp\htdocs\Ecommerce\system\CodeIgniter.php(404): CodeIgniter\CodeIgniter->runController(Object(App\Controllers\Checkout))
#4 C:\xampp\htdocs\Ecommerce\system\CodeIgniter.php(312): CodeIgniter\CodeIgniter->handleRequest(NULL, Object(Config\Cache), false)
#5 C:\xampp\htdocs\Ecommerce\public\index.php(45): CodeIgniter\CodeIgniter->run()
#6 {main}
CRITICAL - 2020-11-26 16:00:59 --> array_values() expects parameter 1 to be array, null given
#0 [internal function]: CodeIgniter\Debug\Exceptions->errorHandler(2, 'array_values() ...', 'C:\\xampp\\htdocs...', 7, Array)
#1 C:\xampp\htdocs\Ecommerce\app\Controllers\Checkout.php(7): array_values(NULL)
#2 C:\xampp\htdocs\Ecommerce\system\CodeIgniter.php(918): App\Controllers\Checkout->index()
#3 C:\xampp\htdocs\Ecommerce\system\CodeIgniter.php(404): CodeIgniter\CodeIgniter->runController(Object(App\Controllers\Checkout))
#4 C:\xampp\htdocs\Ecommerce\system\CodeIgniter.php(312): CodeIgniter\CodeIgniter->handleRequest(NULL, Object(Config\Cache), false)
#5 C:\xampp\htdocs\Ecommerce\public\index.php(45): CodeIgniter\CodeIgniter->run()
#6 {main}
CRITICAL - 2020-11-26 16:07:42 --> array_values() expects parameter 1 to be array, null given
#0 [internal function]: CodeIgniter\Debug\Exceptions->errorHandler(2, 'array_values() ...', 'C:\\xampp\\htdocs...', 7, Array)
#1 C:\xampp\htdocs\Ecommerce\app\Controllers\Checkout.php(7): array_values(NULL)
#2 C:\xampp\htdocs\Ecommerce\system\CodeIgniter.php(918): App\Controllers\Checkout->index()
#3 C:\xampp\htdocs\Ecommerce\system\CodeIgniter.php(404): CodeIgniter\CodeIgniter->runController(Object(App\Controllers\Checkout))
#4 C:\xampp\htdocs\Ecommerce\system\CodeIgniter.php(312): CodeIgniter\CodeIgniter->handleRequest(NULL, Object(Config\Cache), false)
#5 C:\xampp\htdocs\Ecommerce\public\index.php(45): CodeIgniter\CodeIgniter->run()
#6 {main}
CRITICAL - 2020-11-26 16:09:20 --> array_values() expects parameter 1 to be array, null given
#0 [internal function]: CodeIgniter\Debug\Exceptions->errorHandler(2, 'array_values() ...', 'C:\\xampp\\htdocs...', 7, Array)
#1 C:\xampp\htdocs\Ecommerce\app\Controllers\Checkout.php(7): array_values(NULL)
#2 C:\xampp\htdocs\Ecommerce\system\CodeIgniter.php(918): App\Controllers\Checkout->index()
#3 C:\xampp\htdocs\Ecommerce\system\CodeIgniter.php(404): CodeIgniter\CodeIgniter->runController(Object(App\Controllers\Checkout))
#4 C:\xampp\htdocs\Ecommerce\system\CodeIgniter.php(312): CodeIgniter\CodeIgniter->handleRequest(NULL, Object(Config\Cache), false)
#5 C:\xampp\htdocs\Ecommerce\public\index.php(45): CodeIgniter\CodeIgniter->run()
#6 {main}
CRITICAL - 2020-11-26 16:09:58 --> array_values() expects parameter 1 to be array, null given
#0 [internal function]: CodeIgniter\Debug\Exceptions->errorHandler(2, 'array_values() ...', 'C:\\xampp\\htdocs...', 7, Array)
#1 C:\xampp\htdocs\Ecommerce\app\Controllers\Checkout.php(7): array_values(NULL)
#2 C:\xampp\htdocs\Ecommerce\system\CodeIgniter.php(918): App\Controllers\Checkout->index()
#3 C:\xampp\htdocs\Ecommerce\system\CodeIgniter.php(404): CodeIgniter\CodeIgniter->runController(Object(App\Controllers\Checkout))
#4 C:\xampp\htdocs\Ecommerce\system\CodeIgniter.php(312): CodeIgniter\CodeIgniter->handleRequest(NULL, Object(Config\Cache), false)
#5 C:\xampp\htdocs\Ecommerce\public\index.php(45): CodeIgniter\CodeIgniter->run()
#6 {main}
CRITICAL - 2020-11-26 16:15:48 --> Too few arguments to function App\Controllers\Checkout::index(), 0 passed in C:\xampp\htdocs\Ecommerce\system\CodeIgniter.php on line 918 and exactly 1 expected
#0 C:\xampp\htdocs\Ecommerce\system\CodeIgniter.php(918): App\Controllers\Checkout->index()
#1 C:\xampp\htdocs\Ecommerce\system\CodeIgniter.php(404): CodeIgniter\CodeIgniter->runController(Object(App\Controllers\Checkout))
#2 C:\xampp\htdocs\Ecommerce\system\CodeIgniter.php(312): CodeIgniter\CodeIgniter->handleRequest(NULL, Object(Config\Cache), false)
#3 C:\xampp\htdocs\Ecommerce\public\index.php(45): CodeIgniter\CodeIgniter->run()
#4 {main}
CRITICAL - 2020-11-26 16:27:14 --> Call to undefined function App\Controllers\araay_values()
#0 C:\xampp\htdocs\Ecommerce\app\Controllers\Checkout.php(20): App\Controllers\Checkout->exists('1')
#1 C:\xampp\htdocs\Ecommerce\system\CodeIgniter.php(918): App\Controllers\Checkout->index()
#2 C:\xampp\htdocs\Ecommerce\system\CodeIgniter.php(404): CodeIgniter\CodeIgniter->runController(Object(App\Controllers\Checkout))
#3 C:\xampp\htdocs\Ecommerce\system\CodeIgniter.php(312): CodeIgniter\CodeIgniter->handleRequest(NULL, Object(Config\Cache), false)
#4 C:\xampp\htdocs\Ecommerce\public\index.php(45): CodeIgniter\CodeIgniter->run()
#5 {main}
CRITICAL - 2020-11-26 16:27:51 --> Call to undefined function App\Controllers\araay_values()
#0 C:\xampp\htdocs\Ecommerce\app\Controllers\Checkout.php(20): App\Controllers\Checkout->exists('1')
#1 C:\xampp\htdocs\Ecommerce\system\CodeIgniter.php(918): App\Controllers\Checkout->index()
#2 C:\xampp\htdocs\Ecommerce\system\CodeIgniter.php(404): CodeIgniter\CodeIgniter->runController(Object(App\Controllers\Checkout))
#3 C:\xampp\htdocs\Ecommerce\system\CodeIgniter.php(312): CodeIgniter\CodeIgniter->handleRequest(NULL, Object(Config\Cache), false)
#4 C:\xampp\htdocs\Ecommerce\public\index.php(45): CodeIgniter\CodeIgniter->run()
#5 {main}
CRITICAL - 2020-11-26 16:29:26 --> Function name must be a string
#0 C:\xampp\htdocs\Ecommerce\system\CodeIgniter.php(918): App\Controllers\Checkout->index()
#1 C:\xampp\htdocs\Ecommerce\system\CodeIgniter.php(404): CodeIgniter\CodeIgniter->runController(Object(App\Controllers\Checkout))
#2 C:\xampp\htdocs\Ecommerce\system\CodeIgniter.php(312): CodeIgniter\CodeIgniter->handleRequest(NULL, Object(Config\Cache), false)
#3 C:\xampp\htdocs\Ecommerce\public\index.php(45): CodeIgniter\CodeIgniter->run()
#4 {main}
CRITICAL - 2020-11-26 16:30:25 --> Call to undefined function App\Controllers\araay_values()
#0 C:\xampp\htdocs\Ecommerce\app\Controllers\Checkout.php(21): App\Controllers\Checkout->exists('1')
#1 C:\xampp\htdocs\Ecommerce\system\CodeIgniter.php(918): App\Controllers\Checkout->index()
#2 C:\xampp\htdocs\Ecommerce\system\CodeIgniter.php(404): CodeIgniter\CodeIgniter->runController(Object(App\Controllers\Checkout))
#3 C:\xampp\htdocs\Ecommerce\system\CodeIgniter.php(312): CodeIgniter\CodeIgniter->handleRequest(NULL, Object(Config\Cache), false)
#4 C:\xampp\htdocs\Ecommerce\public\index.php(45): CodeIgniter\CodeIgniter->run()
#5 {main}
CRITICAL - 2020-11-26 16:30:33 --> Call to undefined function App\Controllers\araay_values()
#0 C:\xampp\htdocs\Ecommerce\app\Controllers\Checkout.php(21): App\Controllers\Checkout->exists('1')
#1 C:\xampp\htdocs\Ecommerce\system\CodeIgniter.php(918): App\Controllers\Checkout->index()
#2 C:\xampp\htdocs\Ecommerce\system\CodeIgniter.php(404): CodeIgniter\CodeIgniter->runController(Object(App\Controllers\Checkout))
#3 C:\xampp\htdocs\Ecommerce\system\CodeIgniter.php(312): CodeIgniter\CodeIgniter->handleRequest(NULL, Object(Config\Cache), false)
#4 C:\xampp\htdocs\Ecommerce\public\index.php(45): CodeIgniter\CodeIgniter->run()
#5 {main}
CRITICAL - 2020-11-26 16:36:18 --> Call to undefined function App\Controllers\araay_values()
#0 C:\xampp\htdocs\Ecommerce\app\Controllers\Checkout.php(20): App\Controllers\Checkout->exists('1')
#1 C:\xampp\htdocs\Ecommerce\system\CodeIgniter.php(918): App\Controllers\Checkout->index()
#2 C:\xampp\htdocs\Ecommerce\system\CodeIgniter.php(404): CodeIgniter\CodeIgniter->runController(Object(App\Controllers\Checkout))
#3 C:\xampp\htdocs\Ecommerce\system\CodeIgniter.php(312): CodeIgniter\CodeIgniter->handleRequest(NULL, Object(Config\Cache), false)
#4 C:\xampp\htdocs\Ecommerce\public\index.php(45): CodeIgniter\CodeIgniter->run()
#5 {main}
CRITICAL - 2020-11-26 16:39:13 --> Call to undefined function App\Controllers\araay_values()
#0 C:\xampp\htdocs\Ecommerce\app\Controllers\Checkout.php(20): App\Controllers\Checkout->exists('1')
#1 C:\xampp\htdocs\Ecommerce\system\CodeIgniter.php(918): App\Controllers\Checkout->index()
#2 C:\xampp\htdocs\Ecommerce\system\CodeIgniter.php(404): CodeIgniter\CodeIgniter->runController(Object(App\Controllers\Checkout))
#3 C:\xampp\htdocs\Ecommerce\system\CodeIgniter.php(312): CodeIgniter\CodeIgniter->handleRequest(NULL, Object(Config\Cache), false)
#4 C:\xampp\htdocs\Ecommerce\public\index.php(45): CodeIgniter\CodeIgniter->run()
#5 {main}
CRITICAL - 2020-11-26 16:39:19 --> Call to undefined function App\Controllers\araay_values()
#0 C:\xampp\htdocs\Ecommerce\app\Controllers\Checkout.php(20): App\Controllers\Checkout->exists('1')
#1 C:\xampp\htdocs\Ecommerce\system\CodeIgniter.php(918): App\Controllers\Checkout->index()
#2 C:\xampp\htdocs\Ecommerce\system\CodeIgniter.php(404): CodeIgniter\CodeIgniter->runController(Object(App\Controllers\Checkout))
#3 C:\xampp\htdocs\Ecommerce\system\CodeIgniter.php(312): CodeIgniter\CodeIgniter->handleRequest(NULL, Object(Config\Cache), false)
#4 C:\xampp\htdocs\Ecommerce\public\index.php(45): CodeIgniter\CodeIgniter->run()
#5 {main}
CRITICAL - 2020-11-26 16:40:23 --> Call to undefined function App\Controllers\araay_values()
#0 C:\xampp\htdocs\Ecommerce\app\Controllers\Checkout.php(20): App\Controllers\Checkout->exists('1')
#1 C:\xampp\htdocs\Ecommerce\system\CodeIgniter.php(918): App\Controllers\Checkout->index()
#2 C:\xampp\htdocs\Ecommerce\system\CodeIgniter.php(404): CodeIgniter\CodeIgniter->runController(Object(App\Controllers\Checkout))
#3 C:\xampp\htdocs\Ecommerce\system\CodeIgniter.php(312): CodeIgniter\CodeIgniter->handleRequest(NULL, Object(Config\Cache), false)
#4 C:\xampp\htdocs\Ecommerce\public\index.php(45): CodeIgniter\CodeIgniter->run()
#5 {main}
CRITICAL - 2020-11-26 16:40:32 --> Call to undefined function App\Controllers\araay_values()
#0 C:\xampp\htdocs\Ecommerce\app\Controllers\Checkout.php(20): App\Controllers\Checkout->exists('1')
#1 C:\xampp\htdocs\Ecommerce\system\CodeIgniter.php(918): App\Controllers\Checkout->index()
#2 C:\xampp\htdocs\Ecommerce\system\CodeIgniter.php(404): CodeIgniter\CodeIgniter->runController(Object(App\Controllers\Checkout))
#3 C:\xampp\htdocs\Ecommerce\system\CodeIgniter.php(312): CodeIgniter\CodeIgniter->handleRequest(NULL, Object(Config\Cache), false)
#4 C:\xampp\htdocs\Ecommerce\public\index.php(45): CodeIgniter\CodeIgniter->run()
#5 {main}
CRITICAL - 2020-11-26 16:45:37 --> Call to undefined function App\Controllers\araay_values()
#0 C:\xampp\htdocs\Ecommerce\app\Controllers\Checkout.php(20): App\Controllers\Checkout->exists(NULL)
#1 C:\xampp\htdocs\Ecommerce\system\CodeIgniter.php(918): App\Controllers\Checkout->index()
#2 C:\xampp\htdocs\Ecommerce\system\CodeIgniter.php(404): CodeIgniter\CodeIgniter->runController(Object(App\Controllers\Checkout))
#3 C:\xampp\htdocs\Ecommerce\system\CodeIgniter.php(312): CodeIgniter\CodeIgniter->handleRequest(NULL, Object(Config\Cache), false)
#4 C:\xampp\htdocs\Ecommerce\public\index.php(45): CodeIgniter\CodeIgniter->run()
#5 {main}
CRITICAL - 2020-11-26 16:45:41 --> Call to undefined function App\Controllers\araay_values()
#0 C:\xampp\htdocs\Ecommerce\app\Controllers\Checkout.php(20): App\Controllers\Checkout->exists('1')
#1 C:\xampp\htdocs\Ecommerce\system\CodeIgniter.php(918): App\Controllers\Checkout->index()
#2 C:\xampp\htdocs\Ecommerce\system\CodeIgniter.php(404): CodeIgniter\CodeIgniter->runController(Object(App\Controllers\Checkout))
#3 C:\xampp\htdocs\Ecommerce\system\CodeIgniter.php(312): CodeIgniter\CodeIgniter->handleRequest(NULL, Object(Config\Cache), false)
#4 C:\xampp\htdocs\Ecommerce\public\index.php(45): CodeIgniter\CodeIgniter->run()
#5 {main}
CRITICAL - 2020-11-26 16:50:49 --> Call to undefined function App\Controllers\araay_values()
#0 C:\xampp\htdocs\Ecommerce\app\Controllers\Checkout.php(20): App\Controllers\Checkout->exists('2')
#1 C:\xampp\htdocs\Ecommerce\system\CodeIgniter.php(918): App\Controllers\Checkout->index()
#2 C:\xampp\htdocs\Ecommerce\system\CodeIgniter.php(404): CodeIgniter\CodeIgniter->runController(Object(App\Controllers\Checkout))
#3 C:\xampp\htdocs\Ecommerce\system\CodeIgniter.php(312): CodeIgniter\CodeIgniter->handleRequest(NULL, Object(Config\Cache), false)
#4 C:\xampp\htdocs\Ecommerce\public\index.php(45): CodeIgniter\CodeIgniter->run()
#5 {main}
CRITICAL - 2020-11-26 16:52:34 --> Call to undefined function App\Controllers\araay_values()
#0 C:\xampp\htdocs\Ecommerce\system\CodeIgniter.php(918): App\Controllers\Checkout->index()
#1 C:\xampp\htdocs\Ecommerce\system\CodeIgniter.php(404): CodeIgniter\CodeIgniter->runController(Object(App\Controllers\Checkout))
#2 C:\xampp\htdocs\Ecommerce\system\CodeIgniter.php(312): CodeIgniter\CodeIgniter->handleRequest(NULL, Object(Config\Cache), false)
#3 C:\xampp\htdocs\Ecommerce\public\index.php(45): CodeIgniter\CodeIgniter->run()
#4 {main}
CRITICAL - 2020-11-26 16:52:39 --> Call to undefined function App\Controllers\araay_values()
#0 C:\xampp\htdocs\Ecommerce\system\CodeIgniter.php(918): App\Controllers\Checkout->index()
#1 C:\xampp\htdocs\Ecommerce\system\CodeIgniter.php(404): CodeIgniter\CodeIgniter->runController(Object(App\Controllers\Checkout))
#2 C:\xampp\htdocs\Ecommerce\system\CodeIgniter.php(312): CodeIgniter\CodeIgniter->handleRequest(NULL, Object(Config\Cache), false)
#3 C:\xampp\htdocs\Ecommerce\public\index.php(45): CodeIgniter\CodeIgniter->run()
#4 {main}
CRITICAL - 2020-11-26 16:52:42 --> Call to undefined function App\Controllers\araay_values()
#0 C:\xampp\htdocs\Ecommerce\system\CodeIgniter.php(918): App\Controllers\Checkout->index()
#1 C:\xampp\htdocs\Ecommerce\system\CodeIgniter.php(404): CodeIgniter\CodeIgniter->runController(Object(App\Controllers\Checkout))
#2 C:\xampp\htdocs\Ecommerce\system\CodeIgniter.php(312): CodeIgniter\CodeIgniter->handleRequest(NULL, Object(Config\Cache), false)
#3 C:\xampp\htdocs\Ecommerce\public\index.php(45): CodeIgniter\CodeIgniter->run()
#4 {main}
CRITICAL - 2020-11-26 16:53:20 --> Call to undefined function App\Controllers\araay_values()
#0 C:\xampp\htdocs\Ecommerce\system\CodeIgniter.php(918): App\Controllers\Checkout->index()
#1 C:\xampp\htdocs\Ecommerce\system\CodeIgniter.php(404): CodeIgniter\CodeIgniter->runController(Object(App\Controllers\Checkout))
#2 C:\xampp\htdocs\Ecommerce\system\CodeIgniter.php(312): CodeIgniter\CodeIgniter->handleRequest(NULL, Object(Config\Cache), false)
#3 C:\xampp\htdocs\Ecommerce\public\index.php(45): CodeIgniter\CodeIgniter->run()
#4 {main}
CRITICAL - 2020-11-26 16:53:39 --> Call to undefined function App\Controllers\araay_values()
#0 C:\xampp\htdocs\Ecommerce\system\CodeIgniter.php(918): App\Controllers\Checkout->index()
#1 C:\xampp\htdocs\Ecommerce\system\CodeIgniter.php(404): CodeIgniter\CodeIgniter->runController(Object(App\Controllers\Checkout))
#2 C:\xampp\htdocs\Ecommerce\system\CodeIgniter.php(312): CodeIgniter\CodeIgniter->handleRequest(NULL, Object(Config\Cache), false)
#3 C:\xampp\htdocs\Ecommerce\public\index.php(45): CodeIgniter\CodeIgniter->run()
#4 {main}
CRITICAL - 2020-11-26 16:55:52 --> Call to undefined function App\Controllers\araay_values()
#0 C:\xampp\htdocs\Ecommerce\system\CodeIgniter.php(918): App\Controllers\Checkout->index()
#1 C:\xampp\htdocs\Ecommerce\system\CodeIgniter.php(404): CodeIgniter\CodeIgniter->runController(Object(App\Controllers\Checkout))
#2 C:\xampp\htdocs\Ecommerce\system\CodeIgniter.php(312): CodeIgniter\CodeIgniter->handleRequest(NULL, Object(Config\Cache), false)
#3 C:\xampp\htdocs\Ecommerce\public\index.php(45): CodeIgniter\CodeIgniter->run()
#4 {main}
CRITICAL - 2020-11-26 16:56:15 --> Call to undefined function App\Controllers\araay_values()
#0 C:\xampp\htdocs\Ecommerce\system\CodeIgniter.php(918): App\Controllers\Checkout->index()
#1 C:\xampp\htdocs\Ecommerce\system\CodeIgniter.php(404): CodeIgniter\CodeIgniter->runController(Object(App\Controllers\Checkout))
#2 C:\xampp\htdocs\Ecommerce\system\CodeIgniter.php(312): CodeIgniter\CodeIgniter->handleRequest(NULL, Object(Config\Cache), false)
#3 C:\xampp\htdocs\Ecommerce\public\index.php(45): CodeIgniter\CodeIgniter->run()
#4 {main}
CRITICAL - 2020-11-26 17:08:57 --> Too few arguments to function App\Controllers\Checkout::buy(), 0 passed in C:\xampp\htdocs\Ecommerce\system\CodeIgniter.php on line 918 and exactly 1 expected
#0 C:\xampp\htdocs\Ecommerce\system\CodeIgniter.php(918): App\Controllers\Checkout->buy()
#1 C:\xampp\htdocs\Ecommerce\system\CodeIgniter.php(404): CodeIgniter\CodeIgniter->runController(Object(App\Controllers\Checkout))
#2 C:\xampp\htdocs\Ecommerce\system\CodeIgniter.php(312): CodeIgniter\CodeIgniter->handleRequest(NULL, Object(Config\Cache), false)
#3 C:\xampp\htdocs\Ecommerce\public\index.php(45): CodeIgniter\CodeIgniter->run()
#4 {main}
CRITICAL - 2020-11-26 17:09:22 --> Too few arguments to function App\Controllers\Checkout::buy(), 0 passed in C:\xampp\htdocs\Ecommerce\system\CodeIgniter.php on line 918 and exactly 1 expected
#0 C:\xampp\htdocs\Ecommerce\system\CodeIgniter.php(918): App\Controllers\Checkout->buy()
#1 C:\xampp\htdocs\Ecommerce\system\CodeIgniter.php(404): CodeIgniter\CodeIgniter->runController(Object(App\Controllers\Checkout))
#2 C:\xampp\htdocs\Ecommerce\system\CodeIgniter.php(312): CodeIgniter\CodeIgniter->handleRequest(NULL, Object(Config\Cache), false)
#3 C:\xampp\htdocs\Ecommerce\public\index.php(45): CodeIgniter\CodeIgniter->run()
#4 {main}
CRITICAL - 2020-11-26 17:17:39 --> Call to undefined function App\Controllers\buy()
#0 C:\xampp\htdocs\Ecommerce\system\CodeIgniter.php(918): App\Controllers\Checkout->index()
#1 C:\xampp\htdocs\Ecommerce\system\CodeIgniter.php(404): CodeIgniter\CodeIgniter->runController(Object(App\Controllers\Checkout))
#2 C:\xampp\htdocs\Ecommerce\system\CodeIgniter.php(312): CodeIgniter\CodeIgniter->handleRequest(NULL, Object(Config\Cache), false)
#3 C:\xampp\htdocs\Ecommerce\public\index.php(45): CodeIgniter\CodeIgniter->run()
#4 {main}
CRITICAL - 2020-11-26 17:18:43 --> Call to undefined function App\Controllers\araay_values()
#0 C:\xampp\htdocs\Ecommerce\system\CodeIgniter.php(918): App\Controllers\Checkout->index()
#1 C:\xampp\htdocs\Ecommerce\system\CodeIgniter.php(404): CodeIgniter\CodeIgniter->runController(Object(App\Controllers\Checkout))
#2 C:\xampp\htdocs\Ecommerce\system\CodeIgniter.php(312): CodeIgniter\CodeIgniter->handleRequest(NULL, Object(Config\Cache), false)
#3 C:\xampp\htdocs\Ecommerce\public\index.php(45): CodeIgniter\CodeIgniter->run()
#4 {main}
CRITICAL - 2020-11-26 17:18:49 --> Call to undefined function App\Controllers\araay_values()
#0 C:\xampp\htdocs\Ecommerce\system\CodeIgniter.php(918): App\Controllers\Checkout->index()
#1 C:\xampp\htdocs\Ecommerce\system\CodeIgniter.php(404): CodeIgniter\CodeIgniter->runController(Object(App\Controllers\Checkout))
#2 C:\xampp\htdocs\Ecommerce\system\CodeIgniter.php(312): CodeIgniter\CodeIgniter->handleRequest(NULL, Object(Config\Cache), false)
#3 C:\xampp\htdocs\Ecommerce\public\index.php(45): CodeIgniter\CodeIgniter->run()
#4 {main}
CRITICAL - 2020-11-26 17:18:54 --> Call to undefined function App\Controllers\araay_values()
#0 C:\xampp\htdocs\Ecommerce\system\CodeIgniter.php(918): App\Controllers\Checkout->index()
#1 C:\xampp\htdocs\Ecommerce\system\CodeIgniter.php(404): CodeIgniter\CodeIgniter->runController(Object(App\Controllers\Checkout))
#2 C:\xampp\htdocs\Ecommerce\system\CodeIgniter.php(312): CodeIgniter\CodeIgniter->handleRequest(NULL, Object(Config\Cache), false)
#3 C:\xampp\htdocs\Ecommerce\public\index.php(45): CodeIgniter\CodeIgniter->run()
#4 {main}
CRITICAL - 2020-11-26 17:19:10 --> Call to undefined function App\Controllers\araay_values()
#0 C:\xampp\htdocs\Ecommerce\system\CodeIgniter.php(918): App\Controllers\Checkout->index()
#1 C:\xampp\htdocs\Ecommerce\system\CodeIgniter.php(404): CodeIgniter\CodeIgniter->runController(Object(App\Controllers\Checkout))
#2 C:\xampp\htdocs\Ecommerce\system\CodeIgniter.php(312): CodeIgniter\CodeIgniter->handleRequest(NULL, Object(Config\Cache), false)
#3 C:\xampp\htdocs\Ecommerce\public\index.php(45): CodeIgniter\CodeIgniter->run()
#4 {main}
CRITICAL - 2020-11-26 17:19:20 --> Call to undefined function App\Controllers\araay_values()
#0 C:\xampp\htdocs\Ecommerce\system\CodeIgniter.php(918): App\Controllers\Checkout->index()
#1 C:\xampp\htdocs\Ecommerce\system\CodeIgniter.php(404): CodeIgniter\CodeIgniter->runController(Object(App\Controllers\Checkout))
#2 C:\xampp\htdocs\Ecommerce\system\CodeIgniter.php(312): CodeIgniter\CodeIgniter->handleRequest(NULL, Object(Config\Cache), false)
#3 C:\xampp\htdocs\Ecommerce\public\index.php(45): CodeIgniter\CodeIgniter->run()
#4 {main}
CRITICAL - 2020-11-26 17:20:56 --> Call to undefined function App\Controllers\araay_values()
#0 C:\xampp\htdocs\Ecommerce\system\CodeIgniter.php(918): App\Controllers\Checkout->index()
#1 C:\xampp\htdocs\Ecommerce\system\CodeIgniter.php(404): CodeIgniter\CodeIgniter->runController(Object(App\Controllers\Checkout))
#2 C:\xampp\htdocs\Ecommerce\system\CodeIgniter.php(312): CodeIgniter\CodeIgniter->handleRequest(NULL, Object(Config\Cache), false)
#3 C:\xampp\htdocs\Ecommerce\public\index.php(45): CodeIgniter\CodeIgniter->run()
#4 {main}
CRITICAL - 2020-11-26 17:23:52 --> Call to undefined function App\Controllers\araay_values()
#0 C:\xampp\htdocs\Ecommerce\system\CodeIgniter.php(918): App\Controllers\Checkout->index()
#1 C:\xampp\htdocs\Ecommerce\system\CodeIgniter.php(404): CodeIgniter\CodeIgniter->runController(Object(App\Controllers\Checkout))
#2 C:\xampp\htdocs\Ecommerce\system\CodeIgniter.php(312): CodeIgniter\CodeIgniter->handleRequest(NULL, Object(Config\Cache), false)
#3 C:\xampp\htdocs\Ecommerce\public\index.php(45): CodeIgniter\CodeIgniter->run()
#4 {main}
CRITICAL - 2020-11-26 17:24:21 --> Call to undefined function App\Controllers\araay_values()
#0 C:\xampp\htdocs\Ecommerce\system\CodeIgniter.php(918): App\Controllers\Checkout->index()
#1 C:\xampp\htdocs\Ecommerce\system\CodeIgniter.php(404): CodeIgniter\CodeIgniter->runController(Object(App\Controllers\Checkout))
#2 C:\xampp\htdocs\Ecommerce\system\CodeIgniter.php(312): CodeIgniter\CodeIgniter->handleRequest(NULL, Object(Config\Cache), false)
#3 C:\xampp\htdocs\Ecommerce\public\index.php(45): CodeIgniter\CodeIgniter->run()
#4 {main}
CRITICAL - 2020-11-26 17:24:25 --> Call to undefined function App\Controllers\araay_values()
#0 C:\xampp\htdocs\Ecommerce\system\CodeIgniter.php(918): App\Controllers\Checkout->index()
#1 C:\xampp\htdocs\Ecommerce\system\CodeIgniter.php(404): CodeIgniter\CodeIgniter->runController(Object(App\Controllers\Checkout))
#2 C:\xampp\htdocs\Ecommerce\system\CodeIgniter.php(312): CodeIgniter\CodeIgniter->handleRequest(NULL, Object(Config\Cache), false)
#3 C:\xampp\htdocs\Ecommerce\public\index.php(45): CodeIgniter\CodeIgniter->run()
#4 {main}
CRITICAL - 2020-11-26 17:24:42 --> Call to undefined function App\Controllers\araay_values()
#0 C:\xampp\htdocs\Ecommerce\system\CodeIgniter.php(918): App\Controllers\Checkout->index()
#1 C:\xampp\htdocs\Ecommerce\system\CodeIgniter.php(404): CodeIgniter\CodeIgniter->runController(Object(App\Controllers\Checkout))
#2 C:\xampp\htdocs\Ecommerce\system\CodeIgniter.php(312): CodeIgniter\CodeIgniter->handleRequest(NULL, Object(Config\Cache), false)
#3 C:\xampp\htdocs\Ecommerce\public\index.php(45): CodeIgniter\CodeIgniter->run()
#4 {main}
CRITICAL - 2020-11-26 17:24:58 --> Call to undefined function App\Controllers\araay_values()
#0 C:\xampp\htdocs\Ecommerce\system\CodeIgniter.php(918): App\Controllers\Checkout->index()
#1 C:\xampp\htdocs\Ecommerce\system\CodeIgniter.php(404): CodeIgniter\CodeIgniter->runController(Object(App\Controllers\Checkout))
#2 C:\xampp\htdocs\Ecommerce\system\CodeIgniter.php(312): CodeIgniter\CodeIgniter->handleRequest(NULL, Object(Config\Cache), false)
#3 C:\xampp\htdocs\Ecommerce\public\index.php(45): CodeIgniter\CodeIgniter->run()
#4 {main}
CRITICAL - 2020-11-26 17:25:00 --> Call to undefined function App\Controllers\araay_values()
#0 C:\xampp\htdocs\Ecommerce\system\CodeIgniter.php(918): App\Controllers\Checkout->index()
#1 C:\xampp\htdocs\Ecommerce\system\CodeIgniter.php(404): CodeIgniter\CodeIgniter->runController(Object(App\Controllers\Checkout))
#2 C:\xampp\htdocs\Ecommerce\system\CodeIgniter.php(312): CodeIgniter\CodeIgniter->handleRequest(NULL, Object(Config\Cache), false)
#3 C:\xampp\htdocs\Ecommerce\public\index.php(45): CodeIgniter\CodeIgniter->run()
#4 {main}
CRITICAL - 2020-11-26 17:25:20 --> Call to undefined function App\Controllers\araay_values()
#0 C:\xampp\htdocs\Ecommerce\system\CodeIgniter.php(918): App\Controllers\Checkout->index()
#1 C:\xampp\htdocs\Ecommerce\system\CodeIgniter.php(404): CodeIgniter\CodeIgniter->runController(Object(App\Controllers\Checkout))
#2 C:\xampp\htdocs\Ecommerce\system\CodeIgniter.php(312): CodeIgniter\CodeIgniter->handleRequest(NULL, Object(Config\Cache), false)
#3 C:\xampp\htdocs\Ecommerce\public\index.php(45): CodeIgniter\CodeIgniter->run()
#4 {main}
CRITICAL - 2020-11-26 17:25:23 --> Call to undefined function App\Controllers\araay_values()
#0 C:\xampp\htdocs\Ecommerce\system\CodeIgniter.php(918): App\Controllers\Checkout->index()
#1 C:\xampp\htdocs\Ecommerce\system\CodeIgniter.php(404): CodeIgniter\CodeIgniter->runController(Object(App\Controllers\Checkout))
#2 C:\xampp\htdocs\Ecommerce\system\CodeIgniter.php(312): CodeIgniter\CodeIgniter->handleRequest(NULL, Object(Config\Cache), false)
#3 C:\xampp\htdocs\Ecommerce\public\index.php(45): CodeIgniter\CodeIgniter->run()
#4 {main}
CRITICAL - 2020-11-26 17:41:16 --> Argument 2 passed to view() must be of the type array, null given, called in C:\xampp\htdocs\Ecommerce\app\Controllers\Checkout.php on line 42
#0 C:\xampp\htdocs\Ecommerce\app\Controllers\Checkout.php(42): view('Checkout', NULL)
#1 C:\xampp\htdocs\Ecommerce\system\CodeIgniter.php(918): App\Controllers\Checkout->index()
#2 C:\xampp\htdocs\Ecommerce\system\CodeIgniter.php(404): CodeIgniter\CodeIgniter->runController(Object(App\Controllers\Checkout))
#3 C:\xampp\htdocs\Ecommerce\system\CodeIgniter.php(312): CodeIgniter\CodeIgniter->handleRequest(NULL, Object(Config\Cache), false)
#4 C:\xampp\htdocs\Ecommerce\public\index.php(45): CodeIgniter\CodeIgniter->run()
#5 {main}
CRITICAL - 2020-11-26 17:41:34 --> Argument 2 passed to view() must be of the type array, null given, called in C:\xampp\htdocs\Ecommerce\app\Controllers\Checkout.php on line 42
#0 C:\xampp\htdocs\Ecommerce\app\Controllers\Checkout.php(42): view('Checkout', NULL)
#1 C:\xampp\htdocs\Ecommerce\system\CodeIgniter.php(918): App\Controllers\Checkout->index()
#2 C:\xampp\htdocs\Ecommerce\system\CodeIgniter.php(404): CodeIgniter\CodeIgniter->runController(Object(App\Controllers\Checkout))
#3 C:\xampp\htdocs\Ecommerce\system\CodeIgniter.php(312): CodeIgniter\CodeIgniter->handleRequest(NULL, Object(Config\Cache), false)
#4 C:\xampp\htdocs\Ecommerce\public\index.php(45): CodeIgniter\CodeIgniter->run()
#5 {main}
CRITICAL - 2020-11-26 18:13:50 --> Call to a member function has() on null
#0 C:\xampp\htdocs\Ecommerce\system\CodeIgniter.php(918): App\Controllers\Checkout->index()
#1 C:\xampp\htdocs\Ecommerce\system\CodeIgniter.php(404): CodeIgniter\CodeIgniter->runController(Object(App\Controllers\Checkout))
#2 C:\xampp\htdocs\Ecommerce\system\CodeIgniter.php(312): CodeIgniter\CodeIgniter->handleRequest(NULL, Object(Config\Cache), false)
#3 C:\xampp\htdocs\Ecommerce\public\index.php(45): CodeIgniter\CodeIgniter->run()
#4 {main}
CRITICAL - 2020-11-26 18:13:57 --> Call to a member function has() on null
#0 C:\xampp\htdocs\Ecommerce\system\CodeIgniter.php(918): App\Controllers\Checkout->index()
#1 C:\xampp\htdocs\Ecommerce\system\CodeIgniter.php(404): CodeIgniter\CodeIgniter->runController(Object(App\Controllers\Checkout))
#2 C:\xampp\htdocs\Ecommerce\system\CodeIgniter.php(312): CodeIgniter\CodeIgniter->handleRequest(NULL, Object(Config\Cache), false)
#3 C:\xampp\htdocs\Ecommerce\public\index.php(45): CodeIgniter\CodeIgniter->run()
#4 {main}
CRITICAL - 2020-11-26 18:14:22 --> Call to a member function has() on null
#0 C:\xampp\htdocs\Ecommerce\system\CodeIgniter.php(918): App\Controllers\Checkout->index()
#1 C:\xampp\htdocs\Ecommerce\system\CodeIgniter.php(404): CodeIgniter\CodeIgniter->runController(Object(App\Controllers\Checkout))
#2 C:\xampp\htdocs\Ecommerce\system\CodeIgniter.php(312): CodeIgniter\CodeIgniter->handleRequest(NULL, Object(Config\Cache), false)
#3 C:\xampp\htdocs\Ecommerce\public\index.php(45): CodeIgniter\CodeIgniter->run()
#4 {main}
CRITICAL - 2020-11-26 18:14:32 --> Call to a member function has() on null
#0 C:\xampp\htdocs\Ecommerce\system\CodeIgniter.php(918): App\Controllers\Checkout->index()
#1 C:\xampp\htdocs\Ecommerce\system\CodeIgniter.php(404): CodeIgniter\CodeIgniter->runController(Object(App\Controllers\Checkout))
#2 C:\xampp\htdocs\Ecommerce\system\CodeIgniter.php(312): CodeIgniter\CodeIgniter->handleRequest(NULL, Object(Config\Cache), false)
#3 C:\xampp\htdocs\Ecommerce\public\index.php(45): CodeIgniter\CodeIgniter->run()
#4 {main}
CRITICAL - 2020-11-26 18:14:33 --> Call to a member function has() on null
#0 C:\xampp\htdocs\Ecommerce\system\CodeIgniter.php(918): App\Controllers\Checkout->index()
#1 C:\xampp\htdocs\Ecommerce\system\CodeIgniter.php(404): CodeIgniter\CodeIgniter->runController(Object(App\Controllers\Checkout))
#2 C:\xampp\htdocs\Ecommerce\system\CodeIgniter.php(312): CodeIgniter\CodeIgniter->handleRequest(NULL, Object(Config\Cache), false)
#3 C:\xampp\htdocs\Ecommerce\public\index.php(45): CodeIgniter\CodeIgniter->run()
#4 {main}
CRITICAL - 2020-11-26 18:14:40 --> Call to a member function has() on null
#0 C:\xampp\htdocs\Ecommerce\system\CodeIgniter.php(918): App\Controllers\Checkout->index()
#1 C:\xampp\htdocs\Ecommerce\system\CodeIgniter.php(404): CodeIgniter\CodeIgniter->runController(Object(App\Controllers\Checkout))
#2 C:\xampp\htdocs\Ecommerce\system\CodeIgniter.php(312): CodeIgniter\CodeIgniter->handleRequest(NULL, Object(Config\Cache), false)
#3 C:\xampp\htdocs\Ecommerce\public\index.php(45): CodeIgniter\CodeIgniter->run()
#4 {main}
CRITICAL - 2020-11-26 18:14:41 --> Call to a member function has() on null
#0 C:\xampp\htdocs\Ecommerce\system\CodeIgniter.php(918): App\Controllers\Checkout->index()
#1 C:\xampp\htdocs\Ecommerce\system\CodeIgniter.php(404): CodeIgniter\CodeIgniter->runController(Object(App\Controllers\Checkout))
#2 C:\xampp\htdocs\Ecommerce\system\CodeIgniter.php(312): CodeIgniter\CodeIgniter->handleRequest(NULL, Object(Config\Cache), false)
#3 C:\xampp\htdocs\Ecommerce\public\index.php(45): CodeIgniter\CodeIgniter->run()
#4 {main}
CRITICAL - 2020-11-26 18:14:42 --> Call to a member function has() on null
#0 C:\xampp\htdocs\Ecommerce\system\CodeIgniter.php(918): App\Controllers\Checkout->index()
#1 C:\xampp\htdocs\Ecommerce\system\CodeIgniter.php(404): CodeIgniter\CodeIgniter->runController(Object(App\Controllers\Checkout))
#2 C:\xampp\htdocs\Ecommerce\system\CodeIgniter.php(312): CodeIgniter\CodeIgniter->handleRequest(NULL, Object(Config\Cache), false)
#3 C:\xampp\htdocs\Ecommerce\public\index.php(45): CodeIgniter\CodeIgniter->run()
#4 {main}
CRITICAL - 2020-11-26 18:14:56 --> Call to a member function has() on null
#0 C:\xampp\htdocs\Ecommerce\system\CodeIgniter.php(918): App\Controllers\Checkout->index()
#1 C:\xampp\htdocs\Ecommerce\system\CodeIgniter.php(404): CodeIgniter\CodeIgniter->runController(Object(App\Controllers\Checkout))
#2 C:\xampp\htdocs\Ecommerce\system\CodeIgniter.php(312): CodeIgniter\CodeIgniter->handleRequest(NULL, Object(Config\Cache), false)
#3 C:\xampp\htdocs\Ecommerce\public\index.php(45): CodeIgniter\CodeIgniter->run()
#4 {main}
CRITICAL - 2020-11-26 18:14:58 --> Call to a member function has() on null
#0 C:\xampp\htdocs\Ecommerce\system\CodeIgniter.php(918): App\Controllers\Checkout->index()
#1 C:\xampp\htdocs\Ecommerce\system\CodeIgniter.php(404): CodeIgniter\CodeIgniter->runController(Object(App\Controllers\Checkout))
#2 C:\xampp\htdocs\Ecommerce\system\CodeIgniter.php(312): CodeIgniter\CodeIgniter->handleRequest(NULL, Object(Config\Cache), false)
#3 C:\xampp\htdocs\Ecommerce\public\index.php(45): CodeIgniter\CodeIgniter->run()
#4 {main}
CRITICAL - 2020-11-26 18:15:01 --> Call to a member function has() on null
#0 C:\xampp\htdocs\Ecommerce\system\CodeIgniter.php(918): App\Controllers\Checkout->index()
#1 C:\xampp\htdocs\Ecommerce\system\CodeIgniter.php(404): CodeIgniter\CodeIgniter->runController(Object(App\Controllers\Checkout))
#2 C:\xampp\htdocs\Ecommerce\system\CodeIgniter.php(312): CodeIgniter\CodeIgniter->handleRequest(NULL, Object(Config\Cache), false)
#3 C:\xampp\htdocs\Ecommerce\public\index.php(45): CodeIgniter\CodeIgniter->run()
#4 {main}
CRITICAL - 2020-11-26 18:15:10 --> Call to a member function has() on null
#0 C:\xampp\htdocs\Ecommerce\system\CodeIgniter.php(918): App\Controllers\Checkout->index()
#1 C:\xampp\htdocs\Ecommerce\system\CodeIgniter.php(404): CodeIgniter\CodeIgniter->runController(Object(App\Controllers\Checkout))
#2 C:\xampp\htdocs\Ecommerce\system\CodeIgniter.php(312): CodeIgniter\CodeIgniter->handleRequest(NULL, Object(Config\Cache), false)
#3 C:\xampp\htdocs\Ecommerce\public\index.php(45): CodeIgniter\CodeIgniter->run()
#4 {main}
CRITICAL - 2020-11-26 18:15:15 --> Call to a member function has() on null
#0 C:\xampp\htdocs\Ecommerce\system\CodeIgniter.php(918): App\Controllers\Checkout->index()
#1 C:\xampp\htdocs\Ecommerce\system\CodeIgniter.php(404): CodeIgniter\CodeIgniter->runController(Object(App\Controllers\Checkout))
#2 C:\xampp\htdocs\Ecommerce\system\CodeIgniter.php(312): CodeIgniter\CodeIgniter->handleRequest(NULL, Object(Config\Cache), false)
#3 C:\xampp\htdocs\Ecommerce\public\index.php(45): CodeIgniter\CodeIgniter->run()
#4 {main}
CRITICAL - 2020-11-26 18:31:20 --> Call to a member function model() on null
#0 C:\xampp\htdocs\Ecommerce\system\CodeIgniter.php(918): App\Controllers\thankyou->index()
#1 C:\xampp\htdocs\Ecommerce\system\CodeIgniter.php(404): CodeIgniter\CodeIgniter->runController(Object(App\Controllers\thankyou))
#2 C:\xampp\htdocs\Ecommerce\system\CodeIgniter.php(312): CodeIgniter\CodeIgniter->handleRequest(NULL, Object(Config\Cache), false)
#3 C:\xampp\htdocs\Ecommerce\public\index.php(45): CodeIgniter\CodeIgniter->run()
#4 {main}
CRITICAL - 2020-11-26 18:32:16 --> Call to a member function model() on null
#0 C:\xampp\htdocs\Ecommerce\system\CodeIgniter.php(918): App\Controllers\thankyou->index()
#1 C:\xampp\htdocs\Ecommerce\system\CodeIgniter.php(404): CodeIgniter\CodeIgniter->runController(Object(App\Controllers\thankyou))
#2 C:\xampp\htdocs\Ecommerce\system\CodeIgniter.php(312): CodeIgniter\CodeIgniter->handleRequest(NULL, Object(Config\Cache), false)
#3 C:\xampp\htdocs\Ecommerce\public\index.php(45): CodeIgniter\CodeIgniter->run()
#4 {main}
CRITICAL - 2020-11-26 18:32:29 --> Call to a member function model() on null
#0 C:\xampp\htdocs\Ecommerce\system\CodeIgniter.php(918): App\Controllers\thankyou->index()
#1 C:\xampp\htdocs\Ecommerce\system\CodeIgniter.php(404): CodeIgniter\CodeIgniter->runController(Object(App\Controllers\thankyou))
#2 C:\xampp\htdocs\Ecommerce\system\CodeIgniter.php(312): CodeIgniter\CodeIgniter->handleRequest(NULL, Object(Config\Cache), false)
#3 C:\xampp\htdocs\Ecommerce\public\index.php(45): CodeIgniter\CodeIgniter->run()
#4 {main}
CRITICAL - 2020-11-26 18:33:00 --> Call to a member function view() on null
#0 C:\xampp\htdocs\Ecommerce\system\CodeIgniter.php(918): App\Controllers\thankyou->index()
#1 C:\xampp\htdocs\Ecommerce\system\CodeIgniter.php(404): CodeIgniter\CodeIgniter->runController(Object(App\Controllers\thankyou))
#2 C:\xampp\htdocs\Ecommerce\system\CodeIgniter.php(312): CodeIgniter\CodeIgniter->handleRequest(NULL, Object(Config\Cache), false)
#3 C:\xampp\htdocs\Ecommerce\public\index.php(45): CodeIgniter\CodeIgniter->run()
#4 {main}
CRITICAL - 2020-11-26 18:33:30 --> Call to a member function model() on null
#0 C:\xampp\htdocs\Ecommerce\system\CodeIgniter.php(918): App\Controllers\thankyou->index()
#1 C:\xampp\htdocs\Ecommerce\system\CodeIgniter.php(404): CodeIgniter\CodeIgniter->runController(Object(App\Controllers\thankyou))
#2 C:\xampp\htdocs\Ecommerce\system\CodeIgniter.php(312): CodeIgniter\CodeIgniter->handleRequest(NULL, Object(Config\Cache), false)
#3 C:\xampp\htdocs\Ecommerce\public\index.php(45): CodeIgniter\CodeIgniter->run()
#4 {main}
CRITICAL - 2020-11-26 18:34:05 --> Call to a member function model() on null
#0 C:\xampp\htdocs\Ecommerce\system\CodeIgniter.php(918): App\Controllers\thankyou->index()
#1 C:\xampp\htdocs\Ecommerce\system\CodeIgniter.php(404): CodeIgniter\CodeIgniter->runController(Object(App\Controllers\thankyou))
#2 C:\xampp\htdocs\Ecommerce\system\CodeIgniter.php(312): CodeIgniter\CodeIgniter->handleRequest(NULL, Object(Config\Cache), false)
#3 C:\xampp\htdocs\Ecommerce\public\index.php(45): CodeIgniter\CodeIgniter->run()
#4 {main}
CRITICAL - 2020-11-26 18:34:36 --> Call to a member function model() on null
#0 C:\xampp\htdocs\Ecommerce\system\CodeIgniter.php(918): App\Controllers\thankyou->index()
#1 C:\xampp\htdocs\Ecommerce\system\CodeIgniter.php(404): CodeIgniter\CodeIgniter->runController(Object(App\Controllers\thankyou))
#2 C:\xampp\htdocs\Ecommerce\system\CodeIgniter.php(312): CodeIgniter\CodeIgniter->handleRequest(NULL, Object(Config\Cache), false)
#3 C:\xampp\htdocs\Ecommerce\public\index.php(45): CodeIgniter\CodeIgniter->run()
#4 {main}
CRITICAL - 2020-11-26 18:34:53 --> Call to a member function model() on null
#0 C:\xampp\htdocs\Ecommerce\system\CodeIgniter.php(918): App\Controllers\thankyou->index()
#1 C:\xampp\htdocs\Ecommerce\system\CodeIgniter.php(404): CodeIgniter\CodeIgniter->runController(Object(App\Controllers\thankyou))
#2 C:\xampp\htdocs\Ecommerce\system\CodeIgniter.php(312): CodeIgniter\CodeIgniter->handleRequest(NULL, Object(Config\Cache), false)
#3 C:\xampp\htdocs\Ecommerce\public\index.php(45): CodeIgniter\CodeIgniter->run()
#4 {main}
CRITICAL - 2020-11-26 18:36:43 --> Call to a member function model() on null
#0 C:\xampp\htdocs\Ecommerce\system\CodeIgniter.php(918): App\Controllers\thankyou->index()
#1 C:\xampp\htdocs\Ecommerce\system\CodeIgniter.php(404): CodeIgniter\CodeIgniter->runController(Object(App\Controllers\thankyou))
#2 C:\xampp\htdocs\Ecommerce\system\CodeIgniter.php(312): CodeIgniter\CodeIgniter->handleRequest(NULL, Object(Config\Cache), false)
#3 C:\xampp\htdocs\Ecommerce\public\index.php(45): CodeIgniter\CodeIgniter->run()
#4 {main}
CRITICAL - 2020-11-26 18:36:55 --> Call to a member function view() on null
#0 C:\xampp\htdocs\Ecommerce\system\CodeIgniter.php(918): App\Controllers\thankyou->index()
#1 C:\xampp\htdocs\Ecommerce\system\CodeIgniter.php(404): CodeIgniter\CodeIgniter->runController(Object(App\Controllers\thankyou))
#2 C:\xampp\htdocs\Ecommerce\system\CodeIgniter.php(312): CodeIgniter\CodeIgniter->handleRequest(NULL, Object(Config\Cache), false)
#3 C:\xampp\htdocs\Ecommerce\public\index.php(45): CodeIgniter\CodeIgniter->run()
#4 {main}
CRITICAL - 2020-11-26 18:37:09 --> Call to a member function model() on null
#0 C:\xampp\htdocs\Ecommerce\system\CodeIgniter.php(918): App\Controllers\thankyou->index()
#1 C:\xampp\htdocs\Ecommerce\system\CodeIgniter.php(404): CodeIgniter\CodeIgniter->runController(Object(App\Controllers\thankyou))
#2 C:\xampp\htdocs\Ecommerce\system\CodeIgniter.php(312): CodeIgniter\CodeIgniter->handleRequest(NULL, Object(Config\Cache), false)
#3 C:\xampp\htdocs\Ecommerce\public\index.php(45): CodeIgniter\CodeIgniter->run()
#4 {main}
CRITICAL - 2020-11-26 18:37:16 --> Call to a member function model() on null
#0 C:\xampp\htdocs\Ecommerce\system\CodeIgniter.php(918): App\Controllers\thankyou->index()
#1 C:\xampp\htdocs\Ecommerce\system\CodeIgniter.php(404): CodeIgniter\CodeIgniter->runController(Object(App\Controllers\thankyou))
#2 C:\xampp\htdocs\Ecommerce\system\CodeIgniter.php(312): CodeIgniter\CodeIgniter->handleRequest(NULL, Object(Config\Cache), false)
#3 C:\xampp\htdocs\Ecommerce\public\index.php(45): CodeIgniter\CodeIgniter->run()
#4 {main}
CRITICAL - 2020-11-26 18:37:19 --> Call to a member function model() on null
#0 C:\xampp\htdocs\Ecommerce\system\CodeIgniter.php(918): App\Controllers\thankyou->index()
#1 C:\xampp\htdocs\Ecommerce\system\CodeIgniter.php(404): CodeIgniter\CodeIgniter->runController(Object(App\Controllers\thankyou))
#2 C:\xampp\htdocs\Ecommerce\system\CodeIgniter.php(312): CodeIgniter\CodeIgniter->handleRequest(NULL, Object(Config\Cache), false)
#3 C:\xampp\htdocs\Ecommerce\public\index.php(45): CodeIgniter\CodeIgniter->run()
#4 {main}
CRITICAL - 2020-11-26 18:38:15 --> Cannot declare class App\Controllers\thankyou because the name is already in use
#0 [internal function]: CodeIgniter\Debug\Exceptions->shutdownHandler()
#1 {main}
CRITICAL - 2020-11-26 18:38:21 --> Cannot declare class App\Controllers\thankyou because the name is already in use
#0 [internal function]: CodeIgniter\Debug\Exceptions->shutdownHandler()
#1 {main}
CRITICAL - 2020-11-26 18:43:55 --> Cannot declare class App\Controllers\thankyou because the name is already in use
#0 [internal function]: CodeIgniter\Debug\Exceptions->shutdownHandler()
#1 {main}
