CRITICAL - 2020-12-04 03:32:05 --> Argument 2 passed to view() must be of the type array, null given, called in C:\xampp\htdocs\Ecommerce\app\Controllers\thankyou.php on line 56
#0 C:\xampp\htdocs\Ecommerce\app\Controllers\thankyou.php(56): view('thankyou', NULL)
#1 C:\xampp\htdocs\Ecommerce\system\CodeIgniter.php(918): App\Controllers\thankyou->index()
#2 C:\xampp\htdocs\Ecommerce\system\CodeIgniter.php(404): CodeIgniter\CodeIgniter->runController(Object(App\Controllers\thankyou))
#3 C:\xampp\htdocs\Ecommerce\system\CodeIgniter.php(312): CodeIgniter\CodeIgniter->handleRequest(NULL, Object(Config\Cache), false)
#4 C:\xampp\htdocs\Ecommerce\public\index.php(45): CodeIgniter\CodeIgniter->run()
#5 {main}
CRITICAL - 2020-12-04 03:35:10 --> Argument 2 passed to view() must be of the type array, null given, called in C:\xampp\htdocs\Ecommerce\app\Controllers\thankyou.php on line 56
#0 C:\xampp\htdocs\Ecommerce\app\Controllers\thankyou.php(56): view('thankyou', NULL)
#1 C:\xampp\htdocs\Ecommerce\system\CodeIgniter.php(918): App\Controllers\thankyou->index()
#2 C:\xampp\htdocs\Ecommerce\system\CodeIgniter.php(404): CodeIgniter\CodeIgniter->runController(Object(App\Controllers\thankyou))
#3 C:\xampp\htdocs\Ecommerce\system\CodeIgniter.php(312): CodeIgniter\CodeIgniter->handleRequest(NULL, Object(Config\Cache), false)
#4 C:\xampp\htdocs\Ecommerce\public\index.php(45): CodeIgniter\CodeIgniter->run()
#5 {main}
CRITICAL - 2020-12-04 03:35:21 --> Invalid argument supplied for foreach()
#0 C:\xampp\htdocs\Ecommerce\app\Controllers\thankyou.php(30): CodeIgniter\Debug\Exceptions->errorHandler(2, 'Invalid argumen...', 'C:\\xampp\\htdocs...', 30, Array)
#1 C:\xampp\htdocs\Ecommerce\system\CodeIgniter.php(918): App\Controllers\thankyou->index()
#2 C:\xampp\htdocs\Ecommerce\system\CodeIgniter.php(404): CodeIgniter\CodeIgniter->runController(Object(App\Controllers\thankyou))
#3 C:\xampp\htdocs\Ecommerce\system\CodeIgniter.php(312): CodeIgniter\CodeIgniter->handleRequest(NULL, Object(Config\Cache), false)
#4 C:\xampp\htdocs\Ecommerce\public\index.php(45): CodeIgniter\CodeIgniter->run()
#5 {main}
CRITICAL - 2020-12-04 03:36:33 --> Argument 2 passed to view() must be of the type array, null given, called in C:\xampp\htdocs\Ecommerce\app\Controllers\thankyou.php on line 56
#0 C:\xampp\htdocs\Ecommerce\app\Controllers\thankyou.php(56): view('thankyou', NULL)
#1 C:\xampp\htdocs\Ecommerce\system\CodeIgniter.php(918): App\Controllers\thankyou->index()
#2 C:\xampp\htdocs\Ecommerce\system\CodeIgniter.php(404): CodeIgniter\CodeIgniter->runController(Object(App\Controllers\thankyou))
#3 C:\xampp\htdocs\Ecommerce\system\CodeIgniter.php(312): CodeIgniter\CodeIgniter->handleRequest(NULL, Object(Config\Cache), false)
#4 C:\xampp\htdocs\Ecommerce\public\index.php(45): CodeIgniter\CodeIgniter->run()
#5 {main}
CRITICAL - 2020-12-04 03:38:06 --> Argument 2 passed to view() must be of the type array, null given, called in C:\xampp\htdocs\Ecommerce\app\Controllers\thankyou.php on line 59
#0 C:\xampp\htdocs\Ecommerce\app\Controllers\thankyou.php(59): view('thankyou', NULL)
#1 C:\xampp\htdocs\Ecommerce\system\CodeIgniter.php(918): App\Controllers\thankyou->index()
#2 C:\xampp\htdocs\Ecommerce\system\CodeIgniter.php(404): CodeIgniter\CodeIgniter->runController(Object(App\Controllers\thankyou))
#3 C:\xampp\htdocs\Ecommerce\system\CodeIgniter.php(312): CodeIgniter\CodeIgniter->handleRequest(NULL, Object(Config\Cache), false)
#4 C:\xampp\htdocs\Ecommerce\public\index.php(45): CodeIgniter\CodeIgniter->run()
#5 {main}
CRITICAL - 2020-12-04 03:38:27 --> Cannot use temporary expression in write context
#0 [internal function]: CodeIgniter\Debug\Exceptions->shutdownHandler()
#1 {main}
CRITICAL - 2020-12-04 03:38:38 --> Argument 2 passed to view() must be of the type array, null given, called in C:\xampp\htdocs\Ecommerce\app\Controllers\thankyou.php on line 61
#0 C:\xampp\htdocs\Ecommerce\app\Controllers\thankyou.php(61): view('thankyou', NULL)
#1 C:\xampp\htdocs\Ecommerce\system\CodeIgniter.php(918): App\Controllers\thankyou->index()
#2 C:\xampp\htdocs\Ecommerce\system\CodeIgniter.php(404): CodeIgniter\CodeIgniter->runController(Object(App\Controllers\thankyou))
#3 C:\xampp\htdocs\Ecommerce\system\CodeIgniter.php(312): CodeIgniter\CodeIgniter->handleRequest(NULL, Object(Config\Cache), false)
#4 C:\xampp\htdocs\Ecommerce\public\index.php(45): CodeIgniter\CodeIgniter->run()
#5 {main}
CRITICAL - 2020-12-04 03:39:01 --> Argument 2 passed to view() must be of the type array, null given, called in C:\xampp\htdocs\Ecommerce\app\Controllers\thankyou.php on line 61
#0 C:\xampp\htdocs\Ecommerce\app\Controllers\thankyou.php(61): view('thankyou', NULL)
#1 C:\xampp\htdocs\Ecommerce\system\CodeIgniter.php(918): App\Controllers\thankyou->index()
#2 C:\xampp\htdocs\Ecommerce\system\CodeIgniter.php(404): CodeIgniter\CodeIgniter->runController(Object(App\Controllers\thankyou))
#3 C:\xampp\htdocs\Ecommerce\system\CodeIgniter.php(312): CodeIgniter\CodeIgniter->handleRequest(NULL, Object(Config\Cache), false)
#4 C:\xampp\htdocs\Ecommerce\public\index.php(45): CodeIgniter\CodeIgniter->run()
#5 {main}
CRITICAL - 2020-12-04 03:39:25 --> Argument 2 passed to view() must be of the type array, null given, called in C:\xampp\htdocs\Ecommerce\app\Controllers\thankyou.php on line 63
#0 C:\xampp\htdocs\Ecommerce\app\Controllers\thankyou.php(63): view('thankyou', NULL)
#1 C:\xampp\htdocs\Ecommerce\system\CodeIgniter.php(918): App\Controllers\thankyou->index()
#2 C:\xampp\htdocs\Ecommerce\system\CodeIgniter.php(404): CodeIgniter\CodeIgniter->runController(Object(App\Controllers\thankyou))
#3 C:\xampp\htdocs\Ecommerce\system\CodeIgniter.php(312): CodeIgniter\CodeIgniter->handleRequest(NULL, Object(Config\Cache), false)
#4 C:\xampp\htdocs\Ecommerce\public\index.php(45): CodeIgniter\CodeIgniter->run()
#5 {main}
CRITICAL - 2020-12-04 03:39:32 --> Argument 2 passed to view() must be of the type array, null given, called in C:\xampp\htdocs\Ecommerce\app\Controllers\thankyou.php on line 63
#0 C:\xampp\htdocs\Ecommerce\app\Controllers\thankyou.php(63): view('thankyou', NULL)
#1 C:\xampp\htdocs\Ecommerce\system\CodeIgniter.php(918): App\Controllers\thankyou->index()
#2 C:\xampp\htdocs\Ecommerce\system\CodeIgniter.php(404): CodeIgniter\CodeIgniter->runController(Object(App\Controllers\thankyou))
#3 C:\xampp\htdocs\Ecommerce\system\CodeIgniter.php(312): CodeIgniter\CodeIgniter->handleRequest(NULL, Object(Config\Cache), false)
#4 C:\xampp\htdocs\Ecommerce\public\index.php(45): CodeIgniter\CodeIgniter->run()
#5 {main}
CRITICAL - 2020-12-04 03:42:09 --> Argument 2 passed to view() must be of the type array, null given, called in C:\xampp\htdocs\Ecommerce\app\Controllers\thankyou.php on line 64
#0 C:\xampp\htdocs\Ecommerce\app\Controllers\thankyou.php(64): view('thankyou', NULL)
#1 C:\xampp\htdocs\Ecommerce\system\CodeIgniter.php(918): App\Controllers\thankyou->index()
#2 C:\xampp\htdocs\Ecommerce\system\CodeIgniter.php(404): CodeIgniter\CodeIgniter->runController(Object(App\Controllers\thankyou))
#3 C:\xampp\htdocs\Ecommerce\system\CodeIgniter.php(312): CodeIgniter\CodeIgniter->handleRequest(NULL, Object(Config\Cache), false)
#4 C:\xampp\htdocs\Ecommerce\public\index.php(45): CodeIgniter\CodeIgniter->run()
#5 {main}
CRITICAL - 2020-12-04 03:42:28 --> Argument 2 passed to view() must be of the type array, null given, called in C:\xampp\htdocs\Ecommerce\app\Controllers\thankyou.php on line 64
#0 C:\xampp\htdocs\Ecommerce\app\Controllers\thankyou.php(64): view('thankyou', NULL)
#1 C:\xampp\htdocs\Ecommerce\system\CodeIgniter.php(918): App\Controllers\thankyou->index()
#2 C:\xampp\htdocs\Ecommerce\system\CodeIgniter.php(404): CodeIgniter\CodeIgniter->runController(Object(App\Controllers\thankyou))
#3 C:\xampp\htdocs\Ecommerce\system\CodeIgniter.php(312): CodeIgniter\CodeIgniter->handleRequest(NULL, Object(Config\Cache), false)
#4 C:\xampp\htdocs\Ecommerce\public\index.php(45): CodeIgniter\CodeIgniter->run()
#5 {main}
CRITICAL - 2020-12-04 03:42:50 --> Argument 2 passed to view() must be of the type array, null given, called in C:\xampp\htdocs\Ecommerce\app\Controllers\thankyou.php on line 64
#0 C:\xampp\htdocs\Ecommerce\app\Controllers\thankyou.php(64): view('thankyou', NULL)
#1 C:\xampp\htdocs\Ecommerce\system\CodeIgniter.php(918): App\Controllers\thankyou->index()
#2 C:\xampp\htdocs\Ecommerce\system\CodeIgniter.php(404): CodeIgniter\CodeIgniter->runController(Object(App\Controllers\thankyou))
#3 C:\xampp\htdocs\Ecommerce\system\CodeIgniter.php(312): CodeIgniter\CodeIgniter->handleRequest(NULL, Object(Config\Cache), false)
#4 C:\xampp\htdocs\Ecommerce\public\index.php(45): CodeIgniter\CodeIgniter->run()
#5 {main}
CRITICAL - 2020-12-04 03:42:58 --> Argument 2 passed to view() must be of the type array, null given, called in C:\xampp\htdocs\Ecommerce\app\Controllers\thankyou.php on line 64
#0 C:\xampp\htdocs\Ecommerce\app\Controllers\thankyou.php(64): view('thankyou', NULL)
#1 C:\xampp\htdocs\Ecommerce\system\CodeIgniter.php(918): App\Controllers\thankyou->index()
#2 C:\xampp\htdocs\Ecommerce\system\CodeIgniter.php(404): CodeIgniter\CodeIgniter->runController(Object(App\Controllers\thankyou))
#3 C:\xampp\htdocs\Ecommerce\system\CodeIgniter.php(312): CodeIgniter\CodeIgniter->handleRequest(NULL, Object(Config\Cache), false)
#4 C:\xampp\htdocs\Ecommerce\public\index.php(45): CodeIgniter\CodeIgniter->run()
#5 {main}
CRITICAL - 2020-12-04 03:43:03 --> Argument 2 passed to view() must be of the type array, null given, called in C:\xampp\htdocs\Ecommerce\app\Controllers\thankyou.php on line 64
#0 C:\xampp\htdocs\Ecommerce\app\Controllers\thankyou.php(64): view('thankyou', NULL)
#1 C:\xampp\htdocs\Ecommerce\system\CodeIgniter.php(918): App\Controllers\thankyou->index()
#2 C:\xampp\htdocs\Ecommerce\system\CodeIgniter.php(404): CodeIgniter\CodeIgniter->runController(Object(App\Controllers\thankyou))
#3 C:\xampp\htdocs\Ecommerce\system\CodeIgniter.php(312): CodeIgniter\CodeIgniter->handleRequest(NULL, Object(Config\Cache), false)
#4 C:\xampp\htdocs\Ecommerce\public\index.php(45): CodeIgniter\CodeIgniter->run()
#5 {main}
CRITICAL - 2020-12-04 04:01:16 --> Argument 2 passed to view() must be of the type array, null given, called in C:\xampp\htdocs\Ecommerce\app\Controllers\thankyou.php on line 64
#0 C:\xampp\htdocs\Ecommerce\app\Controllers\thankyou.php(64): view('thankyou', NULL)
#1 C:\xampp\htdocs\Ecommerce\system\CodeIgniter.php(918): App\Controllers\thankyou->index()
#2 C:\xampp\htdocs\Ecommerce\system\CodeIgniter.php(404): CodeIgniter\CodeIgniter->runController(Object(App\Controllers\thankyou))
#3 C:\xampp\htdocs\Ecommerce\system\CodeIgniter.php(312): CodeIgniter\CodeIgniter->handleRequest(NULL, Object(Config\Cache), false)
#4 C:\xampp\htdocs\Ecommerce\public\index.php(45): CodeIgniter\CodeIgniter->run()
#5 {main}
CRITICAL - 2020-12-04 04:02:03 --> Argument 2 passed to view() must be of the type array, null given, called in C:\xampp\htdocs\Ecommerce\app\Controllers\thankyou.php on line 63
#0 C:\xampp\htdocs\Ecommerce\app\Controllers\thankyou.php(63): view('thankyou', NULL)
#1 C:\xampp\htdocs\Ecommerce\system\CodeIgniter.php(918): App\Controllers\thankyou->index()
#2 C:\xampp\htdocs\Ecommerce\system\CodeIgniter.php(404): CodeIgniter\CodeIgniter->runController(Object(App\Controllers\thankyou))
#3 C:\xampp\htdocs\Ecommerce\system\CodeIgniter.php(312): CodeIgniter\CodeIgniter->handleRequest(NULL, Object(Config\Cache), false)
#4 C:\xampp\htdocs\Ecommerce\public\index.php(45): CodeIgniter\CodeIgniter->run()
#5 {main}
CRITICAL - 2020-12-04 04:02:25 --> Argument 2 passed to view() must be of the type array, null given, called in C:\xampp\htdocs\Ecommerce\app\Controllers\thankyou.php on line 63
#0 C:\xampp\htdocs\Ecommerce\app\Controllers\thankyou.php(63): view('thankyou', NULL)
#1 C:\xampp\htdocs\Ecommerce\system\CodeIgniter.php(918): App\Controllers\thankyou->index()
#2 C:\xampp\htdocs\Ecommerce\system\CodeIgniter.php(404): CodeIgniter\CodeIgniter->runController(Object(App\Controllers\thankyou))
#3 C:\xampp\htdocs\Ecommerce\system\CodeIgniter.php(312): CodeIgniter\CodeIgniter->handleRequest(NULL, Object(Config\Cache), false)
#4 C:\xampp\htdocs\Ecommerce\public\index.php(45): CodeIgniter\CodeIgniter->run()
#5 {main}
CRITICAL - 2020-12-04 04:04:51 --> Object of class stdClass could not be converted to string
#0 C:\xampp\htdocs\Ecommerce\app\Controllers\thankyou.php(36): CodeIgniter\Debug\Exceptions->errorHandler(4096, 'Object of class...', 'C:\\xampp\\htdocs...', 36, Array)
#1 C:\xampp\htdocs\Ecommerce\system\CodeIgniter.php(918): App\Controllers\thankyou->index()
#2 C:\xampp\htdocs\Ecommerce\system\CodeIgniter.php(404): CodeIgniter\CodeIgniter->runController(Object(App\Controllers\thankyou))
#3 C:\xampp\htdocs\Ecommerce\system\CodeIgniter.php(312): CodeIgniter\CodeIgniter->handleRequest(NULL, Object(Config\Cache), false)
#4 C:\xampp\htdocs\Ecommerce\public\index.php(45): CodeIgniter\CodeIgniter->run()
#5 {main}
CRITICAL - 2020-12-04 04:05:15 --> Object of class stdClass could not be converted to string
#0 C:\xampp\htdocs\Ecommerce\app\Controllers\thankyou.php(31): CodeIgniter\Debug\Exceptions->errorHandler(4096, 'Object of class...', 'C:\\xampp\\htdocs...', 31, Array)
#1 C:\xampp\htdocs\Ecommerce\system\CodeIgniter.php(918): App\Controllers\thankyou->index()
#2 C:\xampp\htdocs\Ecommerce\system\CodeIgniter.php(404): CodeIgniter\CodeIgniter->runController(Object(App\Controllers\thankyou))
#3 C:\xampp\htdocs\Ecommerce\system\CodeIgniter.php(312): CodeIgniter\CodeIgniter->handleRequest(NULL, Object(Config\Cache), false)
#4 C:\xampp\htdocs\Ecommerce\public\index.php(45): CodeIgniter\CodeIgniter->run()
#5 {main}
CRITICAL - 2020-12-04 04:05:39 --> Object of class stdClass could not be converted to string
#0 C:\xampp\htdocs\Ecommerce\app\Controllers\thankyou.php(31): CodeIgniter\Debug\Exceptions->errorHandler(4096, 'Object of class...', 'C:\\xampp\\htdocs...', 31, Array)
#1 C:\xampp\htdocs\Ecommerce\system\CodeIgniter.php(918): App\Controllers\thankyou->index()
#2 C:\xampp\htdocs\Ecommerce\system\CodeIgniter.php(404): CodeIgniter\CodeIgniter->runController(Object(App\Controllers\thankyou))
#3 C:\xampp\htdocs\Ecommerce\system\CodeIgniter.php(312): CodeIgniter\CodeIgniter->handleRequest(NULL, Object(Config\Cache), false)
#4 C:\xampp\htdocs\Ecommerce\public\index.php(45): CodeIgniter\CodeIgniter->run()
#5 {main}
CRITICAL - 2020-12-04 04:05:47 --> Object of class stdClass could not be converted to string
#0 C:\xampp\htdocs\Ecommerce\app\Controllers\thankyou.php(31): CodeIgniter\Debug\Exceptions->errorHandler(4096, 'Object of class...', 'C:\\xampp\\htdocs...', 31, Array)
#1 C:\xampp\htdocs\Ecommerce\system\CodeIgniter.php(918): App\Controllers\thankyou->index()
#2 C:\xampp\htdocs\Ecommerce\system\CodeIgniter.php(404): CodeIgniter\CodeIgniter->runController(Object(App\Controllers\thankyou))
#3 C:\xampp\htdocs\Ecommerce\system\CodeIgniter.php(312): CodeIgniter\CodeIgniter->handleRequest(NULL, Object(Config\Cache), false)
#4 C:\xampp\htdocs\Ecommerce\public\index.php(45): CodeIgniter\CodeIgniter->run()
#5 {main}
CRITICAL - 2020-12-04 04:06:10 --> Object of class stdClass could not be converted to string
#0 C:\xampp\htdocs\Ecommerce\app\Controllers\thankyou.php(31): CodeIgniter\Debug\Exceptions->errorHandler(4096, 'Object of class...', 'C:\\xampp\\htdocs...', 31, Array)
#1 C:\xampp\htdocs\Ecommerce\system\CodeIgniter.php(918): App\Controllers\thankyou->index()
#2 C:\xampp\htdocs\Ecommerce\system\CodeIgniter.php(404): CodeIgniter\CodeIgniter->runController(Object(App\Controllers\thankyou))
#3 C:\xampp\htdocs\Ecommerce\system\CodeIgniter.php(312): CodeIgniter\CodeIgniter->handleRequest(NULL, Object(Config\Cache), false)
#4 C:\xampp\htdocs\Ecommerce\public\index.php(45): CodeIgniter\CodeIgniter->run()
#5 {main}
CRITICAL - 2020-12-04 04:07:08 --> Object of class stdClass could not be converted to string
#0 C:\xampp\htdocs\Ecommerce\app\Controllers\thankyou.php(31): CodeIgniter\Debug\Exceptions->errorHandler(4096, 'Object of class...', 'C:\\xampp\\htdocs...', 31, Array)
#1 C:\xampp\htdocs\Ecommerce\system\CodeIgniter.php(918): App\Controllers\thankyou->index()
#2 C:\xampp\htdocs\Ecommerce\system\CodeIgniter.php(404): CodeIgniter\CodeIgniter->runController(Object(App\Controllers\thankyou))
#3 C:\xampp\htdocs\Ecommerce\system\CodeIgniter.php(312): CodeIgniter\CodeIgniter->handleRequest(NULL, Object(Config\Cache), false)
#4 C:\xampp\htdocs\Ecommerce\public\index.php(45): CodeIgniter\CodeIgniter->run()
#5 {main}
CRITICAL - 2020-12-04 04:07:25 --> Illegal string offset 'SHIPPING_CODE'
#0 C:\xampp\htdocs\Ecommerce\app\Controllers\thankyou.php(35): CodeIgniter\Debug\Exceptions->errorHandler(2, 'Illegal string ...', 'C:\\xampp\\htdocs...', 35, Array)
#1 C:\xampp\htdocs\Ecommerce\system\CodeIgniter.php(918): App\Controllers\thankyou->index()
#2 C:\xampp\htdocs\Ecommerce\system\CodeIgniter.php(404): CodeIgniter\CodeIgniter->runController(Object(App\Controllers\thankyou))
#3 C:\xampp\htdocs\Ecommerce\system\CodeIgniter.php(312): CodeIgniter\CodeIgniter->handleRequest(NULL, Object(Config\Cache), false)
#4 C:\xampp\htdocs\Ecommerce\public\index.php(45): CodeIgniter\CodeIgniter->run()
#5 {main}
CRITICAL - 2020-12-04 04:07:34 --> Illegal string offset 'SHIPPING_CODE'
#0 C:\xampp\htdocs\Ecommerce\app\Controllers\thankyou.php(38): CodeIgniter\Debug\Exceptions->errorHandler(2, 'Illegal string ...', 'C:\\xampp\\htdocs...', 38, Array)
#1 C:\xampp\htdocs\Ecommerce\system\CodeIgniter.php(918): App\Controllers\thankyou->index()
#2 C:\xampp\htdocs\Ecommerce\system\CodeIgniter.php(404): CodeIgniter\CodeIgniter->runController(Object(App\Controllers\thankyou))
#3 C:\xampp\htdocs\Ecommerce\system\CodeIgniter.php(312): CodeIgniter\CodeIgniter->handleRequest(NULL, Object(Config\Cache), false)
#4 C:\xampp\htdocs\Ecommerce\public\index.php(45): CodeIgniter\CodeIgniter->run()
#5 {main}
CRITICAL - 2020-12-04 04:07:43 --> Illegal string offset 'SHIPPING_CODE'
#0 C:\xampp\htdocs\Ecommerce\app\Controllers\thankyou.php(38): CodeIgniter\Debug\Exceptions->errorHandler(2, 'Illegal string ...', 'C:\\xampp\\htdocs...', 38, Array)
#1 C:\xampp\htdocs\Ecommerce\system\CodeIgniter.php(918): App\Controllers\thankyou->index()
#2 C:\xampp\htdocs\Ecommerce\system\CodeIgniter.php(404): CodeIgniter\CodeIgniter->runController(Object(App\Controllers\thankyou))
#3 C:\xampp\htdocs\Ecommerce\system\CodeIgniter.php(312): CodeIgniter\CodeIgniter->handleRequest(NULL, Object(Config\Cache), false)
#4 C:\xampp\htdocs\Ecommerce\public\index.php(45): CodeIgniter\CodeIgniter->run()
#5 {main}
CRITICAL - 2020-12-04 04:08:07 --> Illegal string offset 'SHIPPING_CODE'
#0 C:\xampp\htdocs\Ecommerce\app\Controllers\thankyou.php(39): CodeIgniter\Debug\Exceptions->errorHandler(2, 'Illegal string ...', 'C:\\xampp\\htdocs...', 39, Array)
#1 C:\xampp\htdocs\Ecommerce\system\CodeIgniter.php(918): App\Controllers\thankyou->index()
#2 C:\xampp\htdocs\Ecommerce\system\CodeIgniter.php(404): CodeIgniter\CodeIgniter->runController(Object(App\Controllers\thankyou))
#3 C:\xampp\htdocs\Ecommerce\system\CodeIgniter.php(312): CodeIgniter\CodeIgniter->handleRequest(NULL, Object(Config\Cache), false)
#4 C:\xampp\htdocs\Ecommerce\public\index.php(45): CodeIgniter\CodeIgniter->run()
#5 {main}
CRITICAL - 2020-12-04 04:08:21 --> Illegal string offset 'SHIPPING_CODE'
#0 C:\xampp\htdocs\Ecommerce\app\Controllers\thankyou.php(40): CodeIgniter\Debug\Exceptions->errorHandler(2, 'Illegal string ...', 'C:\\xampp\\htdocs...', 40, Array)
#1 C:\xampp\htdocs\Ecommerce\system\CodeIgniter.php(918): App\Controllers\thankyou->index()
#2 C:\xampp\htdocs\Ecommerce\system\CodeIgniter.php(404): CodeIgniter\CodeIgniter->runController(Object(App\Controllers\thankyou))
#3 C:\xampp\htdocs\Ecommerce\system\CodeIgniter.php(312): CodeIgniter\CodeIgniter->handleRequest(NULL, Object(Config\Cache), false)
#4 C:\xampp\htdocs\Ecommerce\public\index.php(45): CodeIgniter\CodeIgniter->run()
#5 {main}
CRITICAL - 2020-12-04 04:14:08 --> Cannot use [] for reading
#0 [internal function]: CodeIgniter\Debug\Exceptions->shutdownHandler()
#1 {main}
CRITICAL - 2020-12-04 04:26:52 --> Passed variable is not an array or object
#0 C:\xampp\htdocs\Ecommerce\vendor\globalpayments\php-sdk\src\Services\HostedService.php(95): ArrayIterator->__construct(NULL)
#1 C:\xampp\htdocs\Ecommerce\app\Controllers\thankyou.php(34): GlobalPayments\Api\Services\HostedService->parseResponse(NULL, true)
#2 C:\xampp\htdocs\Ecommerce\system\CodeIgniter.php(918): App\Controllers\thankyou->index()
#3 C:\xampp\htdocs\Ecommerce\system\CodeIgniter.php(404): CodeIgniter\CodeIgniter->runController(Object(App\Controllers\thankyou))
#4 C:\xampp\htdocs\Ecommerce\system\CodeIgniter.php(312): CodeIgniter\CodeIgniter->handleRequest(NULL, Object(Config\Cache), false)
#5 C:\xampp\htdocs\Ecommerce\public\index.php(45): CodeIgniter\CodeIgniter->run()
#6 {main}
CRITICAL - 2020-12-04 04:30:54 --> Argument 2 passed to view() must be of the type array, string given, called in C:\xampp\htdocs\Ecommerce\app\Controllers\charge.php on line 63
#0 C:\xampp\htdocs\Ecommerce\app\Controllers\charge.php(63): view('charge', '{"MERCHANT_ID":...')
#1 C:\xampp\htdocs\Ecommerce\system\CodeIgniter.php(918): App\Controllers\charge->index()
#2 C:\xampp\htdocs\Ecommerce\system\CodeIgniter.php(404): CodeIgniter\CodeIgniter->runController(Object(App\Controllers\charge))
#3 C:\xampp\htdocs\Ecommerce\system\CodeIgniter.php(312): CodeIgniter\CodeIgniter->handleRequest(NULL, Object(Config\Cache), false)
#4 C:\xampp\htdocs\Ecommerce\public\index.php(45): CodeIgniter\CodeIgniter->run()
#5 {main}
CRITICAL - 2020-12-04 04:31:12 --> Argument 2 passed to view() must be of the type array, string given, called in C:\xampp\htdocs\Ecommerce\app\Controllers\charge.php on line 63
#0 C:\xampp\htdocs\Ecommerce\app\Controllers\charge.php(63): view('charge', '{"MERCHANT_ID":...')
#1 C:\xampp\htdocs\Ecommerce\system\CodeIgniter.php(918): App\Controllers\charge->index()
#2 C:\xampp\htdocs\Ecommerce\system\CodeIgniter.php(404): CodeIgniter\CodeIgniter->runController(Object(App\Controllers\charge))
#3 C:\xampp\htdocs\Ecommerce\system\CodeIgniter.php(312): CodeIgniter\CodeIgniter->handleRequest(NULL, Object(Config\Cache), false)
#4 C:\xampp\htdocs\Ecommerce\public\index.php(45): CodeIgniter\CodeIgniter->run()
#5 {main}
