CRITICAL - 2020-11-28 12:12:27 --> Unable to connect to the database.
#0 C:\xampp\htdocs\Ecommerce\system\Database\BaseConnection.php(646): CodeIgniter\Database\BaseConnection->initialize()
#1 C:\xampp\htdocs\Ecommerce\app\Controllers\Home.php(9): CodeIgniter\Database\BaseConnection->query('SELECT * FROM p...')
#2 C:\xampp\htdocs\Ecommerce\system\CodeIgniter.php(918): App\Controllers\Home->index()
#3 C:\xampp\htdocs\Ecommerce\system\CodeIgniter.php(404): CodeIgniter\CodeIgniter->runController(Object(App\Controllers\Home))
#4 C:\xampp\htdocs\Ecommerce\system\CodeIgniter.php(312): CodeIgniter\CodeIgniter->handleRequest(NULL, Object(Config\Cache), false)
#5 C:\xampp\htdocs\Ecommerce\public\index.php(45): CodeIgniter\CodeIgniter->run()
#6 {main}
CRITICAL - 2020-11-28 12:12:29 --> Unable to connect to the database.
#0 C:\xampp\htdocs\Ecommerce\system\Database\BaseConnection.php(646): CodeIgniter\Database\BaseConnection->initialize()
#1 C:\xampp\htdocs\Ecommerce\app\Controllers\Home.php(9): CodeIgniter\Database\BaseConnection->query('SELECT * FROM p...')
#2 C:\xampp\htdocs\Ecommerce\system\CodeIgniter.php(918): App\Controllers\Home->index()
#3 C:\xampp\htdocs\Ecommerce\system\CodeIgniter.php(404): CodeIgniter\CodeIgniter->runController(Object(App\Controllers\Home))
#4 C:\xampp\htdocs\Ecommerce\system\CodeIgniter.php(312): CodeIgniter\CodeIgniter->handleRequest(NULL, Object(Config\Cache), false)
#5 C:\xampp\htdocs\Ecommerce\public\index.php(45): CodeIgniter\CodeIgniter->run()
#6 {main}
CRITICAL - 2020-11-28 12:13:24 --> Unable to connect to the database.
#0 C:\xampp\htdocs\Ecommerce\system\Database\BaseConnection.php(646): CodeIgniter\Database\BaseConnection->initialize()
#1 C:\xampp\htdocs\Ecommerce\app\Controllers\Home.php(9): CodeIgniter\Database\BaseConnection->query('SELECT * FROM p...')
#2 C:\xampp\htdocs\Ecommerce\system\CodeIgniter.php(918): App\Controllers\Home->index()
#3 C:\xampp\htdocs\Ecommerce\system\CodeIgniter.php(404): CodeIgniter\CodeIgniter->runController(Object(App\Controllers\Home))
#4 C:\xampp\htdocs\Ecommerce\system\CodeIgniter.php(312): CodeIgniter\CodeIgniter->handleRequest(NULL, Object(Config\Cache), false)
#5 C:\xampp\htdocs\Ecommerce\public\index.php(45): CodeIgniter\CodeIgniter->run()
#6 {main}
CRITICAL - 2020-11-28 12:13:42 --> Unable to connect to the database.
#0 C:\xampp\htdocs\Ecommerce\system\Database\BaseConnection.php(646): CodeIgniter\Database\BaseConnection->initialize()
#1 C:\xampp\htdocs\Ecommerce\app\Controllers\Home.php(9): CodeIgniter\Database\BaseConnection->query('SELECT * FROM p...')
#2 C:\xampp\htdocs\Ecommerce\system\CodeIgniter.php(918): App\Controllers\Home->index()
#3 C:\xampp\htdocs\Ecommerce\system\CodeIgniter.php(404): CodeIgniter\CodeIgniter->runController(Object(App\Controllers\Home))
#4 C:\xampp\htdocs\Ecommerce\system\CodeIgniter.php(312): CodeIgniter\CodeIgniter->handleRequest(NULL, Object(Config\Cache), false)
#5 C:\xampp\htdocs\Ecommerce\public\index.php(45): CodeIgniter\CodeIgniter->run()
#6 {main}
CRITICAL - 2020-11-28 12:15:09 --> Unable to connect to the database.
#0 C:\xampp\htdocs\Ecommerce\system\Database\BaseConnection.php(646): CodeIgniter\Database\BaseConnection->initialize()
#1 C:\xampp\htdocs\Ecommerce\app\Controllers\Home.php(9): CodeIgniter\Database\BaseConnection->query('SELECT * FROM p...')
#2 C:\xampp\htdocs\Ecommerce\system\CodeIgniter.php(918): App\Controllers\Home->index()
#3 C:\xampp\htdocs\Ecommerce\system\CodeIgniter.php(404): CodeIgniter\CodeIgniter->runController(Object(App\Controllers\Home))
#4 C:\xampp\htdocs\Ecommerce\system\CodeIgniter.php(312): CodeIgniter\CodeIgniter->handleRequest(NULL, Object(Config\Cache), false)
#5 C:\xampp\htdocs\Ecommerce\public\index.php(45): CodeIgniter\CodeIgniter->run()
#6 {main}
CRITICAL - 2020-11-28 12:15:23 --> Unable to connect to the database.
#0 C:\xampp\htdocs\Ecommerce\system\Database\BaseConnection.php(646): CodeIgniter\Database\BaseConnection->initialize()
#1 C:\xampp\htdocs\Ecommerce\app\Controllers\Home.php(9): CodeIgniter\Database\BaseConnection->query('SELECT * FROM p...')
#2 C:\xampp\htdocs\Ecommerce\system\CodeIgniter.php(918): App\Controllers\Home->index()
#3 C:\xampp\htdocs\Ecommerce\system\CodeIgniter.php(404): CodeIgniter\CodeIgniter->runController(Object(App\Controllers\Home))
#4 C:\xampp\htdocs\Ecommerce\system\CodeIgniter.php(312): CodeIgniter\CodeIgniter->handleRequest(NULL, Object(Config\Cache), false)
#5 C:\xampp\htdocs\Ecommerce\public\index.php(45): CodeIgniter\CodeIgniter->run()
#6 {main}
CRITICAL - 2020-11-28 12:16:13 --> Unable to connect to the database.
#0 C:\xampp\htdocs\Ecommerce\system\Database\BaseConnection.php(646): CodeIgniter\Database\BaseConnection->initialize()
#1 C:\xampp\htdocs\Ecommerce\app\Controllers\Home.php(9): CodeIgniter\Database\BaseConnection->query('SELECT * FROM p...')
#2 C:\xampp\htdocs\Ecommerce\system\CodeIgniter.php(918): App\Controllers\Home->index()
#3 C:\xampp\htdocs\Ecommerce\system\CodeIgniter.php(404): CodeIgniter\CodeIgniter->runController(Object(App\Controllers\Home))
#4 C:\xampp\htdocs\Ecommerce\system\CodeIgniter.php(312): CodeIgniter\CodeIgniter->handleRequest(NULL, Object(Config\Cache), false)
#5 C:\xampp\htdocs\Ecommerce\public\index.php(45): CodeIgniter\CodeIgniter->run()
#6 {main}
CRITICAL - 2020-11-28 12:16:50 --> Unable to connect to the database.
#0 C:\xampp\htdocs\Ecommerce\system\Database\BaseConnection.php(646): CodeIgniter\Database\BaseConnection->initialize()
#1 C:\xampp\htdocs\Ecommerce\app\Controllers\Home.php(9): CodeIgniter\Database\BaseConnection->query('SELECT * FROM p...')
#2 C:\xampp\htdocs\Ecommerce\system\CodeIgniter.php(918): App\Controllers\Home->index()
#3 C:\xampp\htdocs\Ecommerce\system\CodeIgniter.php(404): CodeIgniter\CodeIgniter->runController(Object(App\Controllers\Home))
#4 C:\xampp\htdocs\Ecommerce\system\CodeIgniter.php(312): CodeIgniter\CodeIgniter->handleRequest(NULL, Object(Config\Cache), false)
#5 C:\xampp\htdocs\Ecommerce\public\index.php(45): CodeIgniter\CodeIgniter->run()
#6 {main}
CRITICAL - 2020-11-28 12:17:00 --> Unable to connect to the database.
#0 C:\xampp\htdocs\Ecommerce\system\Database\BaseConnection.php(646): CodeIgniter\Database\BaseConnection->initialize()
#1 C:\xampp\htdocs\Ecommerce\app\Controllers\Home.php(9): CodeIgniter\Database\BaseConnection->query('SELECT * FROM p...')
#2 C:\xampp\htdocs\Ecommerce\system\CodeIgniter.php(918): App\Controllers\Home->index()
#3 C:\xampp\htdocs\Ecommerce\system\CodeIgniter.php(404): CodeIgniter\CodeIgniter->runController(Object(App\Controllers\Home))
#4 C:\xampp\htdocs\Ecommerce\system\CodeIgniter.php(312): CodeIgniter\CodeIgniter->handleRequest(NULL, Object(Config\Cache), false)
#5 C:\xampp\htdocs\Ecommerce\public\index.php(45): CodeIgniter\CodeIgniter->run()
#6 {main}
CRITICAL - 2020-11-28 18:00:24 --> CodeIgniter\View\View::main(): Failed opening required 'vendor/autoload.php' (include_path='C:\xampp\php\PEAR')
#0 [internal function]: CodeIgniter\Debug\Exceptions->shutdownHandler()
#1 {main}
CRITICAL - 2020-11-28 18:01:42 --> syntax error, unexpected '<', expecting end of file
#0 C:\xampp\htdocs\Ecommerce\system\Common.php(1119): CodeIgniter\View\View->render('payment', Array, true)
#1 C:\xampp\htdocs\Ecommerce\app\Controllers\Payment.php(9): view('payment')
#2 C:\xampp\htdocs\Ecommerce\system\CodeIgniter.php(918): App\Controllers\Payment->index()
#3 C:\xampp\htdocs\Ecommerce\system\CodeIgniter.php(404): CodeIgniter\CodeIgniter->runController(Object(App\Controllers\Payment))
#4 C:\xampp\htdocs\Ecommerce\system\CodeIgniter.php(312): CodeIgniter\CodeIgniter->handleRequest(NULL, Object(Config\Cache), false)
#5 C:\xampp\htdocs\Ecommerce\public\index.php(45): CodeIgniter\CodeIgniter->run()
#6 {main}
CRITICAL - 2020-11-28 18:01:43 --> syntax error, unexpected '<', expecting end of file
#0 C:\xampp\htdocs\Ecommerce\system\Common.php(1119): CodeIgniter\View\View->render('payment', Array, true)
#1 C:\xampp\htdocs\Ecommerce\app\Controllers\Payment.php(9): view('payment')
#2 C:\xampp\htdocs\Ecommerce\system\CodeIgniter.php(918): App\Controllers\Payment->index()
#3 C:\xampp\htdocs\Ecommerce\system\CodeIgniter.php(404): CodeIgniter\CodeIgniter->runController(Object(App\Controllers\Payment))
#4 C:\xampp\htdocs\Ecommerce\system\CodeIgniter.php(312): CodeIgniter\CodeIgniter->handleRequest(NULL, Object(Config\Cache), false)
#5 C:\xampp\htdocs\Ecommerce\public\index.php(45): CodeIgniter\CodeIgniter->run()
#6 {main}
CRITICAL - 2020-11-28 18:01:43 --> syntax error, unexpected '<', expecting end of file
#0 C:\xampp\htdocs\Ecommerce\system\Common.php(1119): CodeIgniter\View\View->render('payment', Array, true)
#1 C:\xampp\htdocs\Ecommerce\app\Controllers\Payment.php(9): view('payment')
#2 C:\xampp\htdocs\Ecommerce\system\CodeIgniter.php(918): App\Controllers\Payment->index()
#3 C:\xampp\htdocs\Ecommerce\system\CodeIgniter.php(404): CodeIgniter\CodeIgniter->runController(Object(App\Controllers\Payment))
#4 C:\xampp\htdocs\Ecommerce\system\CodeIgniter.php(312): CodeIgniter\CodeIgniter->handleRequest(NULL, Object(Config\Cache), false)
#5 C:\xampp\htdocs\Ecommerce\public\index.php(45): CodeIgniter\CodeIgniter->run()
#6 {main}
CRITICAL - 2020-11-28 18:01:47 --> syntax error, unexpected '<', expecting end of file
#0 C:\xampp\htdocs\Ecommerce\system\Common.php(1119): CodeIgniter\View\View->render('payment', Array, true)
#1 C:\xampp\htdocs\Ecommerce\app\Controllers\Payment.php(9): view('payment')
#2 C:\xampp\htdocs\Ecommerce\system\CodeIgniter.php(918): App\Controllers\Payment->index()
#3 C:\xampp\htdocs\Ecommerce\system\CodeIgniter.php(404): CodeIgniter\CodeIgniter->runController(Object(App\Controllers\Payment))
#4 C:\xampp\htdocs\Ecommerce\system\CodeIgniter.php(312): CodeIgniter\CodeIgniter->handleRequest(NULL, Object(Config\Cache), false)
#5 C:\xampp\htdocs\Ecommerce\public\index.php(45): CodeIgniter\CodeIgniter->run()
#6 {main}
CRITICAL - 2020-11-28 18:01:58 --> syntax error, unexpected '<', expecting end of file
#0 C:\xampp\htdocs\Ecommerce\system\Common.php(1119): CodeIgniter\View\View->render('payment', Array, true)
#1 C:\xampp\htdocs\Ecommerce\app\Controllers\Payment.php(9): view('payment')
#2 C:\xampp\htdocs\Ecommerce\system\CodeIgniter.php(918): App\Controllers\Payment->index()
#3 C:\xampp\htdocs\Ecommerce\system\CodeIgniter.php(404): CodeIgniter\CodeIgniter->runController(Object(App\Controllers\Payment))
#4 C:\xampp\htdocs\Ecommerce\system\CodeIgniter.php(312): CodeIgniter\CodeIgniter->handleRequest(NULL, Object(Config\Cache), false)
#5 C:\xampp\htdocs\Ecommerce\public\index.php(45): CodeIgniter\CodeIgniter->run()
#6 {main}
CRITICAL - 2020-11-28 18:03:37 --> CodeIgniter\View\View::main(): Failed opening required 'vendor/autoload.php' (include_path='C:\xampp\php\PEAR')
#0 [internal function]: CodeIgniter\Debug\Exceptions->shutdownHandler()
#1 {main}
CRITICAL - 2020-11-28 18:04:38 --> Class 'GlobalPayments\Api\ServiceConfigs\Gateways\GpEcomConfig' not found
#0 C:\xampp\htdocs\Ecommerce\system\View\View.php(246): include()
#1 C:\xampp\htdocs\Ecommerce\system\Common.php(1119): CodeIgniter\View\View->render('payment', Array, true)
#2 C:\xampp\htdocs\Ecommerce\app\Controllers\Payment.php(9): view('payment')
#3 C:\xampp\htdocs\Ecommerce\system\CodeIgniter.php(918): App\Controllers\Payment->index()
#4 C:\xampp\htdocs\Ecommerce\system\CodeIgniter.php(404): CodeIgniter\CodeIgniter->runController(Object(App\Controllers\Payment))
#5 C:\xampp\htdocs\Ecommerce\system\CodeIgniter.php(312): CodeIgniter\CodeIgniter->handleRequest(NULL, Object(Config\Cache), false)
#6 C:\xampp\htdocs\Ecommerce\public\index.php(45): CodeIgniter\CodeIgniter->run()
#7 {main}
CRITICAL - 2020-11-28 18:04:45 --> CodeIgniter\View\View::main(): Failed opening required '../../vendor/autoload.php' (include_path='C:\xampp\php\PEAR')
#0 [internal function]: CodeIgniter\Debug\Exceptions->shutdownHandler()
#1 {main}
CRITICAL - 2020-11-28 18:04:45 --> CodeIgniter\View\View::main(): Failed opening required '../../vendor/autoload.php' (include_path='C:\xampp\php\PEAR')
#0 [internal function]: CodeIgniter\Debug\Exceptions->shutdownHandler()
#1 {main}
CRITICAL - 2020-11-28 18:04:46 --> CodeIgniter\View\View::main(): Failed opening required '../../vendor/autoload.php' (include_path='C:\xampp\php\PEAR')
#0 [internal function]: CodeIgniter\Debug\Exceptions->shutdownHandler()
#1 {main}
CRITICAL - 2020-11-28 18:04:46 --> CodeIgniter\View\View::main(): Failed opening required '../../vendor/autoload.php' (include_path='C:\xampp\php\PEAR')
#0 [internal function]: CodeIgniter\Debug\Exceptions->shutdownHandler()
#1 {main}
CRITICAL - 2020-11-28 18:04:46 --> CodeIgniter\View\View::main(): Failed opening required '../../vendor/autoload.php' (include_path='C:\xampp\php\PEAR')
#0 [internal function]: CodeIgniter\Debug\Exceptions->shutdownHandler()
#1 {main}
CRITICAL - 2020-11-28 18:04:49 --> CodeIgniter\View\View::main(): Failed opening required '../../vendor/autoload.php' (include_path='C:\xampp\php\PEAR')
#0 [internal function]: CodeIgniter\Debug\Exceptions->shutdownHandler()
#1 {main}
CRITICAL - 2020-11-28 18:06:08 --> CodeIgniter\View\View::main(): Failed opening required 'vendor/autoload.php' (include_path='C:\xampp\php\PEAR')
#0 [internal function]: CodeIgniter\Debug\Exceptions->shutdownHandler()
#1 {main}
CRITICAL - 2020-11-28 18:06:09 --> CodeIgniter\View\View::main(): Failed opening required 'vendor/autoload.php' (include_path='C:\xampp\php\PEAR')
#0 [internal function]: CodeIgniter\Debug\Exceptions->shutdownHandler()
#1 {main}
CRITICAL - 2020-11-28 18:06:09 --> CodeIgniter\View\View::main(): Failed opening required 'vendor/autoload.php' (include_path='C:\xampp\php\PEAR')
#0 [internal function]: CodeIgniter\Debug\Exceptions->shutdownHandler()
#1 {main}
CRITICAL - 2020-11-28 18:07:52 --> Class 'GlobalPayments\Api\ServiceConfigs\Gateways\GpEcomConfig' not found
#0 C:\xampp\htdocs\Ecommerce\system\View\View.php(246): include()
#1 C:\xampp\htdocs\Ecommerce\system\Common.php(1119): CodeIgniter\View\View->render('payment', Array, true)
#2 C:\xampp\htdocs\Ecommerce\app\Controllers\Payment.php(9): view('payment')
#3 C:\xampp\htdocs\Ecommerce\system\CodeIgniter.php(918): App\Controllers\Payment->index()
#4 C:\xampp\htdocs\Ecommerce\system\CodeIgniter.php(404): CodeIgniter\CodeIgniter->runController(Object(App\Controllers\Payment))
#5 C:\xampp\htdocs\Ecommerce\system\CodeIgniter.php(312): CodeIgniter\CodeIgniter->handleRequest(NULL, Object(Config\Cache), false)
#6 C:\xampp\htdocs\Ecommerce\public\index.php(45): CodeIgniter\CodeIgniter->run()
#7 {main}
CRITICAL - 2020-11-28 18:13:03 --> Class 'GlobalPayments\Api\ServiceConfigs\Gateways\GpEcomConfig' not found
#0 C:\xampp\htdocs\Ecommerce\system\View\View.php(246): include()
#1 C:\xampp\htdocs\Ecommerce\system\Common.php(1119): CodeIgniter\View\View->render('payment', Array, true)
#2 C:\xampp\htdocs\Ecommerce\app\Controllers\Payment.php(9): view('payment')
#3 C:\xampp\htdocs\Ecommerce\system\CodeIgniter.php(918): App\Controllers\Payment->index()
#4 C:\xampp\htdocs\Ecommerce\system\CodeIgniter.php(404): CodeIgniter\CodeIgniter->runController(Object(App\Controllers\Payment))
#5 C:\xampp\htdocs\Ecommerce\system\CodeIgniter.php(312): CodeIgniter\CodeIgniter->handleRequest(NULL, Object(Config\Cache), false)
#6 C:\xampp\htdocs\Ecommerce\public\index.php(45): CodeIgniter\CodeIgniter->run()
#7 {main}
CRITICAL - 2020-11-28 18:13:11 --> Class 'GlobalPayments\Api\ServiceConfigs\Gateways\GpEcomConfig' not found
#0 C:\xampp\htdocs\Ecommerce\system\View\View.php(246): include()
#1 C:\xampp\htdocs\Ecommerce\system\Common.php(1119): CodeIgniter\View\View->render('payment', Array, true)
#2 C:\xampp\htdocs\Ecommerce\app\Controllers\Payment.php(9): view('payment')
#3 C:\xampp\htdocs\Ecommerce\system\CodeIgniter.php(918): App\Controllers\Payment->index()
#4 C:\xampp\htdocs\Ecommerce\system\CodeIgniter.php(404): CodeIgniter\CodeIgniter->runController(Object(App\Controllers\Payment))
#5 C:\xampp\htdocs\Ecommerce\system\CodeIgniter.php(312): CodeIgniter\CodeIgniter->handleRequest(NULL, Object(Config\Cache), false)
#6 C:\xampp\htdocs\Ecommerce\public\index.php(45): CodeIgniter\CodeIgniter->run()
#7 {main}
CRITICAL - 2020-11-28 18:53:13 --> CodeIgniter\View\View::main(): Failed opening required '../../vendor/autoload.php' (include_path='C:\xampp\php\PEAR')
#0 [internal function]: CodeIgniter\Debug\Exceptions->shutdownHandler()
#1 {main}
